[ 2015-08-25T13:23:28+08:00 ] 127.0.0.1 /user/ajax_save_bg_survey
INFO: [ app_begin ] --START--
INFO: Run ReadHtmlCache Behavior [ RunTime:0.002121s ]
INFO: Run CheckLang Behavior [ RunTime:0.004631s ]
INFO: [ app_begin ] --END-- [ RunTime:0.007163s ]
NOTIC: [2048] Declaration of UserAction::success() should be compatible with Action::success($message, $jumpUrl = '', $ajax = false) D:\wamp\www\yinxing_pm\Lib\Action\Frontend\UserAction.class.php 第 2 行.
NOTIC: [8192] mysql_connect(): The mysql extension is deprecated and will be removed in the future: use mysqli or PDO instead D:\wamp\www\thinkphp\Lib\Driver\Db\DbMysql.class.php 第 56 行.
SQL: SHOW COLUMNS FROM `options` [ RunTime:0.008439s ]
NOTIC: [8192] preg_replace(): The /e modifier is deprecated, use preg_replace_callback instead D:\wamp\www\thinkphp\Lib\Core\Db.class.php 第 569 行.
SQL: SELECT * FROM `options` WHERE autoload="Y"  [ RunTime:0.000964s ]
SQL: SHOW COLUMNS FROM `custom_columns` [ RunTime:0.006292s ]
NOTIC: [2] Missing argument 1 for CustomColumnsModel::getUserInfoModuleColumns(), called in D:\wamp\www\yinxing_pm\Lib\Action\Frontend\UserAction.class.php on line 10 and defined D:\wamp\www\yinxing_pm\Lib\Model\CustomColumnsModel.class.php 第 64 行.
SQL: SHOW COLUMNS FROM `custom_list_views` [ RunTime:0.005356s ]
SQL: SHOW COLUMNS FROM `user_recommends` [ RunTime:0.005373s ]
NOTIC: [8192] preg_replace(): The /e modifier is deprecated, use preg_replace_callback instead D:\wamp\www\thinkphp\Lib\Core\Db.class.php 第 569 行.
SQL: SELECT `status`,count(*) count FROM `user_recommends` WHERE ( `status` > 1 ) AND ( `bg_survey_user` = 104 ) GROUP BY status  [ RunTime:0.000670s ]
SQL: SHOW COLUMNS FROM `user_statuses` [ RunTime:0.004218s ]
NOTIC: [8192] preg_replace(): The /e modifier is deprecated, use preg_replace_callback instead D:\wamp\www\thinkphp\Lib\Core\Db.class.php 第 569 行.
SQL: SELECT `id`,`name` FROM `user_statuses` WHERE ( `id` > 21 )  [ RunTime:0.000442s ]
NOTIC: [8] Undefined offset: 40 D:\wamp\www\yinxing_pm\Lib\Action\Frontend\UserAction.class.php 第 19 行.
NOTIC: [8] Undefined offset: 60 D:\wamp\www\yinxing_pm\Lib\Action\Frontend\UserAction.class.php 第 19 行.
NOTIC: [8] Undefined offset: 70 D:\wamp\www\yinxing_pm\Lib\Action\Frontend\UserAction.class.php 第 19 行.
NOTIC: [8] Undefined offset: 80 D:\wamp\www\yinxing_pm\Lib\Action\Frontend\UserAction.class.php 第 19 行.
NOTIC: [8] Undefined offset: 90 D:\wamp\www\yinxing_pm\Lib\Action\Frontend\UserAction.class.php 第 19 行.
NOTIC: [8] Undefined offset: 99 D:\wamp\www\yinxing_pm\Lib\Action\Frontend\UserAction.class.php 第 19 行.
NOTIC: [8] Undefined offset: 100 D:\wamp\www\yinxing_pm\Lib\Action\Frontend\UserAction.class.php 第 19 行.
SQL: SHOW COLUMNS FROM `background_survey` [ RunTime:0.003916s ]
NOTIC: [8192] preg_replace(): The /e modifier is deprecated, use preg_replace_callback instead D:\wamp\www\thinkphp\Lib\Core\Db.class.php 第 569 行.
SQL: SELECT * FROM `background_survey` WHERE ( `recommend_id` = 68 ) AND ( `question_id` = 25 )  [ RunTime:0.000477s ]
SQL: UPDATE `background_survey` SET `question_id`=25,`recommend_id`=68,`survey_id`=104,`answer`='',`date`='2015-08-25' WHERE ( `id` = 58 ) [ RunTime:0.160830s ]

[ 2015-08-25T13:23:29+08:00 ] 127.0.0.1 /user/ajax_get_bg_survey_answers
INFO: [ app_begin ] --START--
INFO: Run ReadHtmlCache Behavior [ RunTime:0.000688s ]
INFO: Run CheckLang Behavior [ RunTime:0.003134s ]
INFO: [ app_begin ] --END-- [ RunTime:0.004097s ]
NOTIC: [2048] Declaration of UserAction::success() should be compatible with Action::success($message, $jumpUrl = '', $ajax = false) D:\wamp\www\yinxing_pm\Lib\Action\Frontend\UserAction.class.php 第 2 行.
NOTIC: [8192] mysql_connect(): The mysql extension is deprecated and will be removed in the future: use mysqli or PDO instead D:\wamp\www\thinkphp\Lib\Driver\Db\DbMysql.class.php 第 56 行.
SQL: SHOW COLUMNS FROM `options` [ RunTime:0.004687s ]
NOTIC: [8192] preg_replace(): The /e modifier is deprecated, use preg_replace_callback instead D:\wamp\www\thinkphp\Lib\Core\Db.class.php 第 569 行.
SQL: SELECT * FROM `options` WHERE autoload="Y"  [ RunTime:0.000857s ]
SQL: SHOW COLUMNS FROM `custom_columns` [ RunTime:0.005458s ]
NOTIC: [2] Missing argument 1 for CustomColumnsModel::getUserInfoModuleColumns(), called in D:\wamp\www\yinxing_pm\Lib\Action\Frontend\UserAction.class.php on line 10 and defined D:\wamp\www\yinxing_pm\Lib\Model\CustomColumnsModel.class.php 第 64 行.
SQL: SHOW COLUMNS FROM `custom_list_views` [ RunTime:0.004619s ]
SQL: SHOW COLUMNS FROM `user_recommends` [ RunTime:0.005324s ]
NOTIC: [8192] preg_replace(): The /e modifier is deprecated, use preg_replace_callback instead D:\wamp\www\thinkphp\Lib\Core\Db.class.php 第 569 行.
SQL: SELECT `status`,count(*) count FROM `user_recommends` WHERE ( `status` > 1 ) AND ( `bg_survey_user` = 104 ) GROUP BY status  [ RunTime:0.000943s ]
SQL: SHOW COLUMNS FROM `user_statuses` [ RunTime:0.113760s ]
NOTIC: [8192] preg_replace(): The /e modifier is deprecated, use preg_replace_callback instead D:\wamp\www\thinkphp\Lib\Core\Db.class.php 第 569 行.
SQL: SELECT `id`,`name` FROM `user_statuses` WHERE ( `id` > 21 )  [ RunTime:0.001365s ]
NOTIC: [8] Undefined offset: 40 D:\wamp\www\yinxing_pm\Lib\Action\Frontend\UserAction.class.php 第 19 行.
NOTIC: [8] Undefined offset: 60 D:\wamp\www\yinxing_pm\Lib\Action\Frontend\UserAction.class.php 第 19 行.
NOTIC: [8] Undefined offset: 70 D:\wamp\www\yinxing_pm\Lib\Action\Frontend\UserAction.class.php 第 19 行.
NOTIC: [8] Undefined offset: 80 D:\wamp\www\yinxing_pm\Lib\Action\Frontend\UserAction.class.php 第 19 行.
NOTIC: [8] Undefined offset: 90 D:\wamp\www\yinxing_pm\Lib\Action\Frontend\UserAction.class.php 第 19 行.
NOTIC: [8] Undefined offset: 99 D:\wamp\www\yinxing_pm\Lib\Action\Frontend\UserAction.class.php 第 19 行.
NOTIC: [8] Undefined offset: 100 D:\wamp\www\yinxing_pm\Lib\Action\Frontend\UserAction.class.php 第 19 行.
SQL: SHOW COLUMNS FROM `background_survey` [ RunTime:0.011298s ]
NOTIC: [8192] preg_replace(): The /e modifier is deprecated, use preg_replace_callback instead D:\wamp\www\thinkphp\Lib\Core\Db.class.php 第 569 行.
SQL: SELECT * FROM `background_survey` WHERE ( `recommend_id` = 68 )  [ RunTime:0.001008s ]

[ 2015-08-25T13:24:18+08:00 ] 127.0.0.1 /user/ajax_save_bg_survey
INFO: [ app_begin ] --START--
INFO: Run ReadHtmlCache Behavior [ RunTime:0.001012s ]
INFO: Run CheckLang Behavior [ RunTime:0.002697s ]
INFO: [ app_begin ] --END-- [ RunTime:0.004095s ]
NOTIC: [2048] Declaration of UserAction::success() should be compatible with Action::success($message, $jumpUrl = '', $ajax = false) D:\wamp\www\yinxing_pm\Lib\Action\Frontend\UserAction.class.php 第 2 行.
NOTIC: [8192] mysql_connect(): The mysql extension is deprecated and will be removed in the future: use mysqli or PDO instead D:\wamp\www\thinkphp\Lib\Driver\Db\DbMysql.class.php 第 56 行.
SQL: SHOW COLUMNS FROM `options` [ RunTime:0.004288s ]
NOTIC: [8192] preg_replace(): The /e modifier is deprecated, use preg_replace_callback instead D:\wamp\www\thinkphp\Lib\Core\Db.class.php 第 569 行.
SQL: SELECT * FROM `options` WHERE autoload="Y"  [ RunTime:0.000707s ]
SQL: SHOW COLUMNS FROM `custom_columns` [ RunTime:0.003872s ]
NOTIC: [2] Missing argument 1 for CustomColumnsModel::getUserInfoModuleColumns(), called in D:\wamp\www\yinxing_pm\Lib\Action\Frontend\UserAction.class.php on line 10 and defined D:\wamp\www\yinxing_pm\Lib\Model\CustomColumnsModel.class.php 第 64 行.
SQL: SHOW COLUMNS FROM `custom_list_views` [ RunTime:0.003068s ]
SQL: SHOW COLUMNS FROM `user_recommends` [ RunTime:0.003805s ]
NOTIC: [8192] preg_replace(): The /e modifier is deprecated, use preg_replace_callback instead D:\wamp\www\thinkphp\Lib\Core\Db.class.php 第 569 行.
SQL: SELECT `status`,count(*) count FROM `user_recommends` WHERE ( `status` > 1 ) AND ( `bg_survey_user` = 104 ) GROUP BY status  [ RunTime:0.000573s ]
SQL: SHOW COLUMNS FROM `user_statuses` [ RunTime:0.003723s ]
NOTIC: [8192] preg_replace(): The /e modifier is deprecated, use preg_replace_callback instead D:\wamp\www\thinkphp\Lib\Core\Db.class.php 第 569 行.
SQL: SELECT `id`,`name` FROM `user_statuses` WHERE ( `id` > 21 )  [ RunTime:0.000508s ]
NOTIC: [8] Undefined offset: 40 D:\wamp\www\yinxing_pm\Lib\Action\Frontend\UserAction.class.php 第 19 行.
NOTIC: [8] Undefined offset: 60 D:\wamp\www\yinxing_pm\Lib\Action\Frontend\UserAction.class.php 第 19 行.
NOTIC: [8] Undefined offset: 70 D:\wamp\www\yinxing_pm\Lib\Action\Frontend\UserAction.class.php 第 19 行.
NOTIC: [8] Undefined offset: 80 D:\wamp\www\yinxing_pm\Lib\Action\Frontend\UserAction.class.php 第 19 行.
NOTIC: [8] Undefined offset: 90 D:\wamp\www\yinxing_pm\Lib\Action\Frontend\UserAction.class.php 第 19 行.
NOTIC: [8] Undefined offset: 99 D:\wamp\www\yinxing_pm\Lib\Action\Frontend\UserAction.class.php 第 19 行.
NOTIC: [8] Undefined offset: 100 D:\wamp\www\yinxing_pm\Lib\Action\Frontend\UserAction.class.php 第 19 行.
SQL: SHOW COLUMNS FROM `background_survey` [ RunTime:0.003125s ]
NOTIC: [8192] preg_replace(): The /e modifier is deprecated, use preg_replace_callback instead D:\wamp\www\thinkphp\Lib\Core\Db.class.php 第 569 行.
SQL: SELECT * FROM `background_survey` WHERE ( `recommend_id` = 68 ) AND ( `question_id` = 23 )  [ RunTime:0.000542s ]
SQL: UPDATE `background_survey` SET `question_id`=23,`recommend_id`=68,`survey_id`=104,`answer`='',`date`='2015-08-25' WHERE ( `id` = 56 ) [ RunTime:0.302339s ]

[ 2015-08-25T13:24:18+08:00 ] 127.0.0.1 /user/ajax_save_bg_survey
INFO: [ app_begin ] --START--
INFO: Run ReadHtmlCache Behavior [ RunTime:0.001109s ]
INFO: Run CheckLang Behavior [ RunTime:0.003301s ]
INFO: [ app_begin ] --END-- [ RunTime:0.004804s ]
NOTIC: [2048] Declaration of UserAction::success() should be compatible with Action::success($message, $jumpUrl = '', $ajax = false) D:\wamp\www\yinxing_pm\Lib\Action\Frontend\UserAction.class.php 第 2 行.
NOTIC: [8192] mysql_connect(): The mysql extension is deprecated and will be removed in the future: use mysqli or PDO instead D:\wamp\www\thinkphp\Lib\Driver\Db\DbMysql.class.php 第 56 行.
SQL: SHOW COLUMNS FROM `options` [ RunTime:0.005262s ]
NOTIC: [8192] preg_replace(): The /e modifier is deprecated, use preg_replace_callback instead D:\wamp\www\thinkphp\Lib\Core\Db.class.php 第 569 行.
SQL: SELECT * FROM `options` WHERE autoload="Y"  [ RunTime:0.000633s ]
SQL: SHOW COLUMNS FROM `custom_columns` [ RunTime:0.190850s ]
NOTIC: [2] Missing argument 1 for CustomColumnsModel::getUserInfoModuleColumns(), called in D:\wamp\www\yinxing_pm\Lib\Action\Frontend\UserAction.class.php on line 10 and defined D:\wamp\www\yinxing_pm\Lib\Model\CustomColumnsModel.class.php 第 64 行.
SQL: SHOW COLUMNS FROM `custom_list_views` [ RunTime:0.016029s ]
SQL: SHOW COLUMNS FROM `user_recommends` [ RunTime:0.008322s ]
NOTIC: [8192] preg_replace(): The /e modifier is deprecated, use preg_replace_callback instead D:\wamp\www\thinkphp\Lib\Core\Db.class.php 第 569 行.
SQL: SELECT `status`,count(*) count FROM `user_recommends` WHERE ( `status` > 1 ) AND ( `bg_survey_user` = 104 ) GROUP BY status  [ RunTime:0.000979s ]
SQL: SHOW COLUMNS FROM `user_statuses` [ RunTime:0.008294s ]
NOTIC: [8192] preg_replace(): The /e modifier is deprecated, use preg_replace_callback instead D:\wamp\www\thinkphp\Lib\Core\Db.class.php 第 569 行.
SQL: SELECT `id`,`name` FROM `user_statuses` WHERE ( `id` > 21 )  [ RunTime:0.000939s ]
NOTIC: [8] Undefined offset: 40 D:\wamp\www\yinxing_pm\Lib\Action\Frontend\UserAction.class.php 第 19 行.
NOTIC: [8] Undefined offset: 60 D:\wamp\www\yinxing_pm\Lib\Action\Frontend\UserAction.class.php 第 19 行.
NOTIC: [8] Undefined offset: 70 D:\wamp\www\yinxing_pm\Lib\Action\Frontend\UserAction.class.php 第 19 行.
NOTIC: [8] Undefined offset: 80 D:\wamp\www\yinxing_pm\Lib\Action\Frontend\UserAction.class.php 第 19 行.
NOTIC: [8] Undefined offset: 90 D:\wamp\www\yinxing_pm\Lib\Action\Frontend\UserAction.class.php 第 19 行.
NOTIC: [8] Undefined offset: 99 D:\wamp\www\yinxing_pm\Lib\Action\Frontend\UserAction.class.php 第 19 行.
NOTIC: [8] Undefined offset: 100 D:\wamp\www\yinxing_pm\Lib\Action\Frontend\UserAction.class.php 第 19 行.
SQL: SHOW COLUMNS FROM `background_survey` [ RunTime:0.004767s ]
NOTIC: [8192] preg_replace(): The /e modifier is deprecated, use preg_replace_callback instead D:\wamp\www\thinkphp\Lib\Core\Db.class.php 第 569 行.
SQL: SELECT * FROM `background_survey` WHERE ( `recommend_id` = 68 ) AND ( `question_id` = 24 )  [ RunTime:0.000734s ]
SQL: UPDATE `background_survey` SET `question_id`=24,`recommend_id`=68,`survey_id`=104,`answer`='',`date`='2015-08-25' WHERE ( `id` = 57 ) [ RunTime:0.233774s ]

[ 2015-08-25T13:24:19+08:00 ] 127.0.0.1 /user/ajax_save_bg_survey
INFO: [ app_begin ] --START--
INFO: Run ReadHtmlCache Behavior [ RunTime:0.001615s ]
INFO: Run CheckLang Behavior [ RunTime:0.004496s ]
INFO: [ app_begin ] --END-- [ RunTime:0.006697s ]
NOTIC: [2048] Declaration of UserAction::success() should be compatible with Action::success($message, $jumpUrl = '', $ajax = false) D:\wamp\www\yinxing_pm\Lib\Action\Frontend\UserAction.class.php 第 2 行.
NOTIC: [8192] mysql_connect(): The mysql extension is deprecated and will be removed in the future: use mysqli or PDO instead D:\wamp\www\thinkphp\Lib\Driver\Db\DbMysql.class.php 第 56 行.
SQL: SHOW COLUMNS FROM `options` [ RunTime:0.004051s ]
NOTIC: [8192] preg_replace(): The /e modifier is deprecated, use preg_replace_callback instead D:\wamp\www\thinkphp\Lib\Core\Db.class.php 第 569 行.
SQL: SELECT * FROM `options` WHERE autoload="Y"  [ RunTime:0.000516s ]
SQL: SHOW COLUMNS FROM `custom_columns` [ RunTime:0.003317s ]
NOTIC: [2] Missing argument 1 for CustomColumnsModel::getUserInfoModuleColumns(), called in D:\wamp\www\yinxing_pm\Lib\Action\Frontend\UserAction.class.php on line 10 and defined D:\wamp\www\yinxing_pm\Lib\Model\CustomColumnsModel.class.php 第 64 行.
SQL: SHOW COLUMNS FROM `custom_list_views` [ RunTime:0.002906s ]
SQL: SHOW COLUMNS FROM `user_recommends` [ RunTime:0.004454s ]
NOTIC: [8192] preg_replace(): The /e modifier is deprecated, use preg_replace_callback instead D:\wamp\www\thinkphp\Lib\Core\Db.class.php 第 569 行.
SQL: SELECT `status`,count(*) count FROM `user_recommends` WHERE ( `status` > 1 ) AND ( `bg_survey_user` = 104 ) GROUP BY status  [ RunTime:0.000582s ]
SQL: SHOW COLUMNS FROM `user_statuses` [ RunTime:0.004508s ]
NOTIC: [8192] preg_replace(): The /e modifier is deprecated, use preg_replace_callback instead D:\wamp\www\thinkphp\Lib\Core\Db.class.php 第 569 行.
SQL: SELECT `id`,`name` FROM `user_statuses` WHERE ( `id` > 21 )  [ RunTime:0.000529s ]
NOTIC: [8] Undefined offset: 40 D:\wamp\www\yinxing_pm\Lib\Action\Frontend\UserAction.class.php 第 19 行.
NOTIC: [8] Undefined offset: 60 D:\wamp\www\yinxing_pm\Lib\Action\Frontend\UserAction.class.php 第 19 行.
NOTIC: [8] Undefined offset: 70 D:\wamp\www\yinxing_pm\Lib\Action\Frontend\UserAction.class.php 第 19 行.
NOTIC: [8] Undefined offset: 80 D:\wamp\www\yinxing_pm\Lib\Action\Frontend\UserAction.class.php 第 19 行.
NOTIC: [8] Undefined offset: 90 D:\wamp\www\yinxing_pm\Lib\Action\Frontend\UserAction.class.php 第 19 行.
NOTIC: [8] Undefined offset: 99 D:\wamp\www\yinxing_pm\Lib\Action\Frontend\UserAction.class.php 第 19 行.
NOTIC: [8] Undefined offset: 100 D:\wamp\www\yinxing_pm\Lib\Action\Frontend\UserAction.class.php 第 19 行.
SQL: SHOW COLUMNS FROM `background_survey` [ RunTime:0.003819s ]
NOTIC: [8192] preg_replace(): The /e modifier is deprecated, use preg_replace_callback instead D:\wamp\www\thinkphp\Lib\Core\Db.class.php 第 569 行.
SQL: SELECT * FROM `background_survey` WHERE ( `recommend_id` = 68 ) AND ( `question_id` = 25 )  [ RunTime:0.000469s ]
SQL: UPDATE `background_survey` SET `question_id`=25,`recommend_id`=68,`survey_id`=104,`answer`='',`date`='2015-08-25' WHERE ( `id` = 58 ) [ RunTime:0.212854s ]

[ 2015-08-25T13:24:19+08:00 ] 127.0.0.1 /user/ajax_get_bg_survey_answers
INFO: [ app_begin ] --START--
INFO: Run ReadHtmlCache Behavior [ RunTime:0.001266s ]
INFO: Run CheckLang Behavior [ RunTime:0.003010s ]
INFO: [ app_begin ] --END-- [ RunTime:0.004676s ]
NOTIC: [2048] Declaration of UserAction::success() should be compatible with Action::success($message, $jumpUrl = '', $ajax = false) D:\wamp\www\yinxing_pm\Lib\Action\Frontend\UserAction.class.php 第 2 行.
NOTIC: [8192] mysql_connect(): The mysql extension is deprecated and will be removed in the future: use mysqli or PDO instead D:\wamp\www\thinkphp\Lib\Driver\Db\DbMysql.class.php 第 56 行.
SQL: SHOW COLUMNS FROM `options` [ RunTime:0.005510s ]
NOTIC: [8192] preg_replace(): The /e modifier is deprecated, use preg_replace_callback instead D:\wamp\www\thinkphp\Lib\Core\Db.class.php 第 569 行.
SQL: SELECT * FROM `options` WHERE autoload="Y"  [ RunTime:0.000779s ]
SQL: SHOW COLUMNS FROM `custom_columns` [ RunTime:0.005620s ]
NOTIC: [2] Missing argument 1 for CustomColumnsModel::getUserInfoModuleColumns(), called in D:\wamp\www\yinxing_pm\Lib\Action\Frontend\UserAction.class.php on line 10 and defined D:\wamp\www\yinxing_pm\Lib\Model\CustomColumnsModel.class.php 第 64 行.
SQL: SHOW COLUMNS FROM `custom_list_views` [ RunTime:0.006128s ]
SQL: SHOW COLUMNS FROM `user_recommends` [ RunTime:0.006765s ]
NOTIC: [8192] preg_replace(): The /e modifier is deprecated, use preg_replace_callback instead D:\wamp\www\thinkphp\Lib\Core\Db.class.php 第 569 行.
SQL: SELECT `status`,count(*) count FROM `user_recommends` WHERE ( `status` > 1 ) AND ( `bg_survey_user` = 104 ) GROUP BY status  [ RunTime:0.000884s ]
SQL: SHOW COLUMNS FROM `user_statuses` [ RunTime:0.003732s ]
NOTIC: [8192] preg_replace(): The /e modifier is deprecated, use preg_replace_callback instead D:\wamp\www\thinkphp\Lib\Core\Db.class.php 第 569 行.
SQL: SELECT `id`,`name` FROM `user_statuses` WHERE ( `id` > 21 )  [ RunTime:0.000433s ]
NOTIC: [8] Undefined offset: 40 D:\wamp\www\yinxing_pm\Lib\Action\Frontend\UserAction.class.php 第 19 行.
NOTIC: [8] Undefined offset: 60 D:\wamp\www\yinxing_pm\Lib\Action\Frontend\UserAction.class.php 第 19 行.
NOTIC: [8] Undefined offset: 70 D:\wamp\www\yinxing_pm\Lib\Action\Frontend\UserAction.class.php 第 19 行.
NOTIC: [8] Undefined offset: 80 D:\wamp\www\yinxing_pm\Lib\Action\Frontend\UserAction.class.php 第 19 行.
NOTIC: [8] Undefined offset: 90 D:\wamp\www\yinxing_pm\Lib\Action\Frontend\UserAction.class.php 第 19 行.
NOTIC: [8] Undefined offset: 99 D:\wamp\www\yinxing_pm\Lib\Action\Frontend\UserAction.class.php 第 19 行.
NOTIC: [8] Undefined offset: 100 D:\wamp\www\yinxing_pm\Lib\Action\Frontend\UserAction.class.php 第 19 行.
SQL: SHOW COLUMNS FROM `background_survey` [ RunTime:0.003148s ]
NOTIC: [8192] preg_replace(): The /e modifier is deprecated, use preg_replace_callback instead D:\wamp\www\thinkphp\Lib\Core\Db.class.php 第 569 行.
SQL: SELECT * FROM `background_survey` WHERE ( `recommend_id` = 68 )  [ RunTime:0.000474s ]

[ 2015-08-25T13:25:08+08:00 ] 127.0.0.1 /user/ajax_save_bg_survey
INFO: [ app_begin ] --START--
INFO: Run ReadHtmlCache Behavior [ RunTime:0.000989s ]
INFO: Run CheckLang Behavior [ RunTime:0.004060s ]
INFO: [ app_begin ] --END-- [ RunTime:0.005405s ]
NOTIC: [2048] Declaration of UserAction::success() should be compatible with Action::success($message, $jumpUrl = '', $ajax = false) D:\wamp\www\yinxing_pm\Lib\Action\Frontend\UserAction.class.php 第 2 行.
NOTIC: [8192] mysql_connect(): The mysql extension is deprecated and will be removed in the future: use mysqli or PDO instead D:\wamp\www\thinkphp\Lib\Driver\Db\DbMysql.class.php 第 56 行.
SQL: SHOW COLUMNS FROM `options` [ RunTime:0.004415s ]
NOTIC: [8192] preg_replace(): The /e modifier is deprecated, use preg_replace_callback instead D:\wamp\www\thinkphp\Lib\Core\Db.class.php 第 569 行.
SQL: SELECT * FROM `options` WHERE autoload="Y"  [ RunTime:0.000474s ]
SQL: SHOW COLUMNS FROM `custom_columns` [ RunTime:0.091273s ]
NOTIC: [2] Missing argument 1 for CustomColumnsModel::getUserInfoModuleColumns(), called in D:\wamp\www\yinxing_pm\Lib\Action\Frontend\UserAction.class.php on line 10 and defined D:\wamp\www\yinxing_pm\Lib\Model\CustomColumnsModel.class.php 第 64 行.
SQL: SHOW COLUMNS FROM `custom_list_views` [ RunTime:0.003032s ]
SQL: SHOW COLUMNS FROM `user_recommends` [ RunTime:0.003724s ]
NOTIC: [8192] preg_replace(): The /e modifier is deprecated, use preg_replace_callback instead D:\wamp\www\thinkphp\Lib\Core\Db.class.php 第 569 行.
SQL: SELECT `status`,count(*) count FROM `user_recommends` WHERE ( `status` > 1 ) AND ( `bg_survey_user` = 104 ) GROUP BY status  [ RunTime:0.000637s ]
SQL: SHOW COLUMNS FROM `user_statuses` [ RunTime:0.003416s ]
NOTIC: [8192] preg_replace(): The /e modifier is deprecated, use preg_replace_callback instead D:\wamp\www\thinkphp\Lib\Core\Db.class.php 第 569 行.
SQL: SELECT `id`,`name` FROM `user_statuses` WHERE ( `id` > 21 )  [ RunTime:0.000409s ]
NOTIC: [8] Undefined offset: 40 D:\wamp\www\yinxing_pm\Lib\Action\Frontend\UserAction.class.php 第 19 行.
NOTIC: [8] Undefined offset: 60 D:\wamp\www\yinxing_pm\Lib\Action\Frontend\UserAction.class.php 第 19 行.
NOTIC: [8] Undefined offset: 70 D:\wamp\www\yinxing_pm\Lib\Action\Frontend\UserAction.class.php 第 19 行.
NOTIC: [8] Undefined offset: 80 D:\wamp\www\yinxing_pm\Lib\Action\Frontend\UserAction.class.php 第 19 行.
NOTIC: [8] Undefined offset: 90 D:\wamp\www\yinxing_pm\Lib\Action\Frontend\UserAction.class.php 第 19 行.
NOTIC: [8] Undefined offset: 99 D:\wamp\www\yinxing_pm\Lib\Action\Frontend\UserAction.class.php 第 19 行.
NOTIC: [8] Undefined offset: 100 D:\wamp\www\yinxing_pm\Lib\Action\Frontend\UserAction.class.php 第 19 行.
SQL: SHOW COLUMNS FROM `background_survey` [ RunTime:0.003380s ]
NOTIC: [8192] preg_replace(): The /e modifier is deprecated, use preg_replace_callback instead D:\wamp\www\thinkphp\Lib\Core\Db.class.php 第 569 行.
SQL: SELECT * FROM `background_survey` WHERE ( `recommend_id` = 68 ) AND ( `question_id` = 24 )  [ RunTime:0.000476s ]
SQL: UPDATE `background_survey` SET `question_id`=24,`recommend_id`=68,`survey_id`=104,`answer`='',`date`='2015-08-25' WHERE ( `id` = 57 ) [ RunTime:0.219009s ]

[ 2015-08-25T13:25:08+08:00 ] 127.0.0.1 /user/ajax_save_bg_survey
INFO: [ app_begin ] --START--
INFO: Run ReadHtmlCache Behavior [ RunTime:0.001377s ]
INFO: Run CheckLang Behavior [ RunTime:0.003131s ]
INFO: [ app_begin ] --END-- [ RunTime:0.004960s ]
NOTIC: [2048] Declaration of UserAction::success() should be compatible with Action::success($message, $jumpUrl = '', $ajax = false) D:\wamp\www\yinxing_pm\Lib\Action\Frontend\UserAction.class.php 第 2 行.
NOTIC: [8192] mysql_connect(): The mysql extension is deprecated and will be removed in the future: use mysqli or PDO instead D:\wamp\www\thinkphp\Lib\Driver\Db\DbMysql.class.php 第 56 行.
SQL: SHOW COLUMNS FROM `options` [ RunTime:0.005151s ]
NOTIC: [8192] preg_replace(): The /e modifier is deprecated, use preg_replace_callback instead D:\wamp\www\thinkphp\Lib\Core\Db.class.php 第 569 行.
SQL: SELECT * FROM `options` WHERE autoload="Y"  [ RunTime:0.000673s ]
SQL: SHOW COLUMNS FROM `custom_columns` [ RunTime:0.005177s ]
NOTIC: [2] Missing argument 1 for CustomColumnsModel::getUserInfoModuleColumns(), called in D:\wamp\www\yinxing_pm\Lib\Action\Frontend\UserAction.class.php on line 10 and defined D:\wamp\www\yinxing_pm\Lib\Model\CustomColumnsModel.class.php 第 64 行.
SQL: SHOW COLUMNS FROM `custom_list_views` [ RunTime:0.004190s ]
SQL: SHOW COLUMNS FROM `user_recommends` [ RunTime:0.004249s ]
NOTIC: [8192] preg_replace(): The /e modifier is deprecated, use preg_replace_callback instead D:\wamp\www\thinkphp\Lib\Core\Db.class.php 第 569 行.
SQL: SELECT `status`,count(*) count FROM `user_recommends` WHERE ( `status` > 1 ) AND ( `bg_survey_user` = 104 ) GROUP BY status  [ RunTime:0.000690s ]
SQL: SHOW COLUMNS FROM `user_statuses` [ RunTime:0.004788s ]
NOTIC: [8192] preg_replace(): The /e modifier is deprecated, use preg_replace_callback instead D:\wamp\www\thinkphp\Lib\Core\Db.class.php 第 569 行.
SQL: SELECT `id`,`name` FROM `user_statuses` WHERE ( `id` > 21 )  [ RunTime:0.000407s ]
NOTIC: [8] Undefined offset: 40 D:\wamp\www\yinxing_pm\Lib\Action\Frontend\UserAction.class.php 第 19 行.
NOTIC: [8] Undefined offset: 60 D:\wamp\www\yinxing_pm\Lib\Action\Frontend\UserAction.class.php 第 19 行.
NOTIC: [8] Undefined offset: 70 D:\wamp\www\yinxing_pm\Lib\Action\Frontend\UserAction.class.php 第 19 行.
NOTIC: [8] Undefined offset: 80 D:\wamp\www\yinxing_pm\Lib\Action\Frontend\UserAction.class.php 第 19 行.
NOTIC: [8] Undefined offset: 90 D:\wamp\www\yinxing_pm\Lib\Action\Frontend\UserAction.class.php 第 19 行.
NOTIC: [8] Undefined offset: 99 D:\wamp\www\yinxing_pm\Lib\Action\Frontend\UserAction.class.php 第 19 行.
NOTIC: [8] Undefined offset: 100 D:\wamp\www\yinxing_pm\Lib\Action\Frontend\UserAction.class.php 第 19 行.
SQL: SHOW COLUMNS FROM `background_survey` [ RunTime:0.003585s ]
NOTIC: [8192] preg_replace(): The /e modifier is deprecated, use preg_replace_callback instead D:\wamp\www\thinkphp\Lib\Core\Db.class.php 第 569 行.
SQL: SELECT * FROM `background_survey` WHERE ( `recommend_id` = 68 ) AND ( `question_id` = 25 )  [ RunTime:0.000458s ]
SQL: UPDATE `background_survey` SET `question_id`=25,`recommend_id`=68,`survey_id`=104,`answer`='',`date`='2015-08-25' WHERE ( `id` = 58 ) [ RunTime:0.123849s ]

[ 2015-08-25T13:25:08+08:00 ] 127.0.0.1 /user/ajax_get_bg_survey_answers
INFO: [ app_begin ] --START--
INFO: Run ReadHtmlCache Behavior [ RunTime:0.001176s ]
INFO: Run CheckLang Behavior [ RunTime:0.003148s ]
INFO: [ app_begin ] --END-- [ RunTime:0.005269s ]
NOTIC: [2048] Declaration of UserAction::success() should be compatible with Action::success($message, $jumpUrl = '', $ajax = false) D:\wamp\www\yinxing_pm\Lib\Action\Frontend\UserAction.class.php 第 2 行.
NOTIC: [8192] mysql_connect(): The mysql extension is deprecated and will be removed in the future: use mysqli or PDO instead D:\wamp\www\thinkphp\Lib\Driver\Db\DbMysql.class.php 第 56 行.
SQL: SHOW COLUMNS FROM `options` [ RunTime:0.004630s ]
NOTIC: [8192] preg_replace(): The /e modifier is deprecated, use preg_replace_callback instead D:\wamp\www\thinkphp\Lib\Core\Db.class.php 第 569 行.
SQL: SELECT * FROM `options` WHERE autoload="Y"  [ RunTime:0.000696s ]
SQL: SHOW COLUMNS FROM `custom_columns` [ RunTime:0.003777s ]
NOTIC: [2] Missing argument 1 for CustomColumnsModel::getUserInfoModuleColumns(), called in D:\wamp\www\yinxing_pm\Lib\Action\Frontend\UserAction.class.php on line 10 and defined D:\wamp\www\yinxing_pm\Lib\Model\CustomColumnsModel.class.php 第 64 行.
SQL: SHOW COLUMNS FROM `custom_list_views` [ RunTime:0.004044s ]
SQL: SHOW COLUMNS FROM `user_recommends` [ RunTime:0.005064s ]
NOTIC: [8192] preg_replace(): The /e modifier is deprecated, use preg_replace_callback instead D:\wamp\www\thinkphp\Lib\Core\Db.class.php 第 569 行.
SQL: SELECT `status`,count(*) count FROM `user_recommends` WHERE ( `status` > 1 ) AND ( `bg_survey_user` = 104 ) GROUP BY status  [ RunTime:0.000733s ]
SQL: SHOW COLUMNS FROM `user_statuses` [ RunTime:0.005038s ]
NOTIC: [8192] preg_replace(): The /e modifier is deprecated, use preg_replace_callback instead D:\wamp\www\thinkphp\Lib\Core\Db.class.php 第 569 行.
SQL: SELECT `id`,`name` FROM `user_statuses` WHERE ( `id` > 21 )  [ RunTime:0.000485s ]
NOTIC: [8] Undefined offset: 40 D:\wamp\www\yinxing_pm\Lib\Action\Frontend\UserAction.class.php 第 19 行.
NOTIC: [8] Undefined offset: 60 D:\wamp\www\yinxing_pm\Lib\Action\Frontend\UserAction.class.php 第 19 行.
NOTIC: [8] Undefined offset: 70 D:\wamp\www\yinxing_pm\Lib\Action\Frontend\UserAction.class.php 第 19 行.
NOTIC: [8] Undefined offset: 80 D:\wamp\www\yinxing_pm\Lib\Action\Frontend\UserAction.class.php 第 19 行.
NOTIC: [8] Undefined offset: 90 D:\wamp\www\yinxing_pm\Lib\Action\Frontend\UserAction.class.php 第 19 行.
NOTIC: [8] Undefined offset: 99 D:\wamp\www\yinxing_pm\Lib\Action\Frontend\UserAction.class.php 第 19 行.
NOTIC: [8] Undefined offset: 100 D:\wamp\www\yinxing_pm\Lib\Action\Frontend\UserAction.class.php 第 19 行.
SQL: SHOW COLUMNS FROM `background_survey` [ RunTime:0.004236s ]
NOTIC: [8192] preg_replace(): The /e modifier is deprecated, use preg_replace_callback instead D:\wamp\www\thinkphp\Lib\Core\Db.class.php 第 569 行.
SQL: SELECT * FROM `background_survey` WHERE ( `recommend_id` = 68 )  [ RunTime:0.000592s ]

[ 2015-08-25T13:25:08+08:00 ] 127.0.0.1 /user/ajax_save_bg_survey
INFO: [ app_begin ] --START--
INFO: Run ReadHtmlCache Behavior [ RunTime:0.006319s ]
INFO: Run CheckLang Behavior [ RunTime:0.003627s ]
INFO: [ app_begin ] --END-- [ RunTime:0.010327s ]
NOTIC: [2048] Declaration of UserAction::success() should be compatible with Action::success($message, $jumpUrl = '', $ajax = false) D:\wamp\www\yinxing_pm\Lib\Action\Frontend\UserAction.class.php 第 2 行.
NOTIC: [8192] mysql_connect(): The mysql extension is deprecated and will be removed in the future: use mysqli or PDO instead D:\wamp\www\thinkphp\Lib\Driver\Db\DbMysql.class.php 第 56 行.
SQL: SHOW COLUMNS FROM `options` [ RunTime:0.004438s ]
NOTIC: [8192] preg_replace(): The /e modifier is deprecated, use preg_replace_callback instead D:\wamp\www\thinkphp\Lib\Core\Db.class.php 第 569 行.
SQL: SELECT * FROM `options` WHERE autoload="Y"  [ RunTime:0.000806s ]
SQL: SHOW COLUMNS FROM `custom_columns` [ RunTime:0.003791s ]
NOTIC: [2] Missing argument 1 for CustomColumnsModel::getUserInfoModuleColumns(), called in D:\wamp\www\yinxing_pm\Lib\Action\Frontend\UserAction.class.php on line 10 and defined D:\wamp\www\yinxing_pm\Lib\Model\CustomColumnsModel.class.php 第 64 行.
SQL: SHOW COLUMNS FROM `custom_list_views` [ RunTime:0.004168s ]
SQL: SHOW COLUMNS FROM `user_recommends` [ RunTime:0.003785s ]
NOTIC: [8192] preg_replace(): The /e modifier is deprecated, use preg_replace_callback instead D:\wamp\www\thinkphp\Lib\Core\Db.class.php 第 569 行.
SQL: SELECT `status`,count(*) count FROM `user_recommends` WHERE ( `status` > 1 ) AND ( `bg_survey_user` = 104 ) GROUP BY status  [ RunTime:0.000537s ]
SQL: SHOW COLUMNS FROM `user_statuses` [ RunTime:0.003937s ]
NOTIC: [8192] preg_replace(): The /e modifier is deprecated, use preg_replace_callback instead D:\wamp\www\thinkphp\Lib\Core\Db.class.php 第 569 行.
SQL: SELECT `id`,`name` FROM `user_statuses` WHERE ( `id` > 21 )  [ RunTime:0.000699s ]
NOTIC: [8] Undefined offset: 40 D:\wamp\www\yinxing_pm\Lib\Action\Frontend\UserAction.class.php 第 19 行.
NOTIC: [8] Undefined offset: 60 D:\wamp\www\yinxing_pm\Lib\Action\Frontend\UserAction.class.php 第 19 行.
NOTIC: [8] Undefined offset: 70 D:\wamp\www\yinxing_pm\Lib\Action\Frontend\UserAction.class.php 第 19 行.
NOTIC: [8] Undefined offset: 80 D:\wamp\www\yinxing_pm\Lib\Action\Frontend\UserAction.class.php 第 19 行.
NOTIC: [8] Undefined offset: 90 D:\wamp\www\yinxing_pm\Lib\Action\Frontend\UserAction.class.php 第 19 行.
NOTIC: [8] Undefined offset: 99 D:\wamp\www\yinxing_pm\Lib\Action\Frontend\UserAction.class.php 第 19 行.
NOTIC: [8] Undefined offset: 100 D:\wamp\www\yinxing_pm\Lib\Action\Frontend\UserAction.class.php 第 19 行.
SQL: SHOW COLUMNS FROM `background_survey` [ RunTime:0.004041s ]
NOTIC: [8192] preg_replace(): The /e modifier is deprecated, use preg_replace_callback instead D:\wamp\www\thinkphp\Lib\Core\Db.class.php 第 569 行.
SQL: SELECT * FROM `background_survey` WHERE ( `recommend_id` = 68 ) AND ( `question_id` = 23 )  [ RunTime:0.000534s ]
SQL: UPDATE `background_survey` SET `question_id`=23,`recommend_id`=68,`survey_id`=104,`answer`='',`date`='2015-08-25' WHERE ( `id` = 56 ) [ RunTime:0.163324s ]

[ 2015-08-25T13:25:58+08:00 ] 127.0.0.1 /user/ajax_save_bg_survey
INFO: [ app_begin ] --START--
INFO: Run ReadHtmlCache Behavior [ RunTime:0.000978s ]
INFO: Run CheckLang Behavior [ RunTime:0.002939s ]
INFO: [ app_begin ] --END-- [ RunTime:0.004291s ]
NOTIC: [2048] Declaration of UserAction::success() should be compatible with Action::success($message, $jumpUrl = '', $ajax = false) D:\wamp\www\yinxing_pm\Lib\Action\Frontend\UserAction.class.php 第 2 行.
NOTIC: [8192] mysql_connect(): The mysql extension is deprecated and will be removed in the future: use mysqli or PDO instead D:\wamp\www\thinkphp\Lib\Driver\Db\DbMysql.class.php 第 56 行.
SQL: SHOW COLUMNS FROM `options` [ RunTime:0.024789s ]
NOTIC: [8192] preg_replace(): The /e modifier is deprecated, use preg_replace_callback instead D:\wamp\www\thinkphp\Lib\Core\Db.class.php 第 569 行.
SQL: SELECT * FROM `options` WHERE autoload="Y"  [ RunTime:0.000564s ]
SQL: SHOW COLUMNS FROM `custom_columns` [ RunTime:0.004010s ]
NOTIC: [2] Missing argument 1 for CustomColumnsModel::getUserInfoModuleColumns(), called in D:\wamp\www\yinxing_pm\Lib\Action\Frontend\UserAction.class.php on line 10 and defined D:\wamp\www\yinxing_pm\Lib\Model\CustomColumnsModel.class.php 第 64 行.
SQL: SHOW COLUMNS FROM `custom_list_views` [ RunTime:0.003533s ]
SQL: SHOW COLUMNS FROM `user_recommends` [ RunTime:0.003596s ]
NOTIC: [8192] preg_replace(): The /e modifier is deprecated, use preg_replace_callback instead D:\wamp\www\thinkphp\Lib\Core\Db.class.php 第 569 行.
SQL: SELECT `status`,count(*) count FROM `user_recommends` WHERE ( `status` > 1 ) AND ( `bg_survey_user` = 104 ) GROUP BY status  [ RunTime:0.001110s ]
SQL: SHOW COLUMNS FROM `user_statuses` [ RunTime:0.005343s ]
NOTIC: [8192] preg_replace(): The /e modifier is deprecated, use preg_replace_callback instead D:\wamp\www\thinkphp\Lib\Core\Db.class.php 第 569 行.
SQL: SELECT `id`,`name` FROM `user_statuses` WHERE ( `id` > 21 )  [ RunTime:0.000460s ]
NOTIC: [8] Undefined offset: 40 D:\wamp\www\yinxing_pm\Lib\Action\Frontend\UserAction.class.php 第 19 行.
NOTIC: [8] Undefined offset: 60 D:\wamp\www\yinxing_pm\Lib\Action\Frontend\UserAction.class.php 第 19 行.
NOTIC: [8] Undefined offset: 70 D:\wamp\www\yinxing_pm\Lib\Action\Frontend\UserAction.class.php 第 19 行.
NOTIC: [8] Undefined offset: 80 D:\wamp\www\yinxing_pm\Lib\Action\Frontend\UserAction.class.php 第 19 行.
NOTIC: [8] Undefined offset: 90 D:\wamp\www\yinxing_pm\Lib\Action\Frontend\UserAction.class.php 第 19 行.
NOTIC: [8] Undefined offset: 99 D:\wamp\www\yinxing_pm\Lib\Action\Frontend\UserAction.class.php 第 19 行.
NOTIC: [8] Undefined offset: 100 D:\wamp\www\yinxing_pm\Lib\Action\Frontend\UserAction.class.php 第 19 行.
SQL: SHOW COLUMNS FROM `background_survey` [ RunTime:0.004031s ]
NOTIC: [8192] preg_replace(): The /e modifier is deprecated, use preg_replace_callback instead D:\wamp\www\thinkphp\Lib\Core\Db.class.php 第 569 行.
SQL: SELECT * FROM `background_survey` WHERE ( `recommend_id` = 68 ) AND ( `question_id` = 24 )  [ RunTime:0.000483s ]
SQL: UPDATE `background_survey` SET `question_id`=24,`recommend_id`=68,`survey_id`=104,`answer`='',`date`='2015-08-25' WHERE ( `id` = 57 ) [ RunTime:0.138393s ]

[ 2015-08-25T13:25:58+08:00 ] 127.0.0.1 /user/ajax_save_bg_survey
INFO: [ app_begin ] --START--
INFO: Run ReadHtmlCache Behavior [ RunTime:0.001052s ]
INFO: Run CheckLang Behavior [ RunTime:0.002998s ]
INFO: [ app_begin ] --END-- [ RunTime:0.004411s ]
NOTIC: [2048] Declaration of UserAction::success() should be compatible with Action::success($message, $jumpUrl = '', $ajax = false) D:\wamp\www\yinxing_pm\Lib\Action\Frontend\UserAction.class.php 第 2 行.
NOTIC: [8192] mysql_connect(): The mysql extension is deprecated and will be removed in the future: use mysqli or PDO instead D:\wamp\www\thinkphp\Lib\Driver\Db\DbMysql.class.php 第 56 行.
SQL: SHOW COLUMNS FROM `options` [ RunTime:0.003821s ]
NOTIC: [8192] preg_replace(): The /e modifier is deprecated, use preg_replace_callback instead D:\wamp\www\thinkphp\Lib\Core\Db.class.php 第 569 行.
SQL: SELECT * FROM `options` WHERE autoload="Y"  [ RunTime:0.000608s ]
SQL: SHOW COLUMNS FROM `custom_columns` [ RunTime:0.004349s ]
NOTIC: [2] Missing argument 1 for CustomColumnsModel::getUserInfoModuleColumns(), called in D:\wamp\www\yinxing_pm\Lib\Action\Frontend\UserAction.class.php on line 10 and defined D:\wamp\www\yinxing_pm\Lib\Model\CustomColumnsModel.class.php 第 64 行.
SQL: SHOW COLUMNS FROM `custom_list_views` [ RunTime:0.003315s ]
SQL: SHOW COLUMNS FROM `user_recommends` [ RunTime:0.003352s ]
NOTIC: [8192] preg_replace(): The /e modifier is deprecated, use preg_replace_callback instead D:\wamp\www\thinkphp\Lib\Core\Db.class.php 第 569 行.
SQL: SELECT `status`,count(*) count FROM `user_recommends` WHERE ( `status` > 1 ) AND ( `bg_survey_user` = 104 ) GROUP BY status  [ RunTime:0.000629s ]
SQL: SHOW COLUMNS FROM `user_statuses` [ RunTime:0.003834s ]
NOTIC: [8192] preg_replace(): The /e modifier is deprecated, use preg_replace_callback instead D:\wamp\www\thinkphp\Lib\Core\Db.class.php 第 569 行.
SQL: SELECT `id`,`name` FROM `user_statuses` WHERE ( `id` > 21 )  [ RunTime:0.000443s ]
NOTIC: [8] Undefined offset: 40 D:\wamp\www\yinxing_pm\Lib\Action\Frontend\UserAction.class.php 第 19 行.
NOTIC: [8] Undefined offset: 60 D:\wamp\www\yinxing_pm\Lib\Action\Frontend\UserAction.class.php 第 19 行.
NOTIC: [8] Undefined offset: 70 D:\wamp\www\yinxing_pm\Lib\Action\Frontend\UserAction.class.php 第 19 行.
NOTIC: [8] Undefined offset: 80 D:\wamp\www\yinxing_pm\Lib\Action\Frontend\UserAction.class.php 第 19 行.
NOTIC: [8] Undefined offset: 90 D:\wamp\www\yinxing_pm\Lib\Action\Frontend\UserAction.class.php 第 19 行.
NOTIC: [8] Undefined offset: 99 D:\wamp\www\yinxing_pm\Lib\Action\Frontend\UserAction.class.php 第 19 行.
NOTIC: [8] Undefined offset: 100 D:\wamp\www\yinxing_pm\Lib\Action\Frontend\UserAction.class.php 第 19 行.
SQL: SHOW COLUMNS FROM `background_survey` [ RunTime:0.003136s ]
NOTIC: [8192] preg_replace(): The /e modifier is deprecated, use preg_replace_callback instead D:\wamp\www\thinkphp\Lib\Core\Db.class.php 第 569 行.
SQL: SELECT * FROM `background_survey` WHERE ( `recommend_id` = 68 ) AND ( `question_id` = 25 )  [ RunTime:0.000465s ]
SQL: UPDATE `background_survey` SET `question_id`=25,`recommend_id`=68,`survey_id`=104,`answer`='',`date`='2015-08-25' WHERE ( `id` = 58 ) [ RunTime:0.146683s ]

[ 2015-08-25T13:25:58+08:00 ] 127.0.0.1 /user/ajax_save_bg_survey
INFO: [ app_begin ] --START--
INFO: Run ReadHtmlCache Behavior [ RunTime:0.001371s ]
INFO: Run CheckLang Behavior [ RunTime:0.003328s ]
INFO: [ app_begin ] --END-- [ RunTime:0.005080s ]
NOTIC: [2048] Declaration of UserAction::success() should be compatible with Action::success($message, $jumpUrl = '', $ajax = false) D:\wamp\www\yinxing_pm\Lib\Action\Frontend\UserAction.class.php 第 2 行.
NOTIC: [8192] mysql_connect(): The mysql extension is deprecated and will be removed in the future: use mysqli or PDO instead D:\wamp\www\thinkphp\Lib\Driver\Db\DbMysql.class.php 第 56 行.
SQL: SHOW COLUMNS FROM `options` [ RunTime:0.003513s ]
NOTIC: [8192] preg_replace(): The /e modifier is deprecated, use preg_replace_callback instead D:\wamp\www\thinkphp\Lib\Core\Db.class.php 第 569 行.
SQL: SELECT * FROM `options` WHERE autoload="Y"  [ RunTime:0.000495s ]
SQL: SHOW COLUMNS FROM `custom_columns` [ RunTime:0.004502s ]
NOTIC: [2] Missing argument 1 for CustomColumnsModel::getUserInfoModuleColumns(), called in D:\wamp\www\yinxing_pm\Lib\Action\Frontend\UserAction.class.php on line 10 and defined D:\wamp\www\yinxing_pm\Lib\Model\CustomColumnsModel.class.php 第 64 行.
SQL: SHOW COLUMNS FROM `custom_list_views` [ RunTime:0.004244s ]
SQL: SHOW COLUMNS FROM `user_recommends` [ RunTime:0.004564s ]
NOTIC: [8192] preg_replace(): The /e modifier is deprecated, use preg_replace_callback instead D:\wamp\www\thinkphp\Lib\Core\Db.class.php 第 569 行.
SQL: SELECT `status`,count(*) count FROM `user_recommends` WHERE ( `status` > 1 ) AND ( `bg_survey_user` = 104 ) GROUP BY status  [ RunTime:0.000605s ]
SQL: SHOW COLUMNS FROM `user_statuses` [ RunTime:0.003513s ]
NOTIC: [8192] preg_replace(): The /e modifier is deprecated, use preg_replace_callback instead D:\wamp\www\thinkphp\Lib\Core\Db.class.php 第 569 行.
SQL: SELECT `id`,`name` FROM `user_statuses` WHERE ( `id` > 21 )  [ RunTime:0.000558s ]
NOTIC: [8] Undefined offset: 40 D:\wamp\www\yinxing_pm\Lib\Action\Frontend\UserAction.class.php 第 19 行.
NOTIC: [8] Undefined offset: 60 D:\wamp\www\yinxing_pm\Lib\Action\Frontend\UserAction.class.php 第 19 行.
NOTIC: [8] Undefined offset: 70 D:\wamp\www\yinxing_pm\Lib\Action\Frontend\UserAction.class.php 第 19 行.
NOTIC: [8] Undefined offset: 80 D:\wamp\www\yinxing_pm\Lib\Action\Frontend\UserAction.class.php 第 19 行.
NOTIC: [8] Undefined offset: 90 D:\wamp\www\yinxing_pm\Lib\Action\Frontend\UserAction.class.php 第 19 行.
NOTIC: [8] Undefined offset: 99 D:\wamp\www\yinxing_pm\Lib\Action\Frontend\UserAction.class.php 第 19 行.
NOTIC: [8] Undefined offset: 100 D:\wamp\www\yinxing_pm\Lib\Action\Frontend\UserAction.class.php 第 19 行.
SQL: SHOW COLUMNS FROM `background_survey` [ RunTime:0.003776s ]
NOTIC: [8192] preg_replace(): The /e modifier is deprecated, use preg_replace_callback instead D:\wamp\www\thinkphp\Lib\Core\Db.class.php 第 569 行.
SQL: SELECT * FROM `background_survey` WHERE ( `recommend_id` = 68 ) AND ( `question_id` = 23 )  [ RunTime:0.000530s ]
SQL: UPDATE `background_survey` SET `question_id`=23,`recommend_id`=68,`survey_id`=104,`answer`='',`date`='2015-08-25' WHERE ( `id` = 56 ) [ RunTime:0.153878s ]

[ 2015-08-25T13:25:58+08:00 ] 127.0.0.1 /user/ajax_get_bg_survey_answers
INFO: [ app_begin ] --START--
INFO: Run ReadHtmlCache Behavior [ RunTime:0.000644s ]
INFO: Run CheckLang Behavior [ RunTime:0.002302s ]
INFO: [ app_begin ] --END-- [ RunTime:0.003320s ]
NOTIC: [2048] Declaration of UserAction::success() should be compatible with Action::success($message, $jumpUrl = '', $ajax = false) D:\wamp\www\yinxing_pm\Lib\Action\Frontend\UserAction.class.php 第 2 行.
NOTIC: [8192] mysql_connect(): The mysql extension is deprecated and will be removed in the future: use mysqli or PDO instead D:\wamp\www\thinkphp\Lib\Driver\Db\DbMysql.class.php 第 56 行.
SQL: SHOW COLUMNS FROM `options` [ RunTime:0.003863s ]
NOTIC: [8192] preg_replace(): The /e modifier is deprecated, use preg_replace_callback instead D:\wamp\www\thinkphp\Lib\Core\Db.class.php 第 569 行.
SQL: SELECT * FROM `options` WHERE autoload="Y"  [ RunTime:0.000599s ]
SQL: SHOW COLUMNS FROM `custom_columns` [ RunTime:0.004019s ]
NOTIC: [2] Missing argument 1 for CustomColumnsModel::getUserInfoModuleColumns(), called in D:\wamp\www\yinxing_pm\Lib\Action\Frontend\UserAction.class.php on line 10 and defined D:\wamp\www\yinxing_pm\Lib\Model\CustomColumnsModel.class.php 第 64 行.
SQL: SHOW COLUMNS FROM `custom_list_views` [ RunTime:0.003459s ]
SQL: SHOW COLUMNS FROM `user_recommends` [ RunTime:0.004027s ]
NOTIC: [8192] preg_replace(): The /e modifier is deprecated, use preg_replace_callback instead D:\wamp\www\thinkphp\Lib\Core\Db.class.php 第 569 行.
SQL: SELECT `status`,count(*) count FROM `user_recommends` WHERE ( `status` > 1 ) AND ( `bg_survey_user` = 104 ) GROUP BY status  [ RunTime:0.000577s ]
SQL: SHOW COLUMNS FROM `user_statuses` [ RunTime:0.004218s ]
NOTIC: [8192] preg_replace(): The /e modifier is deprecated, use preg_replace_callback instead D:\wamp\www\thinkphp\Lib\Core\Db.class.php 第 569 行.
SQL: SELECT `id`,`name` FROM `user_statuses` WHERE ( `id` > 21 )  [ RunTime:0.000440s ]
NOTIC: [8] Undefined offset: 40 D:\wamp\www\yinxing_pm\Lib\Action\Frontend\UserAction.class.php 第 19 行.
NOTIC: [8] Undefined offset: 60 D:\wamp\www\yinxing_pm\Lib\Action\Frontend\UserAction.class.php 第 19 行.
NOTIC: [8] Undefined offset: 70 D:\wamp\www\yinxing_pm\Lib\Action\Frontend\UserAction.class.php 第 19 行.
NOTIC: [8] Undefined offset: 80 D:\wamp\www\yinxing_pm\Lib\Action\Frontend\UserAction.class.php 第 19 行.
NOTIC: [8] Undefined offset: 90 D:\wamp\www\yinxing_pm\Lib\Action\Frontend\UserAction.class.php 第 19 行.
NOTIC: [8] Undefined offset: 99 D:\wamp\www\yinxing_pm\Lib\Action\Frontend\UserAction.class.php 第 19 行.
NOTIC: [8] Undefined offset: 100 D:\wamp\www\yinxing_pm\Lib\Action\Frontend\UserAction.class.php 第 19 行.
SQL: SHOW COLUMNS FROM `background_survey` [ RunTime:0.004079s ]
NOTIC: [8192] preg_replace(): The /e modifier is deprecated, use preg_replace_callback instead D:\wamp\www\thinkphp\Lib\Core\Db.class.php 第 569 行.
SQL: SELECT * FROM `background_survey` WHERE ( `recommend_id` = 68 )  [ RunTime:0.000722s ]

[ 2015-08-25T13:26:48+08:00 ] 127.0.0.1 /user/ajax_save_bg_survey
INFO: [ app_begin ] --START--
INFO: Run ReadHtmlCache Behavior [ RunTime:0.001067s ]
INFO: Run CheckLang Behavior [ RunTime:0.002884s ]
INFO: [ app_begin ] --END-- [ RunTime:0.004366s ]
NOTIC: [2048] Declaration of UserAction::success() should be compatible with Action::success($message, $jumpUrl = '', $ajax = false) D:\wamp\www\yinxing_pm\Lib\Action\Frontend\UserAction.class.php 第 2 行.
NOTIC: [8192] mysql_connect(): The mysql extension is deprecated and will be removed in the future: use mysqli or PDO instead D:\wamp\www\thinkphp\Lib\Driver\Db\DbMysql.class.php 第 56 行.
SQL: SHOW COLUMNS FROM `options` [ RunTime:0.003499s ]
NOTIC: [8192] preg_replace(): The /e modifier is deprecated, use preg_replace_callback instead D:\wamp\www\thinkphp\Lib\Core\Db.class.php 第 569 行.
SQL: SELECT * FROM `options` WHERE autoload="Y"  [ RunTime:0.000431s ]
SQL: SHOW COLUMNS FROM `custom_columns` [ RunTime:0.003405s ]
NOTIC: [2] Missing argument 1 for CustomColumnsModel::getUserInfoModuleColumns(), called in D:\wamp\www\yinxing_pm\Lib\Action\Frontend\UserAction.class.php on line 10 and defined D:\wamp\www\yinxing_pm\Lib\Model\CustomColumnsModel.class.php 第 64 行.
SQL: SHOW COLUMNS FROM `custom_list_views` [ RunTime:0.003004s ]
SQL: SHOW COLUMNS FROM `user_recommends` [ RunTime:0.004268s ]
NOTIC: [8192] preg_replace(): The /e modifier is deprecated, use preg_replace_callback instead D:\wamp\www\thinkphp\Lib\Core\Db.class.php 第 569 行.
SQL: SELECT `status`,count(*) count FROM `user_recommends` WHERE ( `status` > 1 ) AND ( `bg_survey_user` = 104 ) GROUP BY status  [ RunTime:0.000529s ]
SQL: SHOW COLUMNS FROM `user_statuses` [ RunTime:0.004445s ]
NOTIC: [8192] preg_replace(): The /e modifier is deprecated, use preg_replace_callback instead D:\wamp\www\thinkphp\Lib\Core\Db.class.php 第 569 行.
SQL: SELECT `id`,`name` FROM `user_statuses` WHERE ( `id` > 21 )  [ RunTime:0.000473s ]
NOTIC: [8] Undefined offset: 40 D:\wamp\www\yinxing_pm\Lib\Action\Frontend\UserAction.class.php 第 19 行.
NOTIC: [8] Undefined offset: 60 D:\wamp\www\yinxing_pm\Lib\Action\Frontend\UserAction.class.php 第 19 行.
NOTIC: [8] Undefined offset: 70 D:\wamp\www\yinxing_pm\Lib\Action\Frontend\UserAction.class.php 第 19 行.
NOTIC: [8] Undefined offset: 80 D:\wamp\www\yinxing_pm\Lib\Action\Frontend\UserAction.class.php 第 19 行.
NOTIC: [8] Undefined offset: 90 D:\wamp\www\yinxing_pm\Lib\Action\Frontend\UserAction.class.php 第 19 行.
NOTIC: [8] Undefined offset: 99 D:\wamp\www\yinxing_pm\Lib\Action\Frontend\UserAction.class.php 第 19 行.
NOTIC: [8] Undefined offset: 100 D:\wamp\www\yinxing_pm\Lib\Action\Frontend\UserAction.class.php 第 19 行.
SQL: SHOW COLUMNS FROM `background_survey` [ RunTime:0.003520s ]
NOTIC: [8192] preg_replace(): The /e modifier is deprecated, use preg_replace_callback instead D:\wamp\www\thinkphp\Lib\Core\Db.class.php 第 569 行.
SQL: SELECT * FROM `background_survey` WHERE ( `recommend_id` = 68 ) AND ( `question_id` = 25 )  [ RunTime:0.000406s ]
SQL: UPDATE `background_survey` SET `question_id`=25,`recommend_id`=68,`survey_id`=104,`answer`='',`date`='2015-08-25' WHERE ( `id` = 58 ) [ RunTime:0.136016s ]

[ 2015-08-25T13:26:48+08:00 ] 127.0.0.1 /user/ajax_save_bg_survey
INFO: [ app_begin ] --START--
INFO: Run ReadHtmlCache Behavior [ RunTime:0.001186s ]
INFO: Run CheckLang Behavior [ RunTime:0.003334s ]
INFO: [ app_begin ] --END-- [ RunTime:0.004872s ]
NOTIC: [2048] Declaration of UserAction::success() should be compatible with Action::success($message, $jumpUrl = '', $ajax = false) D:\wamp\www\yinxing_pm\Lib\Action\Frontend\UserAction.class.php 第 2 行.
NOTIC: [8192] mysql_connect(): The mysql extension is deprecated and will be removed in the future: use mysqli or PDO instead D:\wamp\www\thinkphp\Lib\Driver\Db\DbMysql.class.php 第 56 行.
SQL: SHOW COLUMNS FROM `options` [ RunTime:0.003775s ]
NOTIC: [8192] preg_replace(): The /e modifier is deprecated, use preg_replace_callback instead D:\wamp\www\thinkphp\Lib\Core\Db.class.php 第 569 行.
SQL: SELECT * FROM `options` WHERE autoload="Y"  [ RunTime:0.000569s ]
SQL: SHOW COLUMNS FROM `custom_columns` [ RunTime:0.003142s ]
NOTIC: [2] Missing argument 1 for CustomColumnsModel::getUserInfoModuleColumns(), called in D:\wamp\www\yinxing_pm\Lib\Action\Frontend\UserAction.class.php on line 10 and defined D:\wamp\www\yinxing_pm\Lib\Model\CustomColumnsModel.class.php 第 64 行.
SQL: SHOW COLUMNS FROM `custom_list_views` [ RunTime:0.003242s ]
SQL: SHOW COLUMNS FROM `user_recommends` [ RunTime:0.004125s ]
NOTIC: [8192] preg_replace(): The /e modifier is deprecated, use preg_replace_callback instead D:\wamp\www\thinkphp\Lib\Core\Db.class.php 第 569 行.
SQL: SELECT `status`,count(*) count FROM `user_recommends` WHERE ( `status` > 1 ) AND ( `bg_survey_user` = 104 ) GROUP BY status  [ RunTime:0.000654s ]
SQL: SHOW COLUMNS FROM `user_statuses` [ RunTime:0.003635s ]
NOTIC: [8192] preg_replace(): The /e modifier is deprecated, use preg_replace_callback instead D:\wamp\www\thinkphp\Lib\Core\Db.class.php 第 569 行.
SQL: SELECT `id`,`name` FROM `user_statuses` WHERE ( `id` > 21 )  [ RunTime:0.000504s ]
NOTIC: [8] Undefined offset: 40 D:\wamp\www\yinxing_pm\Lib\Action\Frontend\UserAction.class.php 第 19 行.
NOTIC: [8] Undefined offset: 60 D:\wamp\www\yinxing_pm\Lib\Action\Frontend\UserAction.class.php 第 19 行.
NOTIC: [8] Undefined offset: 70 D:\wamp\www\yinxing_pm\Lib\Action\Frontend\UserAction.class.php 第 19 行.
NOTIC: [8] Undefined offset: 80 D:\wamp\www\yinxing_pm\Lib\Action\Frontend\UserAction.class.php 第 19 行.
NOTIC: [8] Undefined offset: 90 D:\wamp\www\yinxing_pm\Lib\Action\Frontend\UserAction.class.php 第 19 行.
NOTIC: [8] Undefined offset: 99 D:\wamp\www\yinxing_pm\Lib\Action\Frontend\UserAction.class.php 第 19 行.
NOTIC: [8] Undefined offset: 100 D:\wamp\www\yinxing_pm\Lib\Action\Frontend\UserAction.class.php 第 19 行.
SQL: SHOW COLUMNS FROM `background_survey` [ RunTime:0.003690s ]
NOTIC: [8192] preg_replace(): The /e modifier is deprecated, use preg_replace_callback instead D:\wamp\www\thinkphp\Lib\Core\Db.class.php 第 569 行.
SQL: SELECT * FROM `background_survey` WHERE ( `recommend_id` = 68 ) AND ( `question_id` = 23 )  [ RunTime:0.000585s ]
SQL: UPDATE `background_survey` SET `question_id`=23,`recommend_id`=68,`survey_id`=104,`answer`='',`date`='2015-08-25' WHERE ( `id` = 56 ) [ RunTime:0.153313s ]

[ 2015-08-25T13:26:48+08:00 ] 127.0.0.1 /user/ajax_save_bg_survey
INFO: [ app_begin ] --START--
INFO: Run ReadHtmlCache Behavior [ RunTime:0.001720s ]
INFO: Run CheckLang Behavior [ RunTime:0.003355s ]
INFO: [ app_begin ] --END-- [ RunTime:0.005492s ]
NOTIC: [2048] Declaration of UserAction::success() should be compatible with Action::success($message, $jumpUrl = '', $ajax = false) D:\wamp\www\yinxing_pm\Lib\Action\Frontend\UserAction.class.php 第 2 行.
NOTIC: [8192] mysql_connect(): The mysql extension is deprecated and will be removed in the future: use mysqli or PDO instead D:\wamp\www\thinkphp\Lib\Driver\Db\DbMysql.class.php 第 56 行.
SQL: SHOW COLUMNS FROM `options` [ RunTime:0.003684s ]
NOTIC: [8192] preg_replace(): The /e modifier is deprecated, use preg_replace_callback instead D:\wamp\www\thinkphp\Lib\Core\Db.class.php 第 569 行.
SQL: SELECT * FROM `options` WHERE autoload="Y"  [ RunTime:0.000537s ]
SQL: SHOW COLUMNS FROM `custom_columns` [ RunTime:0.003107s ]
NOTIC: [2] Missing argument 1 for CustomColumnsModel::getUserInfoModuleColumns(), called in D:\wamp\www\yinxing_pm\Lib\Action\Frontend\UserAction.class.php on line 10 and defined D:\wamp\www\yinxing_pm\Lib\Model\CustomColumnsModel.class.php 第 64 行.
SQL: SHOW COLUMNS FROM `custom_list_views` [ RunTime:0.003725s ]
SQL: SHOW COLUMNS FROM `user_recommends` [ RunTime:0.003295s ]
NOTIC: [8192] preg_replace(): The /e modifier is deprecated, use preg_replace_callback instead D:\wamp\www\thinkphp\Lib\Core\Db.class.php 第 569 行.
SQL: SELECT `status`,count(*) count FROM `user_recommends` WHERE ( `status` > 1 ) AND ( `bg_survey_user` = 104 ) GROUP BY status  [ RunTime:0.000561s ]
SQL: SHOW COLUMNS FROM `user_statuses` [ RunTime:0.004484s ]
NOTIC: [8192] preg_replace(): The /e modifier is deprecated, use preg_replace_callback instead D:\wamp\www\thinkphp\Lib\Core\Db.class.php 第 569 行.
SQL: SELECT `id`,`name` FROM `user_statuses` WHERE ( `id` > 21 )  [ RunTime:0.000393s ]
NOTIC: [8] Undefined offset: 40 D:\wamp\www\yinxing_pm\Lib\Action\Frontend\UserAction.class.php 第 19 行.
NOTIC: [8] Undefined offset: 60 D:\wamp\www\yinxing_pm\Lib\Action\Frontend\UserAction.class.php 第 19 行.
NOTIC: [8] Undefined offset: 70 D:\wamp\www\yinxing_pm\Lib\Action\Frontend\UserAction.class.php 第 19 行.
NOTIC: [8] Undefined offset: 80 D:\wamp\www\yinxing_pm\Lib\Action\Frontend\UserAction.class.php 第 19 行.
NOTIC: [8] Undefined offset: 90 D:\wamp\www\yinxing_pm\Lib\Action\Frontend\UserAction.class.php 第 19 行.
NOTIC: [8] Undefined offset: 99 D:\wamp\www\yinxing_pm\Lib\Action\Frontend\UserAction.class.php 第 19 行.
NOTIC: [8] Undefined offset: 100 D:\wamp\www\yinxing_pm\Lib\Action\Frontend\UserAction.class.php 第 19 行.
SQL: SHOW COLUMNS FROM `background_survey` [ RunTime:0.003681s ]
NOTIC: [8192] preg_replace(): The /e modifier is deprecated, use preg_replace_callback instead D:\wamp\www\thinkphp\Lib\Core\Db.class.php 第 569 行.
SQL: SELECT * FROM `background_survey` WHERE ( `recommend_id` = 68 ) AND ( `question_id` = 24 )  [ RunTime:0.000599s ]
SQL: UPDATE `background_survey` SET `question_id`=24,`recommend_id`=68,`survey_id`=104,`answer`='',`date`='2015-08-25' WHERE ( `id` = 57 ) [ RunTime:0.110703s ]

[ 2015-08-25T13:26:48+08:00 ] 127.0.0.1 /user/ajax_get_bg_survey_answers
INFO: [ app_begin ] --START--
INFO: Run ReadHtmlCache Behavior [ RunTime:0.000984s ]
INFO: Run CheckLang Behavior [ RunTime:0.002773s ]
INFO: [ app_begin ] --END-- [ RunTime:0.004128s ]
NOTIC: [2048] Declaration of UserAction::success() should be compatible with Action::success($message, $jumpUrl = '', $ajax = false) D:\wamp\www\yinxing_pm\Lib\Action\Frontend\UserAction.class.php 第 2 行.
NOTIC: [8192] mysql_connect(): The mysql extension is deprecated and will be removed in the future: use mysqli or PDO instead D:\wamp\www\thinkphp\Lib\Driver\Db\DbMysql.class.php 第 56 行.
SQL: SHOW COLUMNS FROM `options` [ RunTime:0.005824s ]
NOTIC: [8192] preg_replace(): The /e modifier is deprecated, use preg_replace_callback instead D:\wamp\www\thinkphp\Lib\Core\Db.class.php 第 569 行.
SQL: SELECT * FROM `options` WHERE autoload="Y"  [ RunTime:0.001082s ]
SQL: SHOW COLUMNS FROM `custom_columns` [ RunTime:0.097180s ]
NOTIC: [2] Missing argument 1 for CustomColumnsModel::getUserInfoModuleColumns(), called in D:\wamp\www\yinxing_pm\Lib\Action\Frontend\UserAction.class.php on line 10 and defined D:\wamp\www\yinxing_pm\Lib\Model\CustomColumnsModel.class.php 第 64 行.
SQL: SHOW COLUMNS FROM `custom_list_views` [ RunTime:0.003789s ]
SQL: SHOW COLUMNS FROM `user_recommends` [ RunTime:0.004065s ]
NOTIC: [8192] preg_replace(): The /e modifier is deprecated, use preg_replace_callback instead D:\wamp\www\thinkphp\Lib\Core\Db.class.php 第 569 行.
SQL: SELECT `status`,count(*) count FROM `user_recommends` WHERE ( `status` > 1 ) AND ( `bg_survey_user` = 104 ) GROUP BY status  [ RunTime:0.000652s ]
SQL: SHOW COLUMNS FROM `user_statuses` [ RunTime:0.005367s ]
NOTIC: [8192] preg_replace(): The /e modifier is deprecated, use preg_replace_callback instead D:\wamp\www\thinkphp\Lib\Core\Db.class.php 第 569 行.
SQL: SELECT `id`,`name` FROM `user_statuses` WHERE ( `id` > 21 )  [ RunTime:0.000444s ]
NOTIC: [8] Undefined offset: 40 D:\wamp\www\yinxing_pm\Lib\Action\Frontend\UserAction.class.php 第 19 行.
NOTIC: [8] Undefined offset: 60 D:\wamp\www\yinxing_pm\Lib\Action\Frontend\UserAction.class.php 第 19 行.
NOTIC: [8] Undefined offset: 70 D:\wamp\www\yinxing_pm\Lib\Action\Frontend\UserAction.class.php 第 19 行.
NOTIC: [8] Undefined offset: 80 D:\wamp\www\yinxing_pm\Lib\Action\Frontend\UserAction.class.php 第 19 行.
NOTIC: [8] Undefined offset: 90 D:\wamp\www\yinxing_pm\Lib\Action\Frontend\UserAction.class.php 第 19 行.
NOTIC: [8] Undefined offset: 99 D:\wamp\www\yinxing_pm\Lib\Action\Frontend\UserAction.class.php 第 19 行.
NOTIC: [8] Undefined offset: 100 D:\wamp\www\yinxing_pm\Lib\Action\Frontend\UserAction.class.php 第 19 行.
SQL: SHOW COLUMNS FROM `background_survey` [ RunTime:0.004357s ]
NOTIC: [8192] preg_replace(): The /e modifier is deprecated, use preg_replace_callback instead D:\wamp\www\thinkphp\Lib\Core\Db.class.php 第 569 行.
SQL: SELECT * FROM `background_survey` WHERE ( `recommend_id` = 68 )  [ RunTime:0.000541s ]

[ 2015-08-25T13:27:38+08:00 ] 127.0.0.1 /user/ajax_save_bg_survey
INFO: [ app_begin ] --START--
INFO: Run ReadHtmlCache Behavior [ RunTime:0.001070s ]
INFO: Run CheckLang Behavior [ RunTime:0.002927s ]
INFO: [ app_begin ] --END-- [ RunTime:0.004369s ]
NOTIC: [2048] Declaration of UserAction::success() should be compatible with Action::success($message, $jumpUrl = '', $ajax = false) D:\wamp\www\yinxing_pm\Lib\Action\Frontend\UserAction.class.php 第 2 行.
NOTIC: [8192] mysql_connect(): The mysql extension is deprecated and will be removed in the future: use mysqli or PDO instead D:\wamp\www\thinkphp\Lib\Driver\Db\DbMysql.class.php 第 56 行.
SQL: SHOW COLUMNS FROM `options` [ RunTime:0.005662s ]
NOTIC: [8192] preg_replace(): The /e modifier is deprecated, use preg_replace_callback instead D:\wamp\www\thinkphp\Lib\Core\Db.class.php 第 569 行.
SQL: SELECT * FROM `options` WHERE autoload="Y"  [ RunTime:0.000534s ]
SQL: SHOW COLUMNS FROM `custom_columns` [ RunTime:0.003985s ]
NOTIC: [2] Missing argument 1 for CustomColumnsModel::getUserInfoModuleColumns(), called in D:\wamp\www\yinxing_pm\Lib\Action\Frontend\UserAction.class.php on line 10 and defined D:\wamp\www\yinxing_pm\Lib\Model\CustomColumnsModel.class.php 第 64 行.
SQL: SHOW COLUMNS FROM `custom_list_views` [ RunTime:0.003143s ]
SQL: SHOW COLUMNS FROM `user_recommends` [ RunTime:0.003846s ]
NOTIC: [8192] preg_replace(): The /e modifier is deprecated, use preg_replace_callback instead D:\wamp\www\thinkphp\Lib\Core\Db.class.php 第 569 行.
SQL: SELECT `status`,count(*) count FROM `user_recommends` WHERE ( `status` > 1 ) AND ( `bg_survey_user` = 104 ) GROUP BY status  [ RunTime:0.000558s ]
SQL: SHOW COLUMNS FROM `user_statuses` [ RunTime:0.004028s ]
NOTIC: [8192] preg_replace(): The /e modifier is deprecated, use preg_replace_callback instead D:\wamp\www\thinkphp\Lib\Core\Db.class.php 第 569 行.
SQL: SELECT `id`,`name` FROM `user_statuses` WHERE ( `id` > 21 )  [ RunTime:0.000358s ]
NOTIC: [8] Undefined offset: 40 D:\wamp\www\yinxing_pm\Lib\Action\Frontend\UserAction.class.php 第 19 行.
NOTIC: [8] Undefined offset: 60 D:\wamp\www\yinxing_pm\Lib\Action\Frontend\UserAction.class.php 第 19 行.
NOTIC: [8] Undefined offset: 70 D:\wamp\www\yinxing_pm\Lib\Action\Frontend\UserAction.class.php 第 19 行.
NOTIC: [8] Undefined offset: 80 D:\wamp\www\yinxing_pm\Lib\Action\Frontend\UserAction.class.php 第 19 行.
NOTIC: [8] Undefined offset: 90 D:\wamp\www\yinxing_pm\Lib\Action\Frontend\UserAction.class.php 第 19 行.
NOTIC: [8] Undefined offset: 99 D:\wamp\www\yinxing_pm\Lib\Action\Frontend\UserAction.class.php 第 19 行.
NOTIC: [8] Undefined offset: 100 D:\wamp\www\yinxing_pm\Lib\Action\Frontend\UserAction.class.php 第 19 行.
SQL: SHOW COLUMNS FROM `background_survey` [ RunTime:0.003131s ]
NOTIC: [8192] preg_replace(): The /e modifier is deprecated, use preg_replace_callback instead D:\wamp\www\thinkphp\Lib\Core\Db.class.php 第 569 行.
SQL: SELECT * FROM `background_survey` WHERE ( `recommend_id` = 68 ) AND ( `question_id` = 25 )  [ RunTime:0.000460s ]
SQL: UPDATE `background_survey` SET `question_id`=25,`recommend_id`=68,`survey_id`=104,`answer`='',`date`='2015-08-25' WHERE ( `id` = 58 ) [ RunTime:0.180201s ]

[ 2015-08-25T13:27:38+08:00 ] 127.0.0.1 /user/ajax_save_bg_survey
INFO: [ app_begin ] --START--
INFO: Run ReadHtmlCache Behavior [ RunTime:0.001678s ]
INFO: Run CheckLang Behavior [ RunTime:0.003412s ]
INFO: [ app_begin ] --END-- [ RunTime:0.005478s ]
NOTIC: [2048] Declaration of UserAction::success() should be compatible with Action::success($message, $jumpUrl = '', $ajax = false) D:\wamp\www\yinxing_pm\Lib\Action\Frontend\UserAction.class.php 第 2 行.
NOTIC: [8192] mysql_connect(): The mysql extension is deprecated and will be removed in the future: use mysqli or PDO instead D:\wamp\www\thinkphp\Lib\Driver\Db\DbMysql.class.php 第 56 行.
SQL: SHOW COLUMNS FROM `options` [ RunTime:0.004402s ]
NOTIC: [8192] preg_replace(): The /e modifier is deprecated, use preg_replace_callback instead D:\wamp\www\thinkphp\Lib\Core\Db.class.php 第 569 行.
SQL: SELECT * FROM `options` WHERE autoload="Y"  [ RunTime:0.000577s ]
SQL: SHOW COLUMNS FROM `custom_columns` [ RunTime:0.003677s ]
NOTIC: [2] Missing argument 1 for CustomColumnsModel::getUserInfoModuleColumns(), called in D:\wamp\www\yinxing_pm\Lib\Action\Frontend\UserAction.class.php on line 10 and defined D:\wamp\www\yinxing_pm\Lib\Model\CustomColumnsModel.class.php 第 64 行.
SQL: SHOW COLUMNS FROM `custom_list_views` [ RunTime:0.003936s ]
SQL: SHOW COLUMNS FROM `user_recommends` [ RunTime:0.004544s ]
NOTIC: [8192] preg_replace(): The /e modifier is deprecated, use preg_replace_callback instead D:\wamp\www\thinkphp\Lib\Core\Db.class.php 第 569 行.
SQL: SELECT `status`,count(*) count FROM `user_recommends` WHERE ( `status` > 1 ) AND ( `bg_survey_user` = 104 ) GROUP BY status  [ RunTime:0.000580s ]
SQL: SHOW COLUMNS FROM `user_statuses` [ RunTime:0.003393s ]
NOTIC: [8192] preg_replace(): The /e modifier is deprecated, use preg_replace_callback instead D:\wamp\www\thinkphp\Lib\Core\Db.class.php 第 569 行.
SQL: SELECT `id`,`name` FROM `user_statuses` WHERE ( `id` > 21 )  [ RunTime:0.000371s ]
NOTIC: [8] Undefined offset: 40 D:\wamp\www\yinxing_pm\Lib\Action\Frontend\UserAction.class.php 第 19 行.
NOTIC: [8] Undefined offset: 60 D:\wamp\www\yinxing_pm\Lib\Action\Frontend\UserAction.class.php 第 19 行.
NOTIC: [8] Undefined offset: 70 D:\wamp\www\yinxing_pm\Lib\Action\Frontend\UserAction.class.php 第 19 行.
NOTIC: [8] Undefined offset: 80 D:\wamp\www\yinxing_pm\Lib\Action\Frontend\UserAction.class.php 第 19 行.
NOTIC: [8] Undefined offset: 90 D:\wamp\www\yinxing_pm\Lib\Action\Frontend\UserAction.class.php 第 19 行.
NOTIC: [8] Undefined offset: 99 D:\wamp\www\yinxing_pm\Lib\Action\Frontend\UserAction.class.php 第 19 行.
NOTIC: [8] Undefined offset: 100 D:\wamp\www\yinxing_pm\Lib\Action\Frontend\UserAction.class.php 第 19 行.
SQL: SHOW COLUMNS FROM `background_survey` [ RunTime:0.003296s ]
NOTIC: [8192] preg_replace(): The /e modifier is deprecated, use preg_replace_callback instead D:\wamp\www\thinkphp\Lib\Core\Db.class.php 第 569 行.
SQL: SELECT * FROM `background_survey` WHERE ( `recommend_id` = 68 ) AND ( `question_id` = 23 )  [ RunTime:0.000447s ]
SQL: UPDATE `background_survey` SET `question_id`=23,`recommend_id`=68,`survey_id`=104,`answer`='',`date`='2015-08-25' WHERE ( `id` = 56 ) [ RunTime:0.078762s ]

[ 2015-08-25T13:27:38+08:00 ] 127.0.0.1 /user/ajax_get_bg_survey_answers
INFO: [ app_begin ] --START--
INFO: Run ReadHtmlCache Behavior [ RunTime:0.001141s ]
INFO: Run CheckLang Behavior [ RunTime:0.003395s ]
INFO: [ app_begin ] --END-- [ RunTime:0.004888s ]
NOTIC: [2048] Declaration of UserAction::success() should be compatible with Action::success($message, $jumpUrl = '', $ajax = false) D:\wamp\www\yinxing_pm\Lib\Action\Frontend\UserAction.class.php 第 2 行.
NOTIC: [8192] mysql_connect(): The mysql extension is deprecated and will be removed in the future: use mysqli or PDO instead D:\wamp\www\thinkphp\Lib\Driver\Db\DbMysql.class.php 第 56 行.
SQL: SHOW COLUMNS FROM `options` [ RunTime:0.003896s ]
NOTIC: [8192] preg_replace(): The /e modifier is deprecated, use preg_replace_callback instead D:\wamp\www\thinkphp\Lib\Core\Db.class.php 第 569 行.
SQL: SELECT * FROM `options` WHERE autoload="Y"  [ RunTime:0.000592s ]
SQL: SHOW COLUMNS FROM `custom_columns` [ RunTime:0.003780s ]
NOTIC: [2] Missing argument 1 for CustomColumnsModel::getUserInfoModuleColumns(), called in D:\wamp\www\yinxing_pm\Lib\Action\Frontend\UserAction.class.php on line 10 and defined D:\wamp\www\yinxing_pm\Lib\Model\CustomColumnsModel.class.php 第 64 行.
SQL: SHOW COLUMNS FROM `custom_list_views` [ RunTime:0.003306s ]
SQL: SHOW COLUMNS FROM `user_recommends` [ RunTime:0.004196s ]
NOTIC: [8192] preg_replace(): The /e modifier is deprecated, use preg_replace_callback instead D:\wamp\www\thinkphp\Lib\Core\Db.class.php 第 569 行.
SQL: SELECT `status`,count(*) count FROM `user_recommends` WHERE ( `status` > 1 ) AND ( `bg_survey_user` = 104 ) GROUP BY status  [ RunTime:0.000636s ]
SQL: SHOW COLUMNS FROM `user_statuses` [ RunTime:0.004158s ]
NOTIC: [8192] preg_replace(): The /e modifier is deprecated, use preg_replace_callback instead D:\wamp\www\thinkphp\Lib\Core\Db.class.php 第 569 行.
SQL: SELECT `id`,`name` FROM `user_statuses` WHERE ( `id` > 21 )  [ RunTime:0.000447s ]
NOTIC: [8] Undefined offset: 40 D:\wamp\www\yinxing_pm\Lib\Action\Frontend\UserAction.class.php 第 19 行.
NOTIC: [8] Undefined offset: 60 D:\wamp\www\yinxing_pm\Lib\Action\Frontend\UserAction.class.php 第 19 行.
NOTIC: [8] Undefined offset: 70 D:\wamp\www\yinxing_pm\Lib\Action\Frontend\UserAction.class.php 第 19 行.
NOTIC: [8] Undefined offset: 80 D:\wamp\www\yinxing_pm\Lib\Action\Frontend\UserAction.class.php 第 19 行.
NOTIC: [8] Undefined offset: 90 D:\wamp\www\yinxing_pm\Lib\Action\Frontend\UserAction.class.php 第 19 行.
NOTIC: [8] Undefined offset: 99 D:\wamp\www\yinxing_pm\Lib\Action\Frontend\UserAction.class.php 第 19 行.
NOTIC: [8] Undefined offset: 100 D:\wamp\www\yinxing_pm\Lib\Action\Frontend\UserAction.class.php 第 19 行.
SQL: SHOW COLUMNS FROM `background_survey` [ RunTime:0.003430s ]
NOTIC: [8192] preg_replace(): The /e modifier is deprecated, use preg_replace_callback instead D:\wamp\www\thinkphp\Lib\Core\Db.class.php 第 569 行.
SQL: SELECT * FROM `background_survey` WHERE ( `recommend_id` = 68 )  [ RunTime:0.000597s ]

[ 2015-08-25T13:27:38+08:00 ] 127.0.0.1 /user/ajax_save_bg_survey
INFO: [ app_begin ] --START--
INFO: Run ReadHtmlCache Behavior [ RunTime:0.001202s ]
INFO: Run CheckLang Behavior [ RunTime:0.002683s ]
INFO: [ app_begin ] --END-- [ RunTime:0.004170s ]
NOTIC: [2048] Declaration of UserAction::success() should be compatible with Action::success($message, $jumpUrl = '', $ajax = false) D:\wamp\www\yinxing_pm\Lib\Action\Frontend\UserAction.class.php 第 2 行.
NOTIC: [8192] mysql_connect(): The mysql extension is deprecated and will be removed in the future: use mysqli or PDO instead D:\wamp\www\thinkphp\Lib\Driver\Db\DbMysql.class.php 第 56 行.
SQL: SHOW COLUMNS FROM `options` [ RunTime:0.005577s ]
NOTIC: [8192] preg_replace(): The /e modifier is deprecated, use preg_replace_callback instead D:\wamp\www\thinkphp\Lib\Core\Db.class.php 第 569 行.
SQL: SELECT * FROM `options` WHERE autoload="Y"  [ RunTime:0.000786s ]
SQL: SHOW COLUMNS FROM `custom_columns` [ RunTime:0.004043s ]
NOTIC: [2] Missing argument 1 for CustomColumnsModel::getUserInfoModuleColumns(), called in D:\wamp\www\yinxing_pm\Lib\Action\Frontend\UserAction.class.php on line 10 and defined D:\wamp\www\yinxing_pm\Lib\Model\CustomColumnsModel.class.php 第 64 行.
SQL: SHOW COLUMNS FROM `custom_list_views` [ RunTime:0.004554s ]
SQL: SHOW COLUMNS FROM `user_recommends` [ RunTime:0.003246s ]
NOTIC: [8192] preg_replace(): The /e modifier is deprecated, use preg_replace_callback instead D:\wamp\www\thinkphp\Lib\Core\Db.class.php 第 569 行.
SQL: SELECT `status`,count(*) count FROM `user_recommends` WHERE ( `status` > 1 ) AND ( `bg_survey_user` = 104 ) GROUP BY status  [ RunTime:0.000645s ]
SQL: SHOW COLUMNS FROM `user_statuses` [ RunTime:0.004014s ]
NOTIC: [8192] preg_replace(): The /e modifier is deprecated, use preg_replace_callback instead D:\wamp\www\thinkphp\Lib\Core\Db.class.php 第 569 行.
SQL: SELECT `id`,`name` FROM `user_statuses` WHERE ( `id` > 21 )  [ RunTime:0.000418s ]
NOTIC: [8] Undefined offset: 40 D:\wamp\www\yinxing_pm\Lib\Action\Frontend\UserAction.class.php 第 19 行.
NOTIC: [8] Undefined offset: 60 D:\wamp\www\yinxing_pm\Lib\Action\Frontend\UserAction.class.php 第 19 行.
NOTIC: [8] Undefined offset: 70 D:\wamp\www\yinxing_pm\Lib\Action\Frontend\UserAction.class.php 第 19 行.
NOTIC: [8] Undefined offset: 80 D:\wamp\www\yinxing_pm\Lib\Action\Frontend\UserAction.class.php 第 19 行.
NOTIC: [8] Undefined offset: 90 D:\wamp\www\yinxing_pm\Lib\Action\Frontend\UserAction.class.php 第 19 行.
NOTIC: [8] Undefined offset: 99 D:\wamp\www\yinxing_pm\Lib\Action\Frontend\UserAction.class.php 第 19 行.
NOTIC: [8] Undefined offset: 100 D:\wamp\www\yinxing_pm\Lib\Action\Frontend\UserAction.class.php 第 19 行.
SQL: SHOW COLUMNS FROM `background_survey` [ RunTime:0.003949s ]
NOTIC: [8192] preg_replace(): The /e modifier is deprecated, use preg_replace_callback instead D:\wamp\www\thinkphp\Lib\Core\Db.class.php 第 569 行.
SQL: SELECT * FROM `background_survey` WHERE ( `recommend_id` = 68 ) AND ( `question_id` = 24 )  [ RunTime:0.000480s ]
SQL: UPDATE `background_survey` SET `question_id`=24,`recommend_id`=68,`survey_id`=104,`answer`='',`date`='2015-08-25' WHERE ( `id` = 57 ) [ RunTime:0.050561s ]

