[ 2015-08-10T10:17:08+08:00 ] ERR: (ThinkException) 无法加载模块:Favicon
[ 2015-08-10T10:20:25+08:00 ] ERR: (ThinkException) 无法加载模块:Favicon
[ 2015-08-10T10:20:47+08:00 ] ERR: (ThinkException) 无法加载模块:Favicon
[ 2015-08-10T10:31:52+08:00 ] ERR: (ThinkException) 无法加载模块:Favicon
[ 2015-08-10T10:31:58+08:00 ] ERR: (ThinkException) 无法加载模块:Favicon
[ 2015-08-10T10:33:11+08:00 ] ERR: (ThinkException) 无法加载模块:Favicon
[ 2015-08-10T10:34:00+08:00 ] ERR: (ThinkException) 无法加载模块:Favicon
[ 2015-08-10T10:35:29+08:00 ] ERR: (ThinkException) 无法加载模块:Favicon
[ 2015-08-10T10:36:49+08:00 ] ERR: (ThinkException) 无法加载模块:Favicon
[ 2015-08-10T10:37:40+08:00 ] ERR: (ThinkException) 无法加载模块:Favicon
[ 2015-08-10T10:37:49+08:00 ] ERR: (ThinkException) 无法加载模块:Favicon
[ 2015-08-10T10:39:32+08:00 ] ERR: (ThinkException) 无法加载模块:Favicon
[ 2015-08-10T10:43:04+08:00 ] ERR: (ThinkException) 无法加载模块:Favicon
[ 2015-08-10T10:49:22+08:00 ] ERR: (ThinkException) 无法加载模块:Favicon
[ 2015-08-10T10:50:11+08:00 ] ERR: (ThinkException) 无法加载模块:Favicon
[ 2015-08-10T10:50:43+08:00 ] ERR: (ThinkException) 无法加载模块:Favicon
[ 2015-08-10T10:51:26+08:00 ] ERR: (ThinkException) 无法加载模块:Favicon
[ 2015-08-10T10:51:44+08:00 ] ERR: (ThinkException) 无法加载模块:Favicon
[ 2015-08-10T10:52:11+08:00 ] ERR: (ThinkException) 无法加载模块:Favicon
[ 2015-08-10T10:52:35+08:00 ] ERR: (ThinkException) 无法加载模块:Favicon
[ 2015-08-10T10:52:47+08:00 ] ERR: (ThinkException) 无法加载模块:Favicon
[ 2015-08-10T10:52:50+08:00 ] ERR: (ThinkException) 无法加载模块:Favicon
[ 2015-08-10T10:53:02+08:00 ] ERR: (ThinkException) 无法加载模块:Favicon
[ 2015-08-10T10:53:19+08:00 ] ERR: (ThinkException) 无法加载模块:Favicon
[ 2015-08-10T10:53:24+08:00 ] ERR: (ThinkException) 无法加载模块:Favicon
[ 2015-08-10T10:53:27+08:00 ] ERR: (ThinkException) 无法加载模块:Favicon
[ 2015-08-10T10:53:45+08:00 ] ERR: (ThinkException) 无法加载模块:Favicon
[ 2015-08-10T10:53:48+08:00 ] ERR: (ThinkException) 无法加载模块:Favicon
[ 2015-08-10T10:54:21+08:00 ] ERR: (ThinkException) 无法加载模块:Favicon
[ 2015-08-10T10:57:47+08:00 ] ERR: (ThinkException) 无法加载模块:Favicon
[ 2015-08-10T10:57:50+08:00 ] ERR: (ThinkException) 无法加载模块:Favicon
[ 2015-08-10T10:58:12+08:00 ] ERR: (ThinkException) 无法加载模块:Favicon
[ 2015-08-10T10:58:15+08:00 ] ERR: (ThinkException) 无法加载模块:Favicon
[ 2015-08-10T10:58:22+08:00 ] ERR: (ThinkException) 无法加载模块:Favicon
[ 2015-08-10T10:58:24+08:00 ] ERR: (ThinkException) 无法加载模块:Favicon
[ 2015-08-10T10:58:40+08:00 ] ERR: (ThinkException) 无法加载模块:Favicon
[ 2015-08-10T11:01:23+08:00 ] ERR: (ThinkException) 无法加载模块:Favicon
[ 2015-08-10T11:03:59+08:00 ] ERR: (ThinkException) 无法加载模块:Favicon
[ 2015-08-10T11:04:20+08:00 ] ERR: (ThinkException) 无法加载模块:Favicon
[ 2015-08-10T11:15:06+08:00 ] ERR: (ThinkException) 无法加载模块:Favicon
[ 2015-08-10T11:16:05+08:00 ] ERR: (ThinkException) 无法加载模块:Favicon
[ 2015-08-10T11:18:29+08:00 ] ERR: (ThinkException) 无法加载模块:Favicon
[ 2015-08-10T11:19:11+08:00 ] ERR: (ThinkException) 无法加载模块:Favicon
[ 2015-08-10T11:21:52+08:00 ] ERR: (ThinkException) 无法加载模块:Favicon
[ 2015-08-10T11:22:03+08:00 ] ERR: (ThinkException) 无法加载模块:Favicon
[ 2015-08-10T11:23:31+08:00 ] ERR: (ThinkException) 无法加载模块:Favicon
[ 2015-08-10T11:26:51+08:00 ] ERR: (ThinkException) 非法操作:user
[ 2015-08-10T11:26:51+08:00 ] ERR: (ThinkException) 无法加载模块:Favicon
[ 2015-08-10T11:27:15+08:00 ] ERR: (ThinkException) 非法操作:user
[ 2015-08-10T11:27:15+08:00 ] ERR: (ThinkException) 无法加载模块:Favicon
[ 2015-08-10T11:32:43+08:00 ] ERR: (ThinkException) 无法加载模块:Favicon
[ 2015-08-10T11:34:56+08:00 ] ERR: (ThinkException) Model:getAuditStatusIdNameMap您所请求的方法不存在！
[ 2015-08-10T11:34:58+08:00 ] ERR: (ThinkException) 无法加载模块:Favicon
[ 2015-08-10T11:35:24+08:00 ] ERR: (ThinkException) 无法加载模块:Favicon
[ 2015-08-10T11:38:12+08:00 ] ERR: (ThinkException) 无法加载模块:Favicon
[ 2015-08-10T11:39:10+08:00 ] ERR: (ThinkException) 无法加载模块:Favicon
[ 2015-08-10T11:39:15+08:00 ] ERR: (ThinkException) 无法加载模块:Favicon
[ 2015-08-10T11:39:18+08:00 ] ERR: (ThinkException) 无法加载模块:Favicon
[ 2015-08-10T11:42:53+08:00 ] ERR: (ThinkException) 无法加载模块:Favicon
[ 2015-08-10T11:47:31+08:00 ] ERR: (ThinkException) 无法加载模块:Favicon
[ 2015-08-10T11:47:41+08:00 ] ERR: (ThinkException) 无法加载模块:Favicon
[ 2015-08-10T11:49:08+08:00 ] ERR: (ThinkException) 无法加载模块:Favicon
[ 2015-08-10T11:49:34+08:00 ] ERR: (ThinkException) 无法加载模块:Favicon
[ 2015-08-10T11:50:13+08:00 ] ERR: (ThinkException) 无法加载模块:Favicon
[ 2015-08-10T11:51:51+08:00 ] ERR: (ThinkException) 无法加载模块:Favicon
[ 2015-08-10T12:08:52+08:00 ] ERR: (ThinkException) 无法加载模块:Favicon
[ 2015-08-10T12:09:03+08:00 ] ERR: (ThinkException) 无法加载模块:Favicon
[ 2015-08-10T12:09:09+08:00 ] ERR: (ThinkException) 无法加载模块:Favicon
[ 2015-08-10T12:12:36+08:00 ] ERR: (ThinkException) 无法加载模块:Favicon
[ 2015-08-10T12:12:38+08:00 ] ERR: (ThinkException) 无法加载模块:Favicon
[ 2015-08-10T12:12:56+08:00 ] ERR: (ThinkException) 无法加载模块:Favicon
[ 2015-08-10T12:13:08+08:00 ] ERR: (ThinkException) 无法加载模块:Favicon
[ 2015-08-10T12:20:59+08:00 ] ERR: (ThinkException) 无法加载模块:Favicon
[ 2015-08-10T12:22:38+08:00 ] ERR: (ThinkException) 无法加载模块:Favicon
[ 2015-08-10T12:22:51+08:00 ] ERR: (ThinkException) 无法加载模块:Favicon
[ 2015-08-10T12:24:34+08:00 ] ERR: (ThinkException) 无法加载模块:Favicon
[ 2015-08-10T12:25:22+08:00 ] ERR: (ThinkException) 无法加载模块:Favicon
[ 2015-08-10T12:26:32+08:00 ] ERR: (ThinkException) 无法加载模块:Favicon
[ 2015-08-10T12:26:43+08:00 ] ERR: (ThinkException) 无法加载模块:Favicon
[ 2015-08-10T12:26:59+08:00 ] ERR: (ThinkException) 无法加载模块:Favicon
[ 2015-08-10T12:27:38+08:00 ] ERR: (ThinkException) 无法加载模块:Favicon
[ 2015-08-10T12:28:28+08:00 ] ERR: (ThinkException) 无法加载模块:Favicon
[ 2015-08-10T12:28:57+08:00 ] ERR: (ThinkException) 无法加载模块:Favicon
[ 2015-08-10T12:30:30+08:00 ] ERR: (ThinkException) 无法加载模块:Favicon
[ 2015-08-10T12:30:47+08:00 ] ERR: (ThinkException) 无法加载模块:Favicon
[ 2015-08-10T12:34:55+08:00 ] ERR: (ThinkException) 无法加载模块:Favicon
[ 2015-08-10T12:35:14+08:00 ] ERR: (ThinkException) 无法加载模块:Favicon
[ 2015-08-10T12:37:34+08:00 ] ERR: (ThinkException) 无法加载模块:Favicon
[ 2015-08-10T12:37:50+08:00 ] ERR: (ThinkException) 无法加载模块:Favicon
[ 2015-08-10T13:23:24+08:00 ] ERR: (ThinkException) 无法加载模块:Favicon
[ 2015-08-10T13:24:25+08:00 ] ERR: (ThinkException) 无法加载模块:Favicon
[ 2015-08-10T13:25:37+08:00 ] ERR: (ThinkException) 无法加载模块:Favicon
[ 2015-08-10T13:26:30+08:00 ] ERR: (ThinkException) 无法加载模块:Favicon
[ 2015-08-10T13:26:51+08:00 ] ERR: (ThinkException) 无法加载模块:Favicon
[ 2015-08-10T13:27:38+08:00 ] ERR: (ThinkException) 表达式错误:<
[ 2015-08-10T13:27:39+08:00 ] ERR: (ThinkException) 无法加载模块:Favicon
[ 2015-08-10T13:27:58+08:00 ] ERR: (ThinkException) 无法加载模块:Favicon
[ 2015-08-10T13:28:58+08:00 ] ERR: (ThinkException) 表达式错误:<
[ 2015-08-10T13:28:58+08:00 ] ERR: (ThinkException) 无法加载模块:Favicon
[ 2015-08-10T13:29:13+08:00 ] ERR: (ThinkException) 表达式错误:<
[ 2015-08-10T13:29:14+08:00 ] ERR: (ThinkException) 无法加载模块:Favicon
[ 2015-08-10T13:29:39+08:00 ] ERR: (ThinkException) 表达式错误:b
[ 2015-08-10T13:29:39+08:00 ] ERR: (ThinkException) 无法加载模块:Favicon
[ 2015-08-10T13:29:47+08:00 ] ERR: (ThinkException) 表达式错误: < 
[ 2015-08-10T13:29:47+08:00 ] ERR: (ThinkException) 无法加载模块:Favicon
[ 2015-08-10T13:29:54+08:00 ] ERR: (ThinkException) 表达式错误:<
[ 2015-08-10T13:29:55+08:00 ] ERR: (ThinkException) 无法加载模块:Favicon
[ 2015-08-10T13:32:46+08:00 ] ERR: (ThinkException) 表达式错误:<
[ 2015-08-10T13:32:46+08:00 ] ERR: (ThinkException) 无法加载模块:Favicon
[ 2015-08-10T13:32:48+08:00 ] ERR: (ThinkException) 表达式错误:<
[ 2015-08-10T13:32:48+08:00 ] ERR: (ThinkException) 无法加载模块:Favicon
[ 2015-08-10T13:33:05+08:00 ] ERR: (ThinkException) 无法加载模块:Favicon
[ 2015-08-10T13:34:14+08:00 ] ERR: (ThinkException) 无法加载模块:Favicon
[ 2015-08-10T13:35:32+08:00 ] ERR: (ThinkException) 无法加载模块:Favicon
[ 2015-08-10T13:38:27+08:00 ] ERR: (ThinkException) 无法加载模块:Favicon
[ 2015-08-10T13:39:34+08:00 ] ERR: (ThinkException) 无法加载模块:Favicon
[ 2015-08-10T13:40:01+08:00 ] ERR: (ThinkException) 无法加载模块:Favicon
[ 2015-08-10T13:40:26+08:00 ] ERR: (ThinkException) 无法加载模块:Favicon
[ 2015-08-10T13:47:13+08:00 ] ERR: (ThinkException) 无法加载模块:Favicon
[ 2015-08-10T13:47:50+08:00 ] ERR: (ThinkException) 无法加载模块:Favicon
[ 2015-08-10T13:49:59+08:00 ] ERR: (ThinkException) 无法加载模块:Favicon
[ 2015-08-10T13:51:01+08:00 ] ERR: (ThinkException) 无法加载模块:Favicon
[ 2015-08-10T13:52:13+08:00 ] ERR: (ThinkException) 无法加载模块:Favicon
[ 2015-08-10T13:55:42+08:00 ] ERR: (ThinkException) 无法加载模块:Favicon
[ 2015-08-10T14:02:19+08:00 ] ERR: (ThinkException) 无法加载模块:Favicon
[ 2015-08-10T14:03:31+08:00 ] ERR: (ThinkException) 无法加载模块:Favicon
[ 2015-08-10T14:04:04+08:00 ] ERR: (ThinkException) 无法加载模块:Favicon
[ 2015-08-10T14:06:14+08:00 ] ERR: (ThinkException) 无法加载模块:Favicon
[ 2015-08-10T14:07:53+08:00 ] ERR: (ThinkException) 无法加载模块:Favicon
[ 2015-08-10T14:11:11+08:00 ] ERR: (ThinkException) 无法加载模块:Favicon
[ 2015-08-10T14:11:21+08:00 ] ERR: (ThinkException) 无法加载模块:Favicon
[ 2015-08-10T15:00:30+08:00 ] ERR: (ThinkException) 无法加载模块:Favicon
[ 2015-08-10T15:02:46+08:00 ] ERR: (ThinkException) 无法加载模块:Favicon
[ 2015-08-10T15:06:36+08:00 ] ERR: (ThinkException) 无法加载模块:Favicon
[ 2015-08-10T15:07:17+08:00 ] ERR: (ThinkException) 无法加载模块:Favicon
[ 2015-08-10T15:08:04+08:00 ] ERR: (ThinkException) 无法加载模块:Favicon
[ 2015-08-10T15:08:26+08:00 ] ERR: (ThinkException) 无法加载模块:Favicon
[ 2015-08-10T15:08:32+08:00 ] ERR: (ThinkException) 无法加载模块:Favicon
[ 2015-08-10T15:09:28+08:00 ] ERR: (ThinkException) 无法加载模块:Favicon
[ 2015-08-10T15:09:56+08:00 ] ERR: (ThinkException) 无法加载模块:Favicon
[ 2015-08-10T15:10:57+08:00 ] ERR: (ThinkException) 无法加载模块:Favicon
[ 2015-08-10T15:12:02+08:00 ] ERR: (ThinkException) 无法加载模块:Favicon
[ 2015-08-10T15:12:31+08:00 ] ERR: (ThinkException) 无法加载模块:Favicon
[ 2015-08-10T15:13:05+08:00 ] ERR: (ThinkException) 无法加载模块:Favicon
[ 2015-08-10T15:13:18+08:00 ] ERR: (ThinkException) 无法加载模块:Favicon
[ 2015-08-10T15:13:39+08:00 ] ERR: (ThinkException) 无法加载模块:Favicon
[ 2015-08-10T15:17:18+08:00 ] ERR: (ThinkException) 无法加载模块:Favicon
[ 2015-08-10T15:18:03+08:00 ] ERR: (ThinkException) 无法加载模块:Favicon
[ 2015-08-10T15:19:20+08:00 ] ERR: (ThinkException) 无法加载模块:Favicon
[ 2015-08-10T15:21:20+08:00 ] ERR: (ThinkException) 无法加载模块:Favicon
[ 2015-08-10T15:21:42+08:00 ] ERR: (ThinkException) 无法加载模块:Favicon
[ 2015-08-10T15:22:04+08:00 ] ERR: (ThinkException) 无法加载模块:Favicon
[ 2015-08-10T15:23:06+08:00 ] ERR: (ThinkException) 无法加载模块:Favicon
[ 2015-08-10T15:23:25+08:00 ] ERR: (ThinkException) 无法加载模块:Favicon
[ 2015-08-10T15:23:42+08:00 ] ERR: (ThinkException) 无法加载模块:Favicon
[ 2015-08-10T15:26:39+08:00 ] ERR: (ThinkException) 无法加载模块:Favicon
[ 2015-08-10T15:27:41+08:00 ] ERR: (ThinkException) 无法加载模块:Favicon
[ 2015-08-10T15:28:30+08:00 ] ERR: (ThinkException) 无法加载模块:Favicon
[ 2015-08-10T15:29:30+08:00 ] ERR: (ThinkException) 无法加载模块:Favicon
[ 2015-08-10T15:30:04+08:00 ] ERR: (ThinkException) 无法加载模块:Favicon
