[ 2015-08-19T16:53:14+08:00 ] ERR: (ThinkException) 非法操作:ever
[ 2015-08-19T16:53:14+08:00 ] ERR: (ThinkException) 无法加载模块:Favicon
[ 2015-08-19T17:05:20+08:00 ] ERR: (ThinkException) 无法加载模块:Favicon
[ 2015-08-19T17:05:24+08:00 ] ERR: (ThinkException) 无法加载模块:Favicon
[ 2015-08-19T17:08:00+08:00 ] ERR: (ThinkException) 无法加载模块:Favicon
[ 2015-08-19T17:09:26+08:00 ] ERR: (ThinkException) 无法加载模块:Favicon
[ 2015-08-19T17:09:33+08:00 ] ERR: (ThinkException) 无法加载模块:Favicon
[ 2015-08-19T17:54:57+08:00 ] 127.0.0.1 /user/ajax_save_status_note
INFO: [ app_begin ] --START--
INFO: Run ReadHtmlCache Behavior [ RunTime:0.001218s ]
INFO: Run CheckLang Behavior [ RunTime:0.002476s ]
INFO: [ app_begin ] --END-- [ RunTime:0.003991s ]
NOTIC: [2048] Declaration of UserAction::success() should be compatible with Action::success($message, $jumpUrl = '', $ajax = false) D:\wamp\www\yinxing_pm\Lib\Action\Frontend\UserAction.class.php 第 2 行.
NOTIC: [8192] mysql_connect(): The mysql extension is deprecated and will be removed in the future: use mysqli or PDO instead D:\wamp\www\thinkphp\Lib\Driver\Db\DbMysql.class.php 第 56 行.
SQL: SHOW COLUMNS FROM `options` [ RunTime:0.011493s ]
NOTIC: [8192] preg_replace(): The /e modifier is deprecated, use preg_replace_callback instead D:\wamp\www\thinkphp\Lib\Core\Db.class.php 第 569 行.
SQL: SELECT * FROM `options` WHERE autoload="Y"  [ RunTime:0.000559s ]
SQL: SHOW COLUMNS FROM `custom_columns` [ RunTime:0.011574s ]
NOTIC: [2] Missing argument 1 for CustomColumnsModel::getUserInfoModuleColumns(), called in D:\wamp\www\yinxing_pm\Lib\Action\Frontend\UserAction.class.php on line 18 and defined D:\wamp\www\yinxing_pm\Lib\Model\CustomColumnsModel.class.php 第 64 行.
SQL: SHOW COLUMNS FROM `custom_list_views` [ RunTime:0.009738s ]
SQL: SHOW COLUMNS FROM `user_recommends` [ RunTime:0.010641s ]
NOTIC: [8192] preg_replace(): The /e modifier is deprecated, use preg_replace_callback instead D:\wamp\www\thinkphp\Lib\Core\Db.class.php 第 569 行.
SQL: SELECT `status`,count(*) count FROM `user_recommends` WHERE ( `status` > 1 ) GROUP BY status  [ RunTime:0.000548s ]
SQL: SHOW COLUMNS FROM `user_statuses` [ RunTime:0.012102s ]
NOTIC: [8192] preg_replace(): The /e modifier is deprecated, use preg_replace_callback instead D:\wamp\www\thinkphp\Lib\Core\Db.class.php 第 569 行.
SQL: SELECT `id`,`name` FROM `user_statuses` WHERE ( `id` > 1 )  [ RunTime:0.000408s ]
NOTIC: [8] Undefined offset: 40 D:\wamp\www\yinxing_pm\Lib\Action\Frontend\UserAction.class.php 第 29 行.
NOTIC: [8] Undefined offset: 80 D:\wamp\www\yinxing_pm\Lib\Action\Frontend\UserAction.class.php 第 29 行.
NOTIC: [8] Undefined offset: 90 D:\wamp\www\yinxing_pm\Lib\Action\Frontend\UserAction.class.php 第 29 行.
SQL: SHOW COLUMNS FROM `user_recommends` [ RunTime:0.005547s ]
SQL: UPDATE `user_recommends` SET `status_note`='A' WHERE ( `id` = 18 ) [ RunTime:0.000485s ]

[ 2015-08-19T19:07:43+08:00 ] ERR: (ThinkException) 非法操作:ajax_save_content_block_toggle
[ 2015-08-19T19:07:43+08:00 ] 127.0.0.1 /user/ajax_save_content_block_toggle?block=_summary_content&id=2
INFO: [ app_begin ] --START--
INFO: Run ReadHtmlCache Behavior [ RunTime:0.002342s ]
INFO: Run CheckLang Behavior [ RunTime:0.004462s ]
INFO: [ app_begin ] --END-- [ RunTime:0.007324s ]
NOTIC: [2048] Declaration of UserAction::success() should be compatible with Action::success($message, $jumpUrl = '', $ajax = false) D:\wamp\www\yinxing_pm\Lib\Action\Frontend\UserAction.class.php 第 2 行.
NOTIC: [8192] mysql_connect(): The mysql extension is deprecated and will be removed in the future: use mysqli or PDO instead D:\wamp\www\thinkphp\Lib\Driver\Db\DbMysql.class.php 第 56 行.
SQL: SHOW COLUMNS FROM `options` [ RunTime:0.053482s ]
NOTIC: [8192] preg_replace(): The /e modifier is deprecated, use preg_replace_callback instead D:\wamp\www\thinkphp\Lib\Core\Db.class.php 第 569 行.
SQL: SELECT * FROM `options` WHERE autoload="Y"  [ RunTime:0.001018s ]
SQL: SHOW COLUMNS FROM `custom_columns` [ RunTime:0.025882s ]
NOTIC: [2] Missing argument 1 for CustomColumnsModel::getUserInfoModuleColumns(), called in D:\wamp\www\yinxing_pm\Lib\Action\Frontend\UserAction.class.php on line 18 and defined D:\wamp\www\yinxing_pm\Lib\Model\CustomColumnsModel.class.php 第 64 行.
SQL: SHOW COLUMNS FROM `custom_list_views` [ RunTime:0.017380s ]
SQL: SHOW COLUMNS FROM `user_recommends` [ RunTime:0.018124s ]
NOTIC: [8192] preg_replace(): The /e modifier is deprecated, use preg_replace_callback instead D:\wamp\www\thinkphp\Lib\Core\Db.class.php 第 569 行.
SQL: SELECT `status`,count(*) count FROM `user_recommends` WHERE ( `status` > 1 ) GROUP BY status  [ RunTime:0.000868s ]
SQL: SHOW COLUMNS FROM `user_statuses` [ RunTime:0.030357s ]
NOTIC: [8192] preg_replace(): The /e modifier is deprecated, use preg_replace_callback instead D:\wamp\www\thinkphp\Lib\Core\Db.class.php 第 569 行.
SQL: SELECT `id`,`name` FROM `user_statuses` WHERE ( `id` > 1 )  [ RunTime:0.000709s ]
NOTIC: [8] Undefined offset: 40 D:\wamp\www\yinxing_pm\Lib\Action\Frontend\UserAction.class.php 第 29 行.
NOTIC: [8] Undefined offset: 80 D:\wamp\www\yinxing_pm\Lib\Action\Frontend\UserAction.class.php 第 29 行.
NOTIC: [8] Undefined offset: 90 D:\wamp\www\yinxing_pm\Lib\Action\Frontend\UserAction.class.php 第 29 行.
NOTIC: [8] Undefined index: class D:\wamp\www\thinkphp\Lib\Core\ThinkException.class.php 第 63 行.
NOTIC: [8] Undefined index: type D:\wamp\www\thinkphp\Lib\Core\ThinkException.class.php 第 63 行.
NOTIC: [8] Undefined index: file D:\wamp\www\thinkphp\Lib\Core\ThinkException.class.php 第 62 行.
NOTIC: [8] Undefined index: line D:\wamp\www\thinkphp\Lib\Core\ThinkException.class.php 第 62 行.
NOTIC: [4096] Object of class UserAction could not be converted to string D:\wamp\www\thinkphp\Lib\Core\ThinkException.class.php 第 64 行.
NOTIC: [8] Array to string conversion D:\wamp\www\thinkphp\Lib\Core\ThinkException.class.php 第 64 行.
NOTIC: [8] Undefined index: class D:\wamp\www\thinkphp\Lib\Core\ThinkException.class.php 第 63 行.
NOTIC: [8] Undefined index: type D:\wamp\www\thinkphp\Lib\Core\ThinkException.class.php 第 63 行.
NOTIC: [8] Undefined index: class D:\wamp\www\thinkphp\Lib\Core\ThinkException.class.php 第 63 行.
NOTIC: [8] Undefined index: type D:\wamp\www\thinkphp\Lib\Core\ThinkException.class.php 第 63 行.

[ 2015-08-19T19:07:44+08:00 ] ERR: (ThinkException) 非法操作:ajax_save_content_block_toggle
[ 2015-08-19T19:07:44+08:00 ] 127.0.0.1 /user/ajax_save_content_block_toggle?block=_detail_content_2&id=2
INFO: [ app_begin ] --START--
INFO: Run ReadHtmlCache Behavior [ RunTime:0.002532s ]
INFO: Run CheckLang Behavior [ RunTime:0.005120s ]
INFO: [ app_begin ] --END-- [ RunTime:0.008097s ]
NOTIC: [2048] Declaration of UserAction::success() should be compatible with Action::success($message, $jumpUrl = '', $ajax = false) D:\wamp\www\yinxing_pm\Lib\Action\Frontend\UserAction.class.php 第 2 行.
NOTIC: [8192] mysql_connect(): The mysql extension is deprecated and will be removed in the future: use mysqli or PDO instead D:\wamp\www\thinkphp\Lib\Driver\Db\DbMysql.class.php 第 56 行.
SQL: SHOW COLUMNS FROM `options` [ RunTime:0.032692s ]
NOTIC: [8192] preg_replace(): The /e modifier is deprecated, use preg_replace_callback instead D:\wamp\www\thinkphp\Lib\Core\Db.class.php 第 569 行.
SQL: SELECT * FROM `options` WHERE autoload="Y"  [ RunTime:0.000983s ]
SQL: SHOW COLUMNS FROM `custom_columns` [ RunTime:0.019567s ]
NOTIC: [2] Missing argument 1 for CustomColumnsModel::getUserInfoModuleColumns(), called in D:\wamp\www\yinxing_pm\Lib\Action\Frontend\UserAction.class.php on line 18 and defined D:\wamp\www\yinxing_pm\Lib\Model\CustomColumnsModel.class.php 第 64 行.
SQL: SHOW COLUMNS FROM `custom_list_views` [ RunTime:0.024921s ]
SQL: SHOW COLUMNS FROM `user_recommends` [ RunTime:0.042581s ]
NOTIC: [8192] preg_replace(): The /e modifier is deprecated, use preg_replace_callback instead D:\wamp\www\thinkphp\Lib\Core\Db.class.php 第 569 行.
SQL: SELECT `status`,count(*) count FROM `user_recommends` WHERE ( `status` > 1 ) GROUP BY status  [ RunTime:0.001101s ]
SQL: SHOW COLUMNS FROM `user_statuses` [ RunTime:0.026254s ]
NOTIC: [8192] preg_replace(): The /e modifier is deprecated, use preg_replace_callback instead D:\wamp\www\thinkphp\Lib\Core\Db.class.php 第 569 行.
SQL: SELECT `id`,`name` FROM `user_statuses` WHERE ( `id` > 1 )  [ RunTime:0.000956s ]
NOTIC: [8] Undefined offset: 40 D:\wamp\www\yinxing_pm\Lib\Action\Frontend\UserAction.class.php 第 29 行.
NOTIC: [8] Undefined offset: 80 D:\wamp\www\yinxing_pm\Lib\Action\Frontend\UserAction.class.php 第 29 行.
NOTIC: [8] Undefined offset: 90 D:\wamp\www\yinxing_pm\Lib\Action\Frontend\UserAction.class.php 第 29 行.
NOTIC: [8] Undefined index: class D:\wamp\www\thinkphp\Lib\Core\ThinkException.class.php 第 63 行.
NOTIC: [8] Undefined index: type D:\wamp\www\thinkphp\Lib\Core\ThinkException.class.php 第 63 行.
NOTIC: [8] Undefined index: file D:\wamp\www\thinkphp\Lib\Core\ThinkException.class.php 第 62 行.
NOTIC: [8] Undefined index: line D:\wamp\www\thinkphp\Lib\Core\ThinkException.class.php 第 62 行.
NOTIC: [4096] Object of class UserAction could not be converted to string D:\wamp\www\thinkphp\Lib\Core\ThinkException.class.php 第 64 行.
NOTIC: [8] Array to string conversion D:\wamp\www\thinkphp\Lib\Core\ThinkException.class.php 第 64 行.
NOTIC: [8] Undefined index: class D:\wamp\www\thinkphp\Lib\Core\ThinkException.class.php 第 63 行.
NOTIC: [8] Undefined index: type D:\wamp\www\thinkphp\Lib\Core\ThinkException.class.php 第 63 行.
NOTIC: [8] Undefined index: class D:\wamp\www\thinkphp\Lib\Core\ThinkException.class.php 第 63 行.
NOTIC: [8] Undefined index: type D:\wamp\www\thinkphp\Lib\Core\ThinkException.class.php 第 63 行.

[ 2015-08-19T19:07:51+08:00 ] ERR: (ThinkException) 非法操作:ajax_save_content_block_toggle
[ 2015-08-19T19:07:51+08:00 ] 127.0.0.1 /user/ajax_save_content_block_toggle?block=_summary_content&id=2
INFO: [ app_begin ] --START--
INFO: Run ReadHtmlCache Behavior [ RunTime:0.002161s ]
INFO: Run CheckLang Behavior [ RunTime:0.010025s ]
INFO: [ app_begin ] --END-- [ RunTime:0.012641s ]
NOTIC: [2048] Declaration of UserAction::success() should be compatible with Action::success($message, $jumpUrl = '', $ajax = false) D:\wamp\www\yinxing_pm\Lib\Action\Frontend\UserAction.class.php 第 2 行.
NOTIC: [8192] mysql_connect(): The mysql extension is deprecated and will be removed in the future: use mysqli or PDO instead D:\wamp\www\thinkphp\Lib\Driver\Db\DbMysql.class.php 第 56 行.
SQL: SHOW COLUMNS FROM `options` [ RunTime:0.029477s ]
NOTIC: [8192] preg_replace(): The /e modifier is deprecated, use preg_replace_callback instead D:\wamp\www\thinkphp\Lib\Core\Db.class.php 第 569 行.
SQL: SELECT * FROM `options` WHERE autoload="Y"  [ RunTime:0.000934s ]
SQL: SHOW COLUMNS FROM `custom_columns` [ RunTime:0.028709s ]
NOTIC: [2] Missing argument 1 for CustomColumnsModel::getUserInfoModuleColumns(), called in D:\wamp\www\yinxing_pm\Lib\Action\Frontend\UserAction.class.php on line 18 and defined D:\wamp\www\yinxing_pm\Lib\Model\CustomColumnsModel.class.php 第 64 行.
SQL: SHOW COLUMNS FROM `custom_list_views` [ RunTime:0.019723s ]
SQL: SHOW COLUMNS FROM `user_recommends` [ RunTime:0.024839s ]
NOTIC: [8192] preg_replace(): The /e modifier is deprecated, use preg_replace_callback instead D:\wamp\www\thinkphp\Lib\Core\Db.class.php 第 569 行.
SQL: SELECT `status`,count(*) count FROM `user_recommends` WHERE ( `status` > 1 ) GROUP BY status  [ RunTime:0.001143s ]
SQL: SHOW COLUMNS FROM `user_statuses` [ RunTime:0.019330s ]
NOTIC: [8192] preg_replace(): The /e modifier is deprecated, use preg_replace_callback instead D:\wamp\www\thinkphp\Lib\Core\Db.class.php 第 569 行.
SQL: SELECT `id`,`name` FROM `user_statuses` WHERE ( `id` > 1 )  [ RunTime:0.000617s ]
NOTIC: [8] Undefined offset: 40 D:\wamp\www\yinxing_pm\Lib\Action\Frontend\UserAction.class.php 第 29 行.
NOTIC: [8] Undefined offset: 80 D:\wamp\www\yinxing_pm\Lib\Action\Frontend\UserAction.class.php 第 29 行.
NOTIC: [8] Undefined offset: 90 D:\wamp\www\yinxing_pm\Lib\Action\Frontend\UserAction.class.php 第 29 行.
NOTIC: [8] Undefined index: class D:\wamp\www\thinkphp\Lib\Core\ThinkException.class.php 第 63 行.
NOTIC: [8] Undefined index: type D:\wamp\www\thinkphp\Lib\Core\ThinkException.class.php 第 63 行.
NOTIC: [8] Undefined index: file D:\wamp\www\thinkphp\Lib\Core\ThinkException.class.php 第 62 行.
NOTIC: [8] Undefined index: line D:\wamp\www\thinkphp\Lib\Core\ThinkException.class.php 第 62 行.
NOTIC: [4096] Object of class UserAction could not be converted to string D:\wamp\www\thinkphp\Lib\Core\ThinkException.class.php 第 64 行.
NOTIC: [8] Array to string conversion D:\wamp\www\thinkphp\Lib\Core\ThinkException.class.php 第 64 行.
NOTIC: [8] Undefined index: class D:\wamp\www\thinkphp\Lib\Core\ThinkException.class.php 第 63 行.
NOTIC: [8] Undefined index: type D:\wamp\www\thinkphp\Lib\Core\ThinkException.class.php 第 63 行.
NOTIC: [8] Undefined index: class D:\wamp\www\thinkphp\Lib\Core\ThinkException.class.php 第 63 行.
NOTIC: [8] Undefined index: type D:\wamp\www\thinkphp\Lib\Core\ThinkException.class.php 第 63 行.

[ 2015-08-19T19:07:56+08:00 ] ERR: (ThinkException) 非法操作:ajax_save_content_block_toggle
[ 2015-08-19T19:07:56+08:00 ] 127.0.0.1 /user/ajax_save_content_block_toggle?block=_detail_content_2&id=2
INFO: [ app_begin ] --START--
INFO: Run ReadHtmlCache Behavior [ RunTime:0.001204s ]
INFO: Run CheckLang Behavior [ RunTime:0.007115s ]
INFO: [ app_begin ] --END-- [ RunTime:0.008712s ]
NOTIC: [2048] Declaration of UserAction::success() should be compatible with Action::success($message, $jumpUrl = '', $ajax = false) D:\wamp\www\yinxing_pm\Lib\Action\Frontend\UserAction.class.php 第 2 行.
NOTIC: [8192] mysql_connect(): The mysql extension is deprecated and will be removed in the future: use mysqli or PDO instead D:\wamp\www\thinkphp\Lib\Driver\Db\DbMysql.class.php 第 56 行.
SQL: SHOW COLUMNS FROM `options` [ RunTime:0.027001s ]
NOTIC: [8192] preg_replace(): The /e modifier is deprecated, use preg_replace_callback instead D:\wamp\www\thinkphp\Lib\Core\Db.class.php 第 569 行.
SQL: SELECT * FROM `options` WHERE autoload="Y"  [ RunTime:0.000908s ]
SQL: SHOW COLUMNS FROM `custom_columns` [ RunTime:0.024688s ]
NOTIC: [2] Missing argument 1 for CustomColumnsModel::getUserInfoModuleColumns(), called in D:\wamp\www\yinxing_pm\Lib\Action\Frontend\UserAction.class.php on line 18 and defined D:\wamp\www\yinxing_pm\Lib\Model\CustomColumnsModel.class.php 第 64 行.
SQL: SHOW COLUMNS FROM `custom_list_views` [ RunTime:0.016219s ]
SQL: SHOW COLUMNS FROM `user_recommends` [ RunTime:0.027010s ]
NOTIC: [8192] preg_replace(): The /e modifier is deprecated, use preg_replace_callback instead D:\wamp\www\thinkphp\Lib\Core\Db.class.php 第 569 行.
SQL: SELECT `status`,count(*) count FROM `user_recommends` WHERE ( `status` > 1 ) GROUP BY status  [ RunTime:0.001904s ]
SQL: SHOW COLUMNS FROM `user_statuses` [ RunTime:0.033190s ]
NOTIC: [8192] preg_replace(): The /e modifier is deprecated, use preg_replace_callback instead D:\wamp\www\thinkphp\Lib\Core\Db.class.php 第 569 行.
SQL: SELECT `id`,`name` FROM `user_statuses` WHERE ( `id` > 1 )  [ RunTime:0.001255s ]
NOTIC: [8] Undefined offset: 40 D:\wamp\www\yinxing_pm\Lib\Action\Frontend\UserAction.class.php 第 29 行.
NOTIC: [8] Undefined offset: 80 D:\wamp\www\yinxing_pm\Lib\Action\Frontend\UserAction.class.php 第 29 行.
NOTIC: [8] Undefined offset: 90 D:\wamp\www\yinxing_pm\Lib\Action\Frontend\UserAction.class.php 第 29 行.
NOTIC: [8] Undefined index: class D:\wamp\www\thinkphp\Lib\Core\ThinkException.class.php 第 63 行.
NOTIC: [8] Undefined index: type D:\wamp\www\thinkphp\Lib\Core\ThinkException.class.php 第 63 行.
NOTIC: [8] Undefined index: file D:\wamp\www\thinkphp\Lib\Core\ThinkException.class.php 第 62 行.
NOTIC: [8] Undefined index: line D:\wamp\www\thinkphp\Lib\Core\ThinkException.class.php 第 62 行.
NOTIC: [4096] Object of class UserAction could not be converted to string D:\wamp\www\thinkphp\Lib\Core\ThinkException.class.php 第 64 行.
NOTIC: [8] Array to string conversion D:\wamp\www\thinkphp\Lib\Core\ThinkException.class.php 第 64 行.
NOTIC: [8] Undefined index: class D:\wamp\www\thinkphp\Lib\Core\ThinkException.class.php 第 63 行.
NOTIC: [8] Undefined index: type D:\wamp\www\thinkphp\Lib\Core\ThinkException.class.php 第 63 行.
NOTIC: [8] Undefined index: class D:\wamp\www\thinkphp\Lib\Core\ThinkException.class.php 第 63 行.
NOTIC: [8] Undefined index: type D:\wamp\www\thinkphp\Lib\Core\ThinkException.class.php 第 63 行.

[ 2015-08-19T19:07:57+08:00 ] ERR: (ThinkException) 非法操作:ajax_save_content_block_toggle
[ 2015-08-19T19:07:57+08:00 ] 127.0.0.1 /user/ajax_save_content_block_toggle?block=_detail_content_3&id=2
INFO: [ app_begin ] --START--
INFO: Run ReadHtmlCache Behavior [ RunTime:0.002796s ]
INFO: Run CheckLang Behavior [ RunTime:0.005971s ]
INFO: [ app_begin ] --END-- [ RunTime:0.009246s ]
NOTIC: [2048] Declaration of UserAction::success() should be compatible with Action::success($message, $jumpUrl = '', $ajax = false) D:\wamp\www\yinxing_pm\Lib\Action\Frontend\UserAction.class.php 第 2 行.
NOTIC: [8192] mysql_connect(): The mysql extension is deprecated and will be removed in the future: use mysqli or PDO instead D:\wamp\www\thinkphp\Lib\Driver\Db\DbMysql.class.php 第 56 行.
SQL: SHOW COLUMNS FROM `options` [ RunTime:0.026151s ]
NOTIC: [8192] preg_replace(): The /e modifier is deprecated, use preg_replace_callback instead D:\wamp\www\thinkphp\Lib\Core\Db.class.php 第 569 行.
SQL: SELECT * FROM `options` WHERE autoload="Y"  [ RunTime:0.001463s ]
SQL: SHOW COLUMNS FROM `custom_columns` [ RunTime:0.021111s ]
NOTIC: [2] Missing argument 1 for CustomColumnsModel::getUserInfoModuleColumns(), called in D:\wamp\www\yinxing_pm\Lib\Action\Frontend\UserAction.class.php on line 18 and defined D:\wamp\www\yinxing_pm\Lib\Model\CustomColumnsModel.class.php 第 64 行.
SQL: SHOW COLUMNS FROM `custom_list_views` [ RunTime:0.023862s ]
SQL: SHOW COLUMNS FROM `user_recommends` [ RunTime:0.020810s ]
NOTIC: [8192] preg_replace(): The /e modifier is deprecated, use preg_replace_callback instead D:\wamp\www\thinkphp\Lib\Core\Db.class.php 第 569 行.
SQL: SELECT `status`,count(*) count FROM `user_recommends` WHERE ( `status` > 1 ) GROUP BY status  [ RunTime:0.000859s ]
SQL: SHOW COLUMNS FROM `user_statuses` [ RunTime:0.019757s ]
NOTIC: [8192] preg_replace(): The /e modifier is deprecated, use preg_replace_callback instead D:\wamp\www\thinkphp\Lib\Core\Db.class.php 第 569 行.
SQL: SELECT `id`,`name` FROM `user_statuses` WHERE ( `id` > 1 )  [ RunTime:0.001303s ]
NOTIC: [8] Undefined offset: 40 D:\wamp\www\yinxing_pm\Lib\Action\Frontend\UserAction.class.php 第 29 行.
NOTIC: [8] Undefined offset: 80 D:\wamp\www\yinxing_pm\Lib\Action\Frontend\UserAction.class.php 第 29 行.
NOTIC: [8] Undefined offset: 90 D:\wamp\www\yinxing_pm\Lib\Action\Frontend\UserAction.class.php 第 29 行.
NOTIC: [8] Undefined index: class D:\wamp\www\thinkphp\Lib\Core\ThinkException.class.php 第 63 行.
NOTIC: [8] Undefined index: type D:\wamp\www\thinkphp\Lib\Core\ThinkException.class.php 第 63 行.
NOTIC: [8] Undefined index: file D:\wamp\www\thinkphp\Lib\Core\ThinkException.class.php 第 62 行.
NOTIC: [8] Undefined index: line D:\wamp\www\thinkphp\Lib\Core\ThinkException.class.php 第 62 行.
NOTIC: [4096] Object of class UserAction could not be converted to string D:\wamp\www\thinkphp\Lib\Core\ThinkException.class.php 第 64 行.
NOTIC: [8] Array to string conversion D:\wamp\www\thinkphp\Lib\Core\ThinkException.class.php 第 64 行.
NOTIC: [8] Undefined index: class D:\wamp\www\thinkphp\Lib\Core\ThinkException.class.php 第 63 行.
NOTIC: [8] Undefined index: type D:\wamp\www\thinkphp\Lib\Core\ThinkException.class.php 第 63 行.
NOTIC: [8] Undefined index: class D:\wamp\www\thinkphp\Lib\Core\ThinkException.class.php 第 63 行.
NOTIC: [8] Undefined index: type D:\wamp\www\thinkphp\Lib\Core\ThinkException.class.php 第 63 行.

[ 2015-08-19T19:07:58+08:00 ] ERR: (ThinkException) 非法操作:ajax_save_content_block_toggle
[ 2015-08-19T19:07:58+08:00 ] 127.0.0.1 /user/ajax_save_content_block_toggle?block=_recommend_content&id=2
INFO: [ app_begin ] --START--
INFO: Run ReadHtmlCache Behavior [ RunTime:0.001707s ]
INFO: Run CheckLang Behavior [ RunTime:0.005712s ]
INFO: [ app_begin ] --END-- [ RunTime:0.007794s ]
NOTIC: [2048] Declaration of UserAction::success() should be compatible with Action::success($message, $jumpUrl = '', $ajax = false) D:\wamp\www\yinxing_pm\Lib\Action\Frontend\UserAction.class.php 第 2 行.
NOTIC: [8192] mysql_connect(): The mysql extension is deprecated and will be removed in the future: use mysqli or PDO instead D:\wamp\www\thinkphp\Lib\Driver\Db\DbMysql.class.php 第 56 行.
SQL: SHOW COLUMNS FROM `options` [ RunTime:0.036645s ]
NOTIC: [8192] preg_replace(): The /e modifier is deprecated, use preg_replace_callback instead D:\wamp\www\thinkphp\Lib\Core\Db.class.php 第 569 行.
SQL: SELECT * FROM `options` WHERE autoload="Y"  [ RunTime:0.000818s ]
SQL: SHOW COLUMNS FROM `custom_columns` [ RunTime:0.017362s ]
NOTIC: [2] Missing argument 1 for CustomColumnsModel::getUserInfoModuleColumns(), called in D:\wamp\www\yinxing_pm\Lib\Action\Frontend\UserAction.class.php on line 18 and defined D:\wamp\www\yinxing_pm\Lib\Model\CustomColumnsModel.class.php 第 64 行.
SQL: SHOW COLUMNS FROM `custom_list_views` [ RunTime:0.018778s ]
SQL: SHOW COLUMNS FROM `user_recommends` [ RunTime:0.018699s ]
NOTIC: [8192] preg_replace(): The /e modifier is deprecated, use preg_replace_callback instead D:\wamp\www\thinkphp\Lib\Core\Db.class.php 第 569 行.
SQL: SELECT `status`,count(*) count FROM `user_recommends` WHERE ( `status` > 1 ) GROUP BY status  [ RunTime:0.001236s ]
SQL: SHOW COLUMNS FROM `user_statuses` [ RunTime:0.021724s ]
NOTIC: [8192] preg_replace(): The /e modifier is deprecated, use preg_replace_callback instead D:\wamp\www\thinkphp\Lib\Core\Db.class.php 第 569 行.
SQL: SELECT `id`,`name` FROM `user_statuses` WHERE ( `id` > 1 )  [ RunTime:0.000862s ]
NOTIC: [8] Undefined offset: 40 D:\wamp\www\yinxing_pm\Lib\Action\Frontend\UserAction.class.php 第 29 行.
NOTIC: [8] Undefined offset: 80 D:\wamp\www\yinxing_pm\Lib\Action\Frontend\UserAction.class.php 第 29 行.
NOTIC: [8] Undefined offset: 90 D:\wamp\www\yinxing_pm\Lib\Action\Frontend\UserAction.class.php 第 29 行.
NOTIC: [8] Undefined index: class D:\wamp\www\thinkphp\Lib\Core\ThinkException.class.php 第 63 行.
NOTIC: [8] Undefined index: type D:\wamp\www\thinkphp\Lib\Core\ThinkException.class.php 第 63 行.
NOTIC: [8] Undefined index: file D:\wamp\www\thinkphp\Lib\Core\ThinkException.class.php 第 62 行.
NOTIC: [8] Undefined index: line D:\wamp\www\thinkphp\Lib\Core\ThinkException.class.php 第 62 行.
NOTIC: [4096] Object of class UserAction could not be converted to string D:\wamp\www\thinkphp\Lib\Core\ThinkException.class.php 第 64 行.
NOTIC: [8] Array to string conversion D:\wamp\www\thinkphp\Lib\Core\ThinkException.class.php 第 64 行.
NOTIC: [8] Undefined index: class D:\wamp\www\thinkphp\Lib\Core\ThinkException.class.php 第 63 行.
NOTIC: [8] Undefined index: type D:\wamp\www\thinkphp\Lib\Core\ThinkException.class.php 第 63 行.
NOTIC: [8] Undefined index: class D:\wamp\www\thinkphp\Lib\Core\ThinkException.class.php 第 63 行.
NOTIC: [8] Undefined index: type D:\wamp\www\thinkphp\Lib\Core\ThinkException.class.php 第 63 行.

[ 2015-08-19T19:08:08+08:00 ] ERR: (ThinkException) 非法操作:ajax_save_content_block_toggle
[ 2015-08-19T19:08:08+08:00 ] 127.0.0.1 /user/ajax_save_content_block_toggle?block=_summary_content&id=2
INFO: [ app_begin ] --START--
INFO: Run ReadHtmlCache Behavior [ RunTime:0.004642s ]
INFO: Run CheckLang Behavior [ RunTime:0.008390s ]
INFO: [ app_begin ] --END-- [ RunTime:0.013624s ]
NOTIC: [2048] Declaration of UserAction::success() should be compatible with Action::success($message, $jumpUrl = '', $ajax = false) D:\wamp\www\yinxing_pm\Lib\Action\Frontend\UserAction.class.php 第 2 行.
NOTIC: [8192] mysql_connect(): The mysql extension is deprecated and will be removed in the future: use mysqli or PDO instead D:\wamp\www\thinkphp\Lib\Driver\Db\DbMysql.class.php 第 56 行.
SQL: SHOW COLUMNS FROM `options` [ RunTime:0.027212s ]
NOTIC: [8192] preg_replace(): The /e modifier is deprecated, use preg_replace_callback instead D:\wamp\www\thinkphp\Lib\Core\Db.class.php 第 569 行.
SQL: SELECT * FROM `options` WHERE autoload="Y"  [ RunTime:0.000864s ]
SQL: SHOW COLUMNS FROM `custom_columns` [ RunTime:0.016384s ]
NOTIC: [2] Missing argument 1 for CustomColumnsModel::getUserInfoModuleColumns(), called in D:\wamp\www\yinxing_pm\Lib\Action\Frontend\UserAction.class.php on line 18 and defined D:\wamp\www\yinxing_pm\Lib\Model\CustomColumnsModel.class.php 第 64 行.
SQL: SHOW COLUMNS FROM `custom_list_views` [ RunTime:0.020391s ]
SQL: SHOW COLUMNS FROM `user_recommends` [ RunTime:0.027972s ]
NOTIC: [8192] preg_replace(): The /e modifier is deprecated, use preg_replace_callback instead D:\wamp\www\thinkphp\Lib\Core\Db.class.php 第 569 行.
SQL: SELECT `status`,count(*) count FROM `user_recommends` WHERE ( `status` > 1 ) GROUP BY status  [ RunTime:0.001231s ]
SQL: SHOW COLUMNS FROM `user_statuses` [ RunTime:0.016740s ]
NOTIC: [8192] preg_replace(): The /e modifier is deprecated, use preg_replace_callback instead D:\wamp\www\thinkphp\Lib\Core\Db.class.php 第 569 行.
SQL: SELECT `id`,`name` FROM `user_statuses` WHERE ( `id` > 1 )  [ RunTime:0.000822s ]
NOTIC: [8] Undefined offset: 40 D:\wamp\www\yinxing_pm\Lib\Action\Frontend\UserAction.class.php 第 29 行.
NOTIC: [8] Undefined offset: 80 D:\wamp\www\yinxing_pm\Lib\Action\Frontend\UserAction.class.php 第 29 行.
NOTIC: [8] Undefined offset: 90 D:\wamp\www\yinxing_pm\Lib\Action\Frontend\UserAction.class.php 第 29 行.
NOTIC: [8] Undefined index: class D:\wamp\www\thinkphp\Lib\Core\ThinkException.class.php 第 63 行.
NOTIC: [8] Undefined index: type D:\wamp\www\thinkphp\Lib\Core\ThinkException.class.php 第 63 行.
NOTIC: [8] Undefined index: file D:\wamp\www\thinkphp\Lib\Core\ThinkException.class.php 第 62 行.
NOTIC: [8] Undefined index: line D:\wamp\www\thinkphp\Lib\Core\ThinkException.class.php 第 62 行.
NOTIC: [4096] Object of class UserAction could not be converted to string D:\wamp\www\thinkphp\Lib\Core\ThinkException.class.php 第 64 行.
NOTIC: [8] Array to string conversion D:\wamp\www\thinkphp\Lib\Core\ThinkException.class.php 第 64 行.
NOTIC: [8] Undefined index: class D:\wamp\www\thinkphp\Lib\Core\ThinkException.class.php 第 63 行.
NOTIC: [8] Undefined index: type D:\wamp\www\thinkphp\Lib\Core\ThinkException.class.php 第 63 行.
NOTIC: [8] Undefined index: class D:\wamp\www\thinkphp\Lib\Core\ThinkException.class.php 第 63 行.
NOTIC: [8] Undefined index: type D:\wamp\www\thinkphp\Lib\Core\ThinkException.class.php 第 63 行.

[ 2015-08-19T19:08:09+08:00 ] ERR: (ThinkException) 非法操作:ajax_save_content_block_toggle
[ 2015-08-19T19:08:09+08:00 ] 127.0.0.1 /user/ajax_save_content_block_toggle?block=_summary_content&id=2
INFO: [ app_begin ] --START--
INFO: Run ReadHtmlCache Behavior [ RunTime:0.001694s ]
INFO: Run CheckLang Behavior [ RunTime:0.011148s ]
INFO: [ app_begin ] --END-- [ RunTime:0.013411s ]
NOTIC: [2048] Declaration of UserAction::success() should be compatible with Action::success($message, $jumpUrl = '', $ajax = false) D:\wamp\www\yinxing_pm\Lib\Action\Frontend\UserAction.class.php 第 2 行.
NOTIC: [8192] mysql_connect(): The mysql extension is deprecated and will be removed in the future: use mysqli or PDO instead D:\wamp\www\thinkphp\Lib\Driver\Db\DbMysql.class.php 第 56 行.
SQL: SHOW COLUMNS FROM `options` [ RunTime:0.031619s ]
NOTIC: [8192] preg_replace(): The /e modifier is deprecated, use preg_replace_callback instead D:\wamp\www\thinkphp\Lib\Core\Db.class.php 第 569 行.
SQL: SELECT * FROM `options` WHERE autoload="Y"  [ RunTime:0.001386s ]
SQL: SHOW COLUMNS FROM `custom_columns` [ RunTime:0.020799s ]
NOTIC: [2] Missing argument 1 for CustomColumnsModel::getUserInfoModuleColumns(), called in D:\wamp\www\yinxing_pm\Lib\Action\Frontend\UserAction.class.php on line 18 and defined D:\wamp\www\yinxing_pm\Lib\Model\CustomColumnsModel.class.php 第 64 行.
SQL: SHOW COLUMNS FROM `custom_list_views` [ RunTime:0.018938s ]
SQL: SHOW COLUMNS FROM `user_recommends` [ RunTime:0.023664s ]
NOTIC: [8192] preg_replace(): The /e modifier is deprecated, use preg_replace_callback instead D:\wamp\www\thinkphp\Lib\Core\Db.class.php 第 569 行.
SQL: SELECT `status`,count(*) count FROM `user_recommends` WHERE ( `status` > 1 ) GROUP BY status  [ RunTime:0.001282s ]
SQL: SHOW COLUMNS FROM `user_statuses` [ RunTime:0.038099s ]
NOTIC: [8192] preg_replace(): The /e modifier is deprecated, use preg_replace_callback instead D:\wamp\www\thinkphp\Lib\Core\Db.class.php 第 569 行.
SQL: SELECT `id`,`name` FROM `user_statuses` WHERE ( `id` > 1 )  [ RunTime:0.001732s ]
NOTIC: [8] Undefined offset: 40 D:\wamp\www\yinxing_pm\Lib\Action\Frontend\UserAction.class.php 第 29 行.
NOTIC: [8] Undefined offset: 80 D:\wamp\www\yinxing_pm\Lib\Action\Frontend\UserAction.class.php 第 29 行.
NOTIC: [8] Undefined offset: 90 D:\wamp\www\yinxing_pm\Lib\Action\Frontend\UserAction.class.php 第 29 行.
NOTIC: [8] Undefined index: class D:\wamp\www\thinkphp\Lib\Core\ThinkException.class.php 第 63 行.
NOTIC: [8] Undefined index: type D:\wamp\www\thinkphp\Lib\Core\ThinkException.class.php 第 63 行.
NOTIC: [8] Undefined index: file D:\wamp\www\thinkphp\Lib\Core\ThinkException.class.php 第 62 行.
NOTIC: [8] Undefined index: line D:\wamp\www\thinkphp\Lib\Core\ThinkException.class.php 第 62 行.
NOTIC: [4096] Object of class UserAction could not be converted to string D:\wamp\www\thinkphp\Lib\Core\ThinkException.class.php 第 64 行.
NOTIC: [8] Array to string conversion D:\wamp\www\thinkphp\Lib\Core\ThinkException.class.php 第 64 行.
NOTIC: [8] Undefined index: class D:\wamp\www\thinkphp\Lib\Core\ThinkException.class.php 第 63 行.
NOTIC: [8] Undefined index: type D:\wamp\www\thinkphp\Lib\Core\ThinkException.class.php 第 63 行.
NOTIC: [8] Undefined index: class D:\wamp\www\thinkphp\Lib\Core\ThinkException.class.php 第 63 行.
NOTIC: [8] Undefined index: type D:\wamp\www\thinkphp\Lib\Core\ThinkException.class.php 第 63 行.

[ 2015-08-19T19:08:11+08:00 ] ERR: (ThinkException) 非法操作:ajax_save_content_block_toggle
[ 2015-08-19T19:08:11+08:00 ] 127.0.0.1 /user/ajax_save_content_block_toggle?block=_audit_content&id=2
INFO: [ app_begin ] --START--
INFO: Run ReadHtmlCache Behavior [ RunTime:0.003536s ]
INFO: Run CheckLang Behavior [ RunTime:0.006320s ]
INFO: [ app_begin ] --END-- [ RunTime:0.010393s ]
NOTIC: [2048] Declaration of UserAction::success() should be compatible with Action::success($message, $jumpUrl = '', $ajax = false) D:\wamp\www\yinxing_pm\Lib\Action\Frontend\UserAction.class.php 第 2 行.
NOTIC: [8192] mysql_connect(): The mysql extension is deprecated and will be removed in the future: use mysqli or PDO instead D:\wamp\www\thinkphp\Lib\Driver\Db\DbMysql.class.php 第 56 行.
SQL: SHOW COLUMNS FROM `options` [ RunTime:0.040558s ]
NOTIC: [8192] preg_replace(): The /e modifier is deprecated, use preg_replace_callback instead D:\wamp\www\thinkphp\Lib\Core\Db.class.php 第 569 行.
SQL: SELECT * FROM `options` WHERE autoload="Y"  [ RunTime:0.000987s ]
SQL: SHOW COLUMNS FROM `custom_columns` [ RunTime:0.023633s ]
NOTIC: [2] Missing argument 1 for CustomColumnsModel::getUserInfoModuleColumns(), called in D:\wamp\www\yinxing_pm\Lib\Action\Frontend\UserAction.class.php on line 18 and defined D:\wamp\www\yinxing_pm\Lib\Model\CustomColumnsModel.class.php 第 64 行.
SQL: SHOW COLUMNS FROM `custom_list_views` [ RunTime:0.036955s ]
SQL: SHOW COLUMNS FROM `user_recommends` [ RunTime:0.028242s ]
NOTIC: [8192] preg_replace(): The /e modifier is deprecated, use preg_replace_callback instead D:\wamp\www\thinkphp\Lib\Core\Db.class.php 第 569 行.
SQL: SELECT `status`,count(*) count FROM `user_recommends` WHERE ( `status` > 1 ) GROUP BY status  [ RunTime:0.000925s ]
SQL: SHOW COLUMNS FROM `user_statuses` [ RunTime:0.023736s ]
NOTIC: [8192] preg_replace(): The /e modifier is deprecated, use preg_replace_callback instead D:\wamp\www\thinkphp\Lib\Core\Db.class.php 第 569 行.
SQL: SELECT `id`,`name` FROM `user_statuses` WHERE ( `id` > 1 )  [ RunTime:0.000698s ]
NOTIC: [8] Undefined offset: 40 D:\wamp\www\yinxing_pm\Lib\Action\Frontend\UserAction.class.php 第 29 行.
NOTIC: [8] Undefined offset: 80 D:\wamp\www\yinxing_pm\Lib\Action\Frontend\UserAction.class.php 第 29 行.
NOTIC: [8] Undefined offset: 90 D:\wamp\www\yinxing_pm\Lib\Action\Frontend\UserAction.class.php 第 29 行.
NOTIC: [8] Undefined index: class D:\wamp\www\thinkphp\Lib\Core\ThinkException.class.php 第 63 行.
NOTIC: [8] Undefined index: type D:\wamp\www\thinkphp\Lib\Core\ThinkException.class.php 第 63 行.
NOTIC: [8] Undefined index: file D:\wamp\www\thinkphp\Lib\Core\ThinkException.class.php 第 62 行.
NOTIC: [8] Undefined index: line D:\wamp\www\thinkphp\Lib\Core\ThinkException.class.php 第 62 行.
NOTIC: [4096] Object of class UserAction could not be converted to string D:\wamp\www\thinkphp\Lib\Core\ThinkException.class.php 第 64 行.
NOTIC: [8] Array to string conversion D:\wamp\www\thinkphp\Lib\Core\ThinkException.class.php 第 64 行.
NOTIC: [8] Undefined index: class D:\wamp\www\thinkphp\Lib\Core\ThinkException.class.php 第 63 行.
NOTIC: [8] Undefined index: type D:\wamp\www\thinkphp\Lib\Core\ThinkException.class.php 第 63 行.
NOTIC: [8] Undefined index: class D:\wamp\www\thinkphp\Lib\Core\ThinkException.class.php 第 63 行.
NOTIC: [8] Undefined index: type D:\wamp\www\thinkphp\Lib\Core\ThinkException.class.php 第 63 行.

[ 2015-08-19T19:08:14+08:00 ] ERR: (ThinkException) 非法操作:ajax_save_content_block_toggle
[ 2015-08-19T19:08:14+08:00 ] 127.0.0.1 /user/ajax_save_content_block_toggle?block=_summary_content&id=2
INFO: [ app_begin ] --START--
INFO: Run ReadHtmlCache Behavior [ RunTime:0.002487s ]
INFO: Run CheckLang Behavior [ RunTime:0.004958s ]
INFO: [ app_begin ] --END-- [ RunTime:0.007953s ]
NOTIC: [2048] Declaration of UserAction::success() should be compatible with Action::success($message, $jumpUrl = '', $ajax = false) D:\wamp\www\yinxing_pm\Lib\Action\Frontend\UserAction.class.php 第 2 行.
NOTIC: [8192] mysql_connect(): The mysql extension is deprecated and will be removed in the future: use mysqli or PDO instead D:\wamp\www\thinkphp\Lib\Driver\Db\DbMysql.class.php 第 56 行.
SQL: SHOW COLUMNS FROM `options` [ RunTime:0.028201s ]
NOTIC: [8192] preg_replace(): The /e modifier is deprecated, use preg_replace_callback instead D:\wamp\www\thinkphp\Lib\Core\Db.class.php 第 569 行.
SQL: SELECT * FROM `options` WHERE autoload="Y"  [ RunTime:0.002140s ]
SQL: SHOW COLUMNS FROM `custom_columns` [ RunTime:0.019532s ]
NOTIC: [2] Missing argument 1 for CustomColumnsModel::getUserInfoModuleColumns(), called in D:\wamp\www\yinxing_pm\Lib\Action\Frontend\UserAction.class.php on line 18 and defined D:\wamp\www\yinxing_pm\Lib\Model\CustomColumnsModel.class.php 第 64 行.
SQL: SHOW COLUMNS FROM `custom_list_views` [ RunTime:0.023759s ]
SQL: SHOW COLUMNS FROM `user_recommends` [ RunTime:0.024172s ]
NOTIC: [8192] preg_replace(): The /e modifier is deprecated, use preg_replace_callback instead D:\wamp\www\thinkphp\Lib\Core\Db.class.php 第 569 行.
SQL: SELECT `status`,count(*) count FROM `user_recommends` WHERE ( `status` > 1 ) GROUP BY status  [ RunTime:0.001027s ]
SQL: SHOW COLUMNS FROM `user_statuses` [ RunTime:0.023711s ]
NOTIC: [8192] preg_replace(): The /e modifier is deprecated, use preg_replace_callback instead D:\wamp\www\thinkphp\Lib\Core\Db.class.php 第 569 行.
SQL: SELECT `id`,`name` FROM `user_statuses` WHERE ( `id` > 1 )  [ RunTime:0.000806s ]
NOTIC: [8] Undefined offset: 40 D:\wamp\www\yinxing_pm\Lib\Action\Frontend\UserAction.class.php 第 29 行.
NOTIC: [8] Undefined offset: 80 D:\wamp\www\yinxing_pm\Lib\Action\Frontend\UserAction.class.php 第 29 行.
NOTIC: [8] Undefined offset: 90 D:\wamp\www\yinxing_pm\Lib\Action\Frontend\UserAction.class.php 第 29 行.
NOTIC: [8] Undefined index: class D:\wamp\www\thinkphp\Lib\Core\ThinkException.class.php 第 63 行.
NOTIC: [8] Undefined index: type D:\wamp\www\thinkphp\Lib\Core\ThinkException.class.php 第 63 行.
NOTIC: [8] Undefined index: file D:\wamp\www\thinkphp\Lib\Core\ThinkException.class.php 第 62 行.
NOTIC: [8] Undefined index: line D:\wamp\www\thinkphp\Lib\Core\ThinkException.class.php 第 62 行.
NOTIC: [4096] Object of class UserAction could not be converted to string D:\wamp\www\thinkphp\Lib\Core\ThinkException.class.php 第 64 行.
NOTIC: [8] Array to string conversion D:\wamp\www\thinkphp\Lib\Core\ThinkException.class.php 第 64 行.
NOTIC: [8] Undefined index: class D:\wamp\www\thinkphp\Lib\Core\ThinkException.class.php 第 63 行.
NOTIC: [8] Undefined index: type D:\wamp\www\thinkphp\Lib\Core\ThinkException.class.php 第 63 行.
NOTIC: [8] Undefined index: class D:\wamp\www\thinkphp\Lib\Core\ThinkException.class.php 第 63 行.
NOTIC: [8] Undefined index: type D:\wamp\www\thinkphp\Lib\Core\ThinkException.class.php 第 63 行.

[ 2015-08-19T19:08:24+08:00 ] ERR: (ThinkException) 非法操作:ajax_save_content_block_toggle
[ 2015-08-19T19:08:24+08:00 ] 127.0.0.1 /user/ajax_save_content_block_toggle?block=_summary_content&id=2
INFO: [ app_begin ] --START--
INFO: Run ReadHtmlCache Behavior [ RunTime:0.001569s ]
INFO: Run CheckLang Behavior [ RunTime:0.003805s ]
INFO: [ app_begin ] --END-- [ RunTime:0.005955s ]
NOTIC: [2048] Declaration of UserAction::success() should be compatible with Action::success($message, $jumpUrl = '', $ajax = false) D:\wamp\www\yinxing_pm\Lib\Action\Frontend\UserAction.class.php 第 2 行.
NOTIC: [8192] mysql_connect(): The mysql extension is deprecated and will be removed in the future: use mysqli or PDO instead D:\wamp\www\thinkphp\Lib\Driver\Db\DbMysql.class.php 第 56 行.
SQL: SHOW COLUMNS FROM `options` [ RunTime:0.018304s ]
NOTIC: [8192] preg_replace(): The /e modifier is deprecated, use preg_replace_callback instead D:\wamp\www\thinkphp\Lib\Core\Db.class.php 第 569 行.
SQL: SELECT * FROM `options` WHERE autoload="Y"  [ RunTime:0.000770s ]
SQL: SHOW COLUMNS FROM `custom_columns` [ RunTime:0.050594s ]
NOTIC: [2] Missing argument 1 for CustomColumnsModel::getUserInfoModuleColumns(), called in D:\wamp\www\yinxing_pm\Lib\Action\Frontend\UserAction.class.php on line 18 and defined D:\wamp\www\yinxing_pm\Lib\Model\CustomColumnsModel.class.php 第 64 行.
SQL: SHOW COLUMNS FROM `custom_list_views` [ RunTime:0.023665s ]
SQL: SHOW COLUMNS FROM `user_recommends` [ RunTime:0.024183s ]
NOTIC: [8192] preg_replace(): The /e modifier is deprecated, use preg_replace_callback instead D:\wamp\www\thinkphp\Lib\Core\Db.class.php 第 569 行.
SQL: SELECT `status`,count(*) count FROM `user_recommends` WHERE ( `status` > 1 ) GROUP BY status  [ RunTime:0.001131s ]
SQL: SHOW COLUMNS FROM `user_statuses` [ RunTime:0.023677s ]
NOTIC: [8192] preg_replace(): The /e modifier is deprecated, use preg_replace_callback instead D:\wamp\www\thinkphp\Lib\Core\Db.class.php 第 569 行.
SQL: SELECT `id`,`name` FROM `user_statuses` WHERE ( `id` > 1 )  [ RunTime:0.001410s ]
NOTIC: [8] Undefined offset: 40 D:\wamp\www\yinxing_pm\Lib\Action\Frontend\UserAction.class.php 第 29 行.
NOTIC: [8] Undefined offset: 80 D:\wamp\www\yinxing_pm\Lib\Action\Frontend\UserAction.class.php 第 29 行.
NOTIC: [8] Undefined offset: 90 D:\wamp\www\yinxing_pm\Lib\Action\Frontend\UserAction.class.php 第 29 行.
NOTIC: [8] Undefined index: class D:\wamp\www\thinkphp\Lib\Core\ThinkException.class.php 第 63 行.
NOTIC: [8] Undefined index: type D:\wamp\www\thinkphp\Lib\Core\ThinkException.class.php 第 63 行.
NOTIC: [8] Undefined index: file D:\wamp\www\thinkphp\Lib\Core\ThinkException.class.php 第 62 行.
NOTIC: [8] Undefined index: line D:\wamp\www\thinkphp\Lib\Core\ThinkException.class.php 第 62 行.
NOTIC: [4096] Object of class UserAction could not be converted to string D:\wamp\www\thinkphp\Lib\Core\ThinkException.class.php 第 64 行.
NOTIC: [8] Array to string conversion D:\wamp\www\thinkphp\Lib\Core\ThinkException.class.php 第 64 行.
NOTIC: [8] Undefined index: class D:\wamp\www\thinkphp\Lib\Core\ThinkException.class.php 第 63 行.
NOTIC: [8] Undefined index: type D:\wamp\www\thinkphp\Lib\Core\ThinkException.class.php 第 63 行.
NOTIC: [8] Undefined index: class D:\wamp\www\thinkphp\Lib\Core\ThinkException.class.php 第 63 行.
NOTIC: [8] Undefined index: type D:\wamp\www\thinkphp\Lib\Core\ThinkException.class.php 第 63 行.

[ 2015-08-19T19:08:44+08:00 ] ERR: (ThinkException) 非法操作:ajax_save_content_block_toggle
[ 2015-08-19T19:08:44+08:00 ] 127.0.0.1 /user/ajax_save_content_block_toggle?block=_summary_content&id=2
INFO: [ app_begin ] --START--
INFO: Run ReadHtmlCache Behavior [ RunTime:0.001933s ]
INFO: Run CheckLang Behavior [ RunTime:0.012671s ]
INFO: [ app_begin ] --END-- [ RunTime:0.015286s ]
NOTIC: [2048] Declaration of UserAction::success() should be compatible with Action::success($message, $jumpUrl = '', $ajax = false) D:\wamp\www\yinxing_pm\Lib\Action\Frontend\UserAction.class.php 第 2 行.
NOTIC: [8192] mysql_connect(): The mysql extension is deprecated and will be removed in the future: use mysqli or PDO instead D:\wamp\www\thinkphp\Lib\Driver\Db\DbMysql.class.php 第 56 行.
SQL: SHOW COLUMNS FROM `options` [ RunTime:0.025719s ]
NOTIC: [8192] preg_replace(): The /e modifier is deprecated, use preg_replace_callback instead D:\wamp\www\thinkphp\Lib\Core\Db.class.php 第 569 行.
SQL: SELECT * FROM `options` WHERE autoload="Y"  [ RunTime:0.000791s ]
SQL: SHOW COLUMNS FROM `custom_columns` [ RunTime:0.035750s ]
NOTIC: [2] Missing argument 1 for CustomColumnsModel::getUserInfoModuleColumns(), called in D:\wamp\www\yinxing_pm\Lib\Action\Frontend\UserAction.class.php on line 18 and defined D:\wamp\www\yinxing_pm\Lib\Model\CustomColumnsModel.class.php 第 64 行.
SQL: SHOW COLUMNS FROM `custom_list_views` [ RunTime:0.022447s ]
SQL: SHOW COLUMNS FROM `user_recommends` [ RunTime:0.025049s ]
NOTIC: [8192] preg_replace(): The /e modifier is deprecated, use preg_replace_callback instead D:\wamp\www\thinkphp\Lib\Core\Db.class.php 第 569 行.
SQL: SELECT `status`,count(*) count FROM `user_recommends` WHERE ( `status` > 1 ) GROUP BY status  [ RunTime:0.001062s ]
SQL: SHOW COLUMNS FROM `user_statuses` [ RunTime:0.023471s ]
NOTIC: [8192] preg_replace(): The /e modifier is deprecated, use preg_replace_callback instead D:\wamp\www\thinkphp\Lib\Core\Db.class.php 第 569 行.
SQL: SELECT `id`,`name` FROM `user_statuses` WHERE ( `id` > 1 )  [ RunTime:0.000948s ]
NOTIC: [8] Undefined offset: 40 D:\wamp\www\yinxing_pm\Lib\Action\Frontend\UserAction.class.php 第 29 行.
NOTIC: [8] Undefined offset: 80 D:\wamp\www\yinxing_pm\Lib\Action\Frontend\UserAction.class.php 第 29 行.
NOTIC: [8] Undefined offset: 90 D:\wamp\www\yinxing_pm\Lib\Action\Frontend\UserAction.class.php 第 29 行.
NOTIC: [8] Undefined index: class D:\wamp\www\thinkphp\Lib\Core\ThinkException.class.php 第 63 行.
NOTIC: [8] Undefined index: type D:\wamp\www\thinkphp\Lib\Core\ThinkException.class.php 第 63 行.
NOTIC: [8] Undefined index: file D:\wamp\www\thinkphp\Lib\Core\ThinkException.class.php 第 62 行.
NOTIC: [8] Undefined index: line D:\wamp\www\thinkphp\Lib\Core\ThinkException.class.php 第 62 行.
NOTIC: [4096] Object of class UserAction could not be converted to string D:\wamp\www\thinkphp\Lib\Core\ThinkException.class.php 第 64 行.
NOTIC: [8] Array to string conversion D:\wamp\www\thinkphp\Lib\Core\ThinkException.class.php 第 64 行.
NOTIC: [8] Undefined index: class D:\wamp\www\thinkphp\Lib\Core\ThinkException.class.php 第 63 行.
NOTIC: [8] Undefined index: type D:\wamp\www\thinkphp\Lib\Core\ThinkException.class.php 第 63 行.
NOTIC: [8] Undefined index: class D:\wamp\www\thinkphp\Lib\Core\ThinkException.class.php 第 63 行.
NOTIC: [8] Undefined index: type D:\wamp\www\thinkphp\Lib\Core\ThinkException.class.php 第 63 行.

[ 2015-08-19T19:08:57+08:00 ] ERR: (ThinkException) 非法操作:ajax_save_content_block_toggle
[ 2015-08-19T19:08:57+08:00 ] 127.0.0.1 /user/ajax_save_content_block_toggle?block=_summary_content&id=2
INFO: [ app_begin ] --START--
INFO: Run ReadHtmlCache Behavior [ RunTime:0.001463s ]
INFO: Run CheckLang Behavior [ RunTime:0.007005s ]
INFO: [ app_begin ] --END-- [ RunTime:0.008838s ]
NOTIC: [2048] Declaration of UserAction::success() should be compatible with Action::success($message, $jumpUrl = '', $ajax = false) D:\wamp\www\yinxing_pm\Lib\Action\Frontend\UserAction.class.php 第 2 行.
NOTIC: [8192] mysql_connect(): The mysql extension is deprecated and will be removed in the future: use mysqli or PDO instead D:\wamp\www\thinkphp\Lib\Driver\Db\DbMysql.class.php 第 56 行.
SQL: SHOW COLUMNS FROM `options` [ RunTime:0.030585s ]
NOTIC: [8192] preg_replace(): The /e modifier is deprecated, use preg_replace_callback instead D:\wamp\www\thinkphp\Lib\Core\Db.class.php 第 569 行.
SQL: SELECT * FROM `options` WHERE autoload="Y"  [ RunTime:0.001076s ]
SQL: SHOW COLUMNS FROM `custom_columns` [ RunTime:0.016553s ]
NOTIC: [2] Missing argument 1 for CustomColumnsModel::getUserInfoModuleColumns(), called in D:\wamp\www\yinxing_pm\Lib\Action\Frontend\UserAction.class.php on line 18 and defined D:\wamp\www\yinxing_pm\Lib\Model\CustomColumnsModel.class.php 第 64 行.
SQL: SHOW COLUMNS FROM `custom_list_views` [ RunTime:0.025377s ]
SQL: SHOW COLUMNS FROM `user_recommends` [ RunTime:0.020343s ]
NOTIC: [8192] preg_replace(): The /e modifier is deprecated, use preg_replace_callback instead D:\wamp\www\thinkphp\Lib\Core\Db.class.php 第 569 行.
SQL: SELECT `status`,count(*) count FROM `user_recommends` WHERE ( `status` > 1 ) GROUP BY status  [ RunTime:0.001279s ]
SQL: SHOW COLUMNS FROM `user_statuses` [ RunTime:0.029729s ]
NOTIC: [8192] preg_replace(): The /e modifier is deprecated, use preg_replace_callback instead D:\wamp\www\thinkphp\Lib\Core\Db.class.php 第 569 行.
SQL: SELECT `id`,`name` FROM `user_statuses` WHERE ( `id` > 1 )  [ RunTime:0.000784s ]
NOTIC: [8] Undefined offset: 40 D:\wamp\www\yinxing_pm\Lib\Action\Frontend\UserAction.class.php 第 29 行.
NOTIC: [8] Undefined offset: 80 D:\wamp\www\yinxing_pm\Lib\Action\Frontend\UserAction.class.php 第 29 行.
NOTIC: [8] Undefined offset: 90 D:\wamp\www\yinxing_pm\Lib\Action\Frontend\UserAction.class.php 第 29 行.
NOTIC: [8] Undefined index: class D:\wamp\www\thinkphp\Lib\Core\ThinkException.class.php 第 63 行.
NOTIC: [8] Undefined index: type D:\wamp\www\thinkphp\Lib\Core\ThinkException.class.php 第 63 行.
NOTIC: [8] Undefined index: file D:\wamp\www\thinkphp\Lib\Core\ThinkException.class.php 第 62 行.
NOTIC: [8] Undefined index: line D:\wamp\www\thinkphp\Lib\Core\ThinkException.class.php 第 62 行.
NOTIC: [4096] Object of class UserAction could not be converted to string D:\wamp\www\thinkphp\Lib\Core\ThinkException.class.php 第 64 行.
NOTIC: [8] Array to string conversion D:\wamp\www\thinkphp\Lib\Core\ThinkException.class.php 第 64 行.
NOTIC: [8] Undefined index: class D:\wamp\www\thinkphp\Lib\Core\ThinkException.class.php 第 63 行.
NOTIC: [8] Undefined index: type D:\wamp\www\thinkphp\Lib\Core\ThinkException.class.php 第 63 行.
NOTIC: [8] Undefined index: class D:\wamp\www\thinkphp\Lib\Core\ThinkException.class.php 第 63 行.
NOTIC: [8] Undefined index: type D:\wamp\www\thinkphp\Lib\Core\ThinkException.class.php 第 63 行.

[ 2015-08-19T19:08:57+08:00 ] ERR: (ThinkException) 非法操作:ajax_save_content_block_toggle
[ 2015-08-19T19:08:57+08:00 ] 127.0.0.1 /user/ajax_save_content_block_toggle?block=_summary_content&id=2
INFO: [ app_begin ] --START--
INFO: Run ReadHtmlCache Behavior [ RunTime:0.002086s ]
INFO: Run CheckLang Behavior [ RunTime:0.007765s ]
INFO: [ app_begin ] --END-- [ RunTime:0.010285s ]
NOTIC: [2048] Declaration of UserAction::success() should be compatible with Action::success($message, $jumpUrl = '', $ajax = false) D:\wamp\www\yinxing_pm\Lib\Action\Frontend\UserAction.class.php 第 2 行.
NOTIC: [8192] mysql_connect(): The mysql extension is deprecated and will be removed in the future: use mysqli or PDO instead D:\wamp\www\thinkphp\Lib\Driver\Db\DbMysql.class.php 第 56 行.
SQL: SHOW COLUMNS FROM `options` [ RunTime:0.013989s ]
NOTIC: [8192] preg_replace(): The /e modifier is deprecated, use preg_replace_callback instead D:\wamp\www\thinkphp\Lib\Core\Db.class.php 第 569 行.
SQL: SELECT * FROM `options` WHERE autoload="Y"  [ RunTime:0.000747s ]
SQL: SHOW COLUMNS FROM `custom_columns` [ RunTime:0.019766s ]
NOTIC: [2] Missing argument 1 for CustomColumnsModel::getUserInfoModuleColumns(), called in D:\wamp\www\yinxing_pm\Lib\Action\Frontend\UserAction.class.php on line 18 and defined D:\wamp\www\yinxing_pm\Lib\Model\CustomColumnsModel.class.php 第 64 行.
SQL: SHOW COLUMNS FROM `custom_list_views` [ RunTime:0.011154s ]
SQL: SHOW COLUMNS FROM `user_recommends` [ RunTime:0.020126s ]
NOTIC: [8192] preg_replace(): The /e modifier is deprecated, use preg_replace_callback instead D:\wamp\www\thinkphp\Lib\Core\Db.class.php 第 569 行.
SQL: SELECT `status`,count(*) count FROM `user_recommends` WHERE ( `status` > 1 ) GROUP BY status  [ RunTime:0.000900s ]
SQL: SHOW COLUMNS FROM `user_statuses` [ RunTime:0.012109s ]
NOTIC: [8192] preg_replace(): The /e modifier is deprecated, use preg_replace_callback instead D:\wamp\www\thinkphp\Lib\Core\Db.class.php 第 569 行.
SQL: SELECT `id`,`name` FROM `user_statuses` WHERE ( `id` > 1 )  [ RunTime:0.000684s ]
NOTIC: [8] Undefined offset: 40 D:\wamp\www\yinxing_pm\Lib\Action\Frontend\UserAction.class.php 第 29 行.
NOTIC: [8] Undefined offset: 80 D:\wamp\www\yinxing_pm\Lib\Action\Frontend\UserAction.class.php 第 29 行.
NOTIC: [8] Undefined offset: 90 D:\wamp\www\yinxing_pm\Lib\Action\Frontend\UserAction.class.php 第 29 行.
NOTIC: [8] Undefined index: class D:\wamp\www\thinkphp\Lib\Core\ThinkException.class.php 第 63 行.
NOTIC: [8] Undefined index: type D:\wamp\www\thinkphp\Lib\Core\ThinkException.class.php 第 63 行.
NOTIC: [8] Undefined index: file D:\wamp\www\thinkphp\Lib\Core\ThinkException.class.php 第 62 行.
NOTIC: [8] Undefined index: line D:\wamp\www\thinkphp\Lib\Core\ThinkException.class.php 第 62 行.
NOTIC: [4096] Object of class UserAction could not be converted to string D:\wamp\www\thinkphp\Lib\Core\ThinkException.class.php 第 64 行.
NOTIC: [8] Array to string conversion D:\wamp\www\thinkphp\Lib\Core\ThinkException.class.php 第 64 行.
NOTIC: [8] Undefined index: class D:\wamp\www\thinkphp\Lib\Core\ThinkException.class.php 第 63 行.
NOTIC: [8] Undefined index: type D:\wamp\www\thinkphp\Lib\Core\ThinkException.class.php 第 63 行.
NOTIC: [8] Undefined index: class D:\wamp\www\thinkphp\Lib\Core\ThinkException.class.php 第 63 行.
NOTIC: [8] Undefined index: type D:\wamp\www\thinkphp\Lib\Core\ThinkException.class.php 第 63 行.

[ 2015-08-19T19:09:02+08:00 ] ERR: (ThinkException) 非法操作:ajax_save_content_block_toggle
[ 2015-08-19T19:09:02+08:00 ] 127.0.0.1 /user/ajax_save_content_block_toggle?block=_detail_content_2&id=2
INFO: [ app_begin ] --START--
INFO: Run ReadHtmlCache Behavior [ RunTime:0.002686s ]
INFO: Run CheckLang Behavior [ RunTime:0.006216s ]
INFO: [ app_begin ] --END-- [ RunTime:0.009290s ]
NOTIC: [2048] Declaration of UserAction::success() should be compatible with Action::success($message, $jumpUrl = '', $ajax = false) D:\wamp\www\yinxing_pm\Lib\Action\Frontend\UserAction.class.php 第 2 行.
NOTIC: [8192] mysql_connect(): The mysql extension is deprecated and will be removed in the future: use mysqli or PDO instead D:\wamp\www\thinkphp\Lib\Driver\Db\DbMysql.class.php 第 56 行.
SQL: SHOW COLUMNS FROM `options` [ RunTime:0.034752s ]
NOTIC: [8192] preg_replace(): The /e modifier is deprecated, use preg_replace_callback instead D:\wamp\www\thinkphp\Lib\Core\Db.class.php 第 569 行.
SQL: SELECT * FROM `options` WHERE autoload="Y"  [ RunTime:0.000965s ]
SQL: SHOW COLUMNS FROM `custom_columns` [ RunTime:0.047864s ]
NOTIC: [2] Missing argument 1 for CustomColumnsModel::getUserInfoModuleColumns(), called in D:\wamp\www\yinxing_pm\Lib\Action\Frontend\UserAction.class.php on line 18 and defined D:\wamp\www\yinxing_pm\Lib\Model\CustomColumnsModel.class.php 第 64 行.
SQL: SHOW COLUMNS FROM `custom_list_views` [ RunTime:0.024136s ]
SQL: SHOW COLUMNS FROM `user_recommends` [ RunTime:0.028602s ]
NOTIC: [8192] preg_replace(): The /e modifier is deprecated, use preg_replace_callback instead D:\wamp\www\thinkphp\Lib\Core\Db.class.php 第 569 行.
SQL: SELECT `status`,count(*) count FROM `user_recommends` WHERE ( `status` > 1 ) GROUP BY status  [ RunTime:0.001031s ]
SQL: SHOW COLUMNS FROM `user_statuses` [ RunTime:0.051899s ]
NOTIC: [8192] preg_replace(): The /e modifier is deprecated, use preg_replace_callback instead D:\wamp\www\thinkphp\Lib\Core\Db.class.php 第 569 行.
SQL: SELECT `id`,`name` FROM `user_statuses` WHERE ( `id` > 1 )  [ RunTime:0.000906s ]
NOTIC: [8] Undefined offset: 40 D:\wamp\www\yinxing_pm\Lib\Action\Frontend\UserAction.class.php 第 29 行.
NOTIC: [8] Undefined offset: 80 D:\wamp\www\yinxing_pm\Lib\Action\Frontend\UserAction.class.php 第 29 行.
NOTIC: [8] Undefined offset: 90 D:\wamp\www\yinxing_pm\Lib\Action\Frontend\UserAction.class.php 第 29 行.
NOTIC: [8] Undefined index: class D:\wamp\www\thinkphp\Lib\Core\ThinkException.class.php 第 63 行.
NOTIC: [8] Undefined index: type D:\wamp\www\thinkphp\Lib\Core\ThinkException.class.php 第 63 行.
NOTIC: [8] Undefined index: file D:\wamp\www\thinkphp\Lib\Core\ThinkException.class.php 第 62 行.
NOTIC: [8] Undefined index: line D:\wamp\www\thinkphp\Lib\Core\ThinkException.class.php 第 62 行.
NOTIC: [4096] Object of class UserAction could not be converted to string D:\wamp\www\thinkphp\Lib\Core\ThinkException.class.php 第 64 行.
NOTIC: [8] Array to string conversion D:\wamp\www\thinkphp\Lib\Core\ThinkException.class.php 第 64 行.
NOTIC: [8] Undefined index: class D:\wamp\www\thinkphp\Lib\Core\ThinkException.class.php 第 63 行.
NOTIC: [8] Undefined index: type D:\wamp\www\thinkphp\Lib\Core\ThinkException.class.php 第 63 行.
NOTIC: [8] Undefined index: class D:\wamp\www\thinkphp\Lib\Core\ThinkException.class.php 第 63 行.
NOTIC: [8] Undefined index: type D:\wamp\www\thinkphp\Lib\Core\ThinkException.class.php 第 63 行.

[ 2015-08-19T19:09:04+08:00 ] ERR: (ThinkException) 非法操作:ajax_save_content_block_toggle
[ 2015-08-19T19:09:04+08:00 ] 127.0.0.1 /user/ajax_save_content_block_toggle?block=_detail_content_2&id=2
INFO: [ app_begin ] --START--
INFO: Run ReadHtmlCache Behavior [ RunTime:0.002195s ]
INFO: Run CheckLang Behavior [ RunTime:0.003952s ]
INFO: [ app_begin ] --END-- [ RunTime:0.007168s ]
NOTIC: [2048] Declaration of UserAction::success() should be compatible with Action::success($message, $jumpUrl = '', $ajax = false) D:\wamp\www\yinxing_pm\Lib\Action\Frontend\UserAction.class.php 第 2 行.
NOTIC: [8192] mysql_connect(): The mysql extension is deprecated and will be removed in the future: use mysqli or PDO instead D:\wamp\www\thinkphp\Lib\Driver\Db\DbMysql.class.php 第 56 行.
SQL: SHOW COLUMNS FROM `options` [ RunTime:0.025837s ]
NOTIC: [8192] preg_replace(): The /e modifier is deprecated, use preg_replace_callback instead D:\wamp\www\thinkphp\Lib\Core\Db.class.php 第 569 行.
SQL: SELECT * FROM `options` WHERE autoload="Y"  [ RunTime:0.001061s ]
SQL: SHOW COLUMNS FROM `custom_columns` [ RunTime:0.061114s ]
NOTIC: [2] Missing argument 1 for CustomColumnsModel::getUserInfoModuleColumns(), called in D:\wamp\www\yinxing_pm\Lib\Action\Frontend\UserAction.class.php on line 18 and defined D:\wamp\www\yinxing_pm\Lib\Model\CustomColumnsModel.class.php 第 64 行.
SQL: SHOW COLUMNS FROM `custom_list_views` [ RunTime:0.039058s ]
SQL: SHOW COLUMNS FROM `user_recommends` [ RunTime:0.022397s ]
NOTIC: [8192] preg_replace(): The /e modifier is deprecated, use preg_replace_callback instead D:\wamp\www\thinkphp\Lib\Core\Db.class.php 第 569 行.
SQL: SELECT `status`,count(*) count FROM `user_recommends` WHERE ( `status` > 1 ) GROUP BY status  [ RunTime:0.001675s ]
SQL: SHOW COLUMNS FROM `user_statuses` [ RunTime:0.019112s ]
NOTIC: [8192] preg_replace(): The /e modifier is deprecated, use preg_replace_callback instead D:\wamp\www\thinkphp\Lib\Core\Db.class.php 第 569 行.
SQL: SELECT `id`,`name` FROM `user_statuses` WHERE ( `id` > 1 )  [ RunTime:0.000823s ]
NOTIC: [8] Undefined offset: 40 D:\wamp\www\yinxing_pm\Lib\Action\Frontend\UserAction.class.php 第 29 行.
NOTIC: [8] Undefined offset: 80 D:\wamp\www\yinxing_pm\Lib\Action\Frontend\UserAction.class.php 第 29 行.
NOTIC: [8] Undefined offset: 90 D:\wamp\www\yinxing_pm\Lib\Action\Frontend\UserAction.class.php 第 29 行.
NOTIC: [8] Undefined index: class D:\wamp\www\thinkphp\Lib\Core\ThinkException.class.php 第 63 行.
NOTIC: [8] Undefined index: type D:\wamp\www\thinkphp\Lib\Core\ThinkException.class.php 第 63 行.
NOTIC: [8] Undefined index: file D:\wamp\www\thinkphp\Lib\Core\ThinkException.class.php 第 62 行.
NOTIC: [8] Undefined index: line D:\wamp\www\thinkphp\Lib\Core\ThinkException.class.php 第 62 行.
NOTIC: [4096] Object of class UserAction could not be converted to string D:\wamp\www\thinkphp\Lib\Core\ThinkException.class.php 第 64 行.
NOTIC: [8] Array to string conversion D:\wamp\www\thinkphp\Lib\Core\ThinkException.class.php 第 64 行.
NOTIC: [8] Undefined index: class D:\wamp\www\thinkphp\Lib\Core\ThinkException.class.php 第 63 行.
NOTIC: [8] Undefined index: type D:\wamp\www\thinkphp\Lib\Core\ThinkException.class.php 第 63 行.
NOTIC: [8] Undefined index: class D:\wamp\www\thinkphp\Lib\Core\ThinkException.class.php 第 63 行.
NOTIC: [8] Undefined index: type D:\wamp\www\thinkphp\Lib\Core\ThinkException.class.php 第 63 行.

[ 2015-08-19T19:09:05+08:00 ] ERR: (ThinkException) 非法操作:ajax_save_content_block_toggle
[ 2015-08-19T19:09:05+08:00 ] 127.0.0.1 /user/ajax_save_content_block_toggle?block=_summary_content&id=2
INFO: [ app_begin ] --START--
INFO: Run ReadHtmlCache Behavior [ RunTime:0.001805s ]
INFO: Run CheckLang Behavior [ RunTime:0.006495s ]
INFO: [ app_begin ] --END-- [ RunTime:0.008757s ]
NOTIC: [2048] Declaration of UserAction::success() should be compatible with Action::success($message, $jumpUrl = '', $ajax = false) D:\wamp\www\yinxing_pm\Lib\Action\Frontend\UserAction.class.php 第 2 行.
NOTIC: [8192] mysql_connect(): The mysql extension is deprecated and will be removed in the future: use mysqli or PDO instead D:\wamp\www\thinkphp\Lib\Driver\Db\DbMysql.class.php 第 56 行.
SQL: SHOW COLUMNS FROM `options` [ RunTime:0.051330s ]
NOTIC: [8192] preg_replace(): The /e modifier is deprecated, use preg_replace_callback instead D:\wamp\www\thinkphp\Lib\Core\Db.class.php 第 569 行.
SQL: SELECT * FROM `options` WHERE autoload="Y"  [ RunTime:0.000971s ]
SQL: SHOW COLUMNS FROM `custom_columns` [ RunTime:0.020994s ]
NOTIC: [2] Missing argument 1 for CustomColumnsModel::getUserInfoModuleColumns(), called in D:\wamp\www\yinxing_pm\Lib\Action\Frontend\UserAction.class.php on line 18 and defined D:\wamp\www\yinxing_pm\Lib\Model\CustomColumnsModel.class.php 第 64 行.
SQL: SHOW COLUMNS FROM `custom_list_views` [ RunTime:0.020544s ]
SQL: SHOW COLUMNS FROM `user_recommends` [ RunTime:0.036510s ]
NOTIC: [8192] preg_replace(): The /e modifier is deprecated, use preg_replace_callback instead D:\wamp\www\thinkphp\Lib\Core\Db.class.php 第 569 行.
SQL: SELECT `status`,count(*) count FROM `user_recommends` WHERE ( `status` > 1 ) GROUP BY status  [ RunTime:0.001433s ]
SQL: SHOW COLUMNS FROM `user_statuses` [ RunTime:0.031373s ]
NOTIC: [8192] preg_replace(): The /e modifier is deprecated, use preg_replace_callback instead D:\wamp\www\thinkphp\Lib\Core\Db.class.php 第 569 行.
SQL: SELECT `id`,`name` FROM `user_statuses` WHERE ( `id` > 1 )  [ RunTime:0.000997s ]
NOTIC: [8] Undefined offset: 40 D:\wamp\www\yinxing_pm\Lib\Action\Frontend\UserAction.class.php 第 29 行.
NOTIC: [8] Undefined offset: 80 D:\wamp\www\yinxing_pm\Lib\Action\Frontend\UserAction.class.php 第 29 行.
NOTIC: [8] Undefined offset: 90 D:\wamp\www\yinxing_pm\Lib\Action\Frontend\UserAction.class.php 第 29 行.
NOTIC: [8] Undefined index: class D:\wamp\www\thinkphp\Lib\Core\ThinkException.class.php 第 63 行.
NOTIC: [8] Undefined index: type D:\wamp\www\thinkphp\Lib\Core\ThinkException.class.php 第 63 行.
NOTIC: [8] Undefined index: file D:\wamp\www\thinkphp\Lib\Core\ThinkException.class.php 第 62 行.
NOTIC: [8] Undefined index: line D:\wamp\www\thinkphp\Lib\Core\ThinkException.class.php 第 62 行.
NOTIC: [4096] Object of class UserAction could not be converted to string D:\wamp\www\thinkphp\Lib\Core\ThinkException.class.php 第 64 行.
NOTIC: [8] Array to string conversion D:\wamp\www\thinkphp\Lib\Core\ThinkException.class.php 第 64 行.
NOTIC: [8] Undefined index: class D:\wamp\www\thinkphp\Lib\Core\ThinkException.class.php 第 63 行.
NOTIC: [8] Undefined index: type D:\wamp\www\thinkphp\Lib\Core\ThinkException.class.php 第 63 行.
NOTIC: [8] Undefined index: class D:\wamp\www\thinkphp\Lib\Core\ThinkException.class.php 第 63 行.
NOTIC: [8] Undefined index: type D:\wamp\www\thinkphp\Lib\Core\ThinkException.class.php 第 63 行.

