[ 2015-08-05T10:25:02+08:00 ] ERR: (ThinkException) 非法操作:success
[ 2015-08-05T10:25:03+08:00 ] ERR: (ThinkException) 无法加载模块:Favicon
[ 2015-08-05T10:26:34+08:00 ] ERR: (ThinkException) 无法加载模块:Favicon
[ 2015-08-05T10:28:34+08:00 ] ERR: (ThinkException) 无法加载模块:Favicon
[ 2015-08-05T10:41:18+08:00 ] ERR: (ThinkException) 表达式错误:1011
[ 2015-08-05T10:41:18+08:00 ] ERR: (ThinkException) 无法加载模块:Favicon
[ 2015-08-05T10:42:18+08:00 ] ERR: (ThinkException) 表达式错误:1011
[ 2015-08-05T10:42:18+08:00 ] ERR: (ThinkException) 无法加载模块:Favicon
[ 2015-08-05T10:43:13+08:00 ] ERR: [4] syntax error, unexpected '=>' (T_DOUBLE_ARROW) D:\wamp\www\yinxing_pm\Lib\Model\UserRecommendsModel.class.php 第 165 行.
[ 2015-08-05T10:43:13+08:00 ] ERR: (ThinkException) 无法加载模块:Favicon
[ 2015-08-05T10:44:32+08:00 ] ERR: (ThinkException) 表达式错误:1011
[ 2015-08-05T10:44:32+08:00 ] ERR: (ThinkException) 无法加载模块:Favicon
[ 2015-08-05T10:46:43+08:00 ] ERR: (ThinkException) 表达式错误:1011
[ 2015-08-05T10:46:43+08:00 ] ERR: (ThinkException) 无法加载模块:Favicon
[ 2015-08-05T10:46:46+08:00 ] ERR: (ThinkException) 表达式错误:1011
[ 2015-08-05T10:46:46+08:00 ] ERR: (ThinkException) 无法加载模块:Favicon
[ 2015-08-05T10:50:23+08:00 ] ERR: [4] syntax error, unexpected ']' D:\wamp\www\yinxing_pm\Lib\Model\UserRecommendsModel.class.php 第 163 行.
[ 2015-08-05T10:50:23+08:00 ] ERR: (ThinkException) 无法加载模块:Favicon
[ 2015-08-05T10:50:35+08:00 ] ERR: (ThinkException) 无法加载模块:Favicon
[ 2015-08-05T10:51:21+08:00 ] ERR: (ThinkException) 无法加载模块:Favicon
[ 2015-08-05T10:51:22+08:00 ] ERR: (ThinkException) 无法加载模块:Favicon
[ 2015-08-05T10:51:28+08:00 ] ERR: (ThinkException) 无法加载模块:Favicon
[ 2015-08-05T10:51:52+08:00 ] ERR: (ThinkException) 无法加载模块:Favicon
[ 2015-08-05T10:52:06+08:00 ] ERR: (ThinkException) 无法加载模块:Favicon
[ 2015-08-05T10:52:17+08:00 ] ERR: (ThinkException) 无法加载模块:Favicon
[ 2015-08-05T10:52:32+08:00 ] ERR: (ThinkException) 无法加载模块:Favicon
[ 2015-08-05T10:55:07+08:00 ] ERR: (ThinkException) 无法加载模块:Favicon
[ 2015-08-05T10:57:59+08:00 ] ERR: (ThinkException) 无法加载模块:Favicon
[ 2015-08-05T10:58:13+08:00 ] ERR: (ThinkException) 无法加载模块:Favicon
[ 2015-08-05T10:58:27+08:00 ] ERR: (ThinkException) 无法加载模块:Favicon
[ 2015-08-05T11:00:42+08:00 ] ERR: (ThinkException) 无法加载模块:Favicon
[ 2015-08-05T11:01:16+08:00 ] ERR: (ThinkException) 无法加载模块:Favicon
[ 2015-08-05T11:01:33+08:00 ] ERR: (ThinkException) 无法加载模块:Favicon
[ 2015-08-05T11:01:35+08:00 ] ERR: (ThinkException) 无法加载模块:Favicon
[ 2015-08-05T11:02:17+08:00 ] ERR: (ThinkException) 无法加载模块:Favicon
[ 2015-08-05T11:04:56+08:00 ] ERR: (ThinkException) 无法加载模块:Favicon
[ 2015-08-05T11:05:47+08:00 ] ERR: (ThinkException) 无法加载模块:Favicon
[ 2015-08-05T11:16:55+08:00 ] ERR: (ThinkException) 无法加载模块:Favicon
[ 2015-08-05T11:19:25+08:00 ] ERR: [4] syntax error, unexpected ';' D:\wamp\www\yinxing_pm\Runtime\Cache\Frontend\768ab0bcc639819f724e34280dfd2830.php 第 101 行.
[ 2015-08-05T11:19:26+08:00 ] ERR: (ThinkException) 无法加载模块:Favicon
[ 2015-08-05T11:29:23+08:00 ] ERR: (ThinkException) 无法加载模块:Favicon
[ 2015-08-05T11:31:31+08:00 ] ERR: [4] syntax error, unexpected 'getField' (T_STRING) D:\wamp\www\yinxing_pm\Lib\Model\UserRecommendsModel.class.php 第 174 行.
[ 2015-08-05T11:31:31+08:00 ] ERR: (ThinkException) 无法加载模块:Favicon
[ 2015-08-05T11:32:21+08:00 ] ERR: (ThinkException) 无法加载模块:Favicon
[ 2015-08-05T11:32:34+08:00 ] ERR: (ThinkException) 无法加载模块:Favicon
[ 2015-08-05T11:32:59+08:00 ] ERR: (ThinkException) 无法加载模块:Favicon
[ 2015-08-05T11:34:01+08:00 ] ERR: (ThinkException) 无法加载模块:Favicon
[ 2015-08-05T11:34:14+08:00 ] ERR: (ThinkException) 无法加载模块:Favicon
[ 2015-08-05T11:36:16+08:00 ] ERR: (ThinkException) 无法加载模块:Favicon
[ 2015-08-05T11:37:13+08:00 ] ERR: (ThinkException) 无法加载模块:Favicon
[ 2015-08-05T11:38:55+08:00 ] ERR: (ThinkException) 无法加载模块:Favicon
[ 2015-08-05T11:39:34+08:00 ] ERR: (ThinkException) 无法加载模块:Favicon
[ 2015-08-05T11:40:00+08:00 ] ERR: (ThinkException) 无法加载模块:Favicon
[ 2015-08-05T11:40:21+08:00 ] ERR: (ThinkException) 无法加载模块:Favicon
[ 2015-08-05T11:42:12+08:00 ] ERR: (ThinkException) 无法加载模块:Favicon
[ 2015-08-05T11:42:25+08:00 ] ERR: (ThinkException) 无法加载模块:Favicon
[ 2015-08-05T11:42:27+08:00 ] ERR: (ThinkException) 无法加载模块:Favicon
[ 2015-08-05T11:42:28+08:00 ] ERR: (ThinkException) 无法加载模块:Favicon
[ 2015-08-05T11:42:41+08:00 ] ERR: (ThinkException) 无法加载模块:Favicon
[ 2015-08-05T11:43:36+08:00 ] ERR: (ThinkException) 无法加载模块:Favicon
[ 2015-08-05T11:44:15+08:00 ] ERR: (ThinkException) 无法加载模块:Favicon
[ 2015-08-05T11:47:32+08:00 ] ERR: (ThinkException) 无法加载模块:Favicon
[ 2015-08-05T11:49:29+08:00 ] ERR: (ThinkException) 无法加载模块:Favicon
[ 2015-08-05T11:50:24+08:00 ] ERR: (ThinkException) 无法加载模块:Favicon
[ 2015-08-05T14:34:51+08:00 ] ERR: (ThinkException) 无法加载模块:Favicon
[ 2015-08-05T14:35:53+08:00 ] ERR: (ThinkException) 无法加载模块:Favicon
[ 2015-08-05T14:37:00+08:00 ] ERR: (ThinkException) 无法加载模块:Favicon
[ 2015-08-05T14:38:04+08:00 ] ERR: (ThinkException) 无法加载模块:Favicon
[ 2015-08-05T14:39:23+08:00 ] ERR: (ThinkException) 无法加载模块:Favicon
[ 2015-08-05T14:40:23+08:00 ] ERR: (ThinkException) 无法加载模块:Favicon
[ 2015-08-05T14:41:00+08:00 ] ERR: (ThinkException) 无法加载模块:Favicon
[ 2015-08-05T14:51:41+08:00 ] ERR: (ThinkException) 无法加载模块:Favicon
[ 2015-08-05T14:58:50+08:00 ] ERR: (ThinkException) 无法加载模块:Favicon
[ 2015-08-05T14:59:16+08:00 ] ERR: (ThinkException) 无法加载模块:Favicon
[ 2015-08-05T15:01:18+08:00 ] ERR: (ThinkException) 无法加载模块:Favicon
[ 2015-08-05T15:10:43+08:00 ] ERR: (ThinkException) 无法加载模块:Favicon
[ 2015-08-05T15:10:45+08:00 ] ERR: (ThinkException) 无法加载模块:Favicon
[ 2015-08-05T15:20:13+08:00 ] ERR: (ThinkException) 无法加载模块:Favicon
[ 2015-08-05T15:20:41+08:00 ] ERR: (ThinkException) 无法加载模块:Favicon
[ 2015-08-05T15:20:47+08:00 ] ERR: (ThinkException) 无法加载模块:Favicon
[ 2015-08-05T15:28:46+08:00 ] ERR: (ThinkException) 无法加载模块:Favicon
[ 2015-08-05T15:30:31+08:00 ] ERR: (ThinkException) 无法加载模块:Favicon
[ 2015-08-05T15:32:32+08:00 ] ERR: (ThinkException) 无法加载模块:Favicon
[ 2015-08-05T15:35:26+08:00 ] ERR: (ThinkException) 无法加载模块:Favicon
[ 2015-08-05T15:44:36+08:00 ] ERR: (ThinkException) 无法加载模块:Favicon
[ 2015-08-05T16:26:34+08:00 ] 127.0.0.1 /user/ajax_save_content_block_toggle?block=_detail_content_2&id=2
INFO: [ app_begin ] --START--
INFO: Run ReadHtmlCache Behavior [ RunTime:0.001821s ]
INFO: Run CheckLang Behavior [ RunTime:0.005447s ]
INFO: [ app_begin ] --END-- [ RunTime:0.007748s ]
SQL: SHOW COLUMNS FROM `options` [ RunTime:0.005482s ]
SQL: SELECT * FROM `options` WHERE autoload="Y"  [ RunTime:0.000678s ]
SQL: SHOW COLUMNS FROM `custom_columns` [ RunTime:0.006038s ]
NOTIC: [2] Missing argument 1 for CustomColumnsModel::getUserInfoModuleColumns(), called in D:\wamp\www\yinxing_pm\Lib\Action\Frontend\UserAction.class.php on line 11 and defined D:\wamp\www\yinxing_pm\Lib\Model\CustomColumnsModel.class.php 第 64 行.
SQL: SHOW COLUMNS FROM `custom_list_views` [ RunTime:0.006377s ]
SQL: SHOW COLUMNS FROM `user_recommends` [ RunTime:0.005775s ]
SQL: SELECT `status`,count(*) count FROM `user_recommends` WHERE ( `status` > 1 ) GROUP BY status  [ RunTime:0.000923s ]
SQL: SHOW COLUMNS FROM `user_statuses` [ RunTime:0.006136s ]
SQL: SELECT `id`,`name` FROM `user_statuses` WHERE ( `id` > 1 )  [ RunTime:0.000784s ]
NOTIC: [8] Undefined offset: 40 D:\wamp\www\yinxing_pm\Lib\Action\Frontend\UserAction.class.php 第 22 行.
NOTIC: [8] Undefined offset: 50 D:\wamp\www\yinxing_pm\Lib\Action\Frontend\UserAction.class.php 第 22 行.
NOTIC: [8] Undefined offset: 70 D:\wamp\www\yinxing_pm\Lib\Action\Frontend\UserAction.class.php 第 22 行.
NOTIC: [8] Undefined offset: 80 D:\wamp\www\yinxing_pm\Lib\Action\Frontend\UserAction.class.php 第 22 行.
NOTIC: [8] Undefined offset: 90 D:\wamp\www\yinxing_pm\Lib\Action\Frontend\UserAction.class.php 第 22 行.
NOTIC: [8] Undefined offset: 100 D:\wamp\www\yinxing_pm\Lib\Action\Frontend\UserAction.class.php 第 22 行.
NOTIC: [8] Undefined offset: 250 D:\wamp\www\yinxing_pm\Lib\Action\Frontend\UserAction.class.php 第 22 行.
SQL: SHOW COLUMNS FROM `user_recommends` [ RunTime:0.006557s ]
SQL: SELECT `pm_display_toggle` FROM `user_recommends` WHERE id=2 LIMIT 1   [ RunTime:0.001215s ]
SQL: UPDATE `user_recommends` SET `pm_display_toggle`='a:5:{s:16:\"_summary_content\";i:1;s:17:\"_detail_content_2\";i:0;s:17:\"_detail_content_3\";i:1;s:14:\"_audit_content\";i:0;s:18:\"_recommend_content\";i:1;}' WHERE ( `id` = 2 ) [ RunTime:0.001338s ]

[ 2015-08-05T16:26:35+08:00 ] 127.0.0.1 /user/ajax_save_content_block_toggle?block=_detail_content_2&id=2
INFO: [ app_begin ] --START--
INFO: Run ReadHtmlCache Behavior [ RunTime:0.002983s ]
INFO: Run CheckLang Behavior [ RunTime:0.007232s ]
INFO: [ app_begin ] --END-- [ RunTime:0.011377s ]
SQL: SHOW COLUMNS FROM `options` [ RunTime:0.015694s ]
SQL: SELECT * FROM `options` WHERE autoload="Y"  [ RunTime:0.001471s ]
SQL: SHOW COLUMNS FROM `custom_columns` [ RunTime:0.007080s ]
NOTIC: [2] Missing argument 1 for CustomColumnsModel::getUserInfoModuleColumns(), called in D:\wamp\www\yinxing_pm\Lib\Action\Frontend\UserAction.class.php on line 11 and defined D:\wamp\www\yinxing_pm\Lib\Model\CustomColumnsModel.class.php 第 64 行.
SQL: SHOW COLUMNS FROM `custom_list_views` [ RunTime:0.006984s ]
SQL: SHOW COLUMNS FROM `user_recommends` [ RunTime:0.007501s ]
SQL: SELECT `status`,count(*) count FROM `user_recommends` WHERE ( `status` > 1 ) GROUP BY status  [ RunTime:0.000852s ]
SQL: SHOW COLUMNS FROM `user_statuses` [ RunTime:0.007843s ]
SQL: SELECT `id`,`name` FROM `user_statuses` WHERE ( `id` > 1 )  [ RunTime:0.000716s ]
NOTIC: [8] Undefined offset: 40 D:\wamp\www\yinxing_pm\Lib\Action\Frontend\UserAction.class.php 第 22 行.
NOTIC: [8] Undefined offset: 50 D:\wamp\www\yinxing_pm\Lib\Action\Frontend\UserAction.class.php 第 22 行.
NOTIC: [8] Undefined offset: 70 D:\wamp\www\yinxing_pm\Lib\Action\Frontend\UserAction.class.php 第 22 行.
NOTIC: [8] Undefined offset: 80 D:\wamp\www\yinxing_pm\Lib\Action\Frontend\UserAction.class.php 第 22 行.
NOTIC: [8] Undefined offset: 90 D:\wamp\www\yinxing_pm\Lib\Action\Frontend\UserAction.class.php 第 22 行.
NOTIC: [8] Undefined offset: 100 D:\wamp\www\yinxing_pm\Lib\Action\Frontend\UserAction.class.php 第 22 行.
NOTIC: [8] Undefined offset: 250 D:\wamp\www\yinxing_pm\Lib\Action\Frontend\UserAction.class.php 第 22 行.
SQL: SHOW COLUMNS FROM `user_recommends` [ RunTime:0.012245s ]
SQL: SELECT `pm_display_toggle` FROM `user_recommends` WHERE id=2 LIMIT 1   [ RunTime:0.000599s ]
SQL: UPDATE `user_recommends` SET `pm_display_toggle`='a:5:{s:16:\"_summary_content\";i:1;s:17:\"_detail_content_2\";i:1;s:17:\"_detail_content_3\";i:1;s:14:\"_audit_content\";i:0;s:18:\"_recommend_content\";i:1;}' WHERE ( `id` = 2 ) [ RunTime:0.001451s ]

[ 2015-08-05T16:26:35+08:00 ] 127.0.0.1 /user/ajax_save_content_block_toggle?block=_summary_content&id=2
INFO: [ app_begin ] --START--
INFO: Run ReadHtmlCache Behavior [ RunTime:0.003642s ]
INFO: Run CheckLang Behavior [ RunTime:0.005524s ]
INFO: [ app_begin ] --END-- [ RunTime:0.009779s ]
SQL: SHOW COLUMNS FROM `options` [ RunTime:0.005785s ]
SQL: SELECT * FROM `options` WHERE autoload="Y"  [ RunTime:0.001878s ]
SQL: SHOW COLUMNS FROM `custom_columns` [ RunTime:0.007574s ]
NOTIC: [2] Missing argument 1 for CustomColumnsModel::getUserInfoModuleColumns(), called in D:\wamp\www\yinxing_pm\Lib\Action\Frontend\UserAction.class.php on line 11 and defined D:\wamp\www\yinxing_pm\Lib\Model\CustomColumnsModel.class.php 第 64 行.
SQL: SHOW COLUMNS FROM `custom_list_views` [ RunTime:0.006140s ]
SQL: SHOW COLUMNS FROM `user_recommends` [ RunTime:0.007464s ]
SQL: SELECT `status`,count(*) count FROM `user_recommends` WHERE ( `status` > 1 ) GROUP BY status  [ RunTime:0.001092s ]
SQL: SHOW COLUMNS FROM `user_statuses` [ RunTime:0.006895s ]
SQL: SELECT `id`,`name` FROM `user_statuses` WHERE ( `id` > 1 )  [ RunTime:0.001323s ]
NOTIC: [8] Undefined offset: 40 D:\wamp\www\yinxing_pm\Lib\Action\Frontend\UserAction.class.php 第 22 行.
NOTIC: [8] Undefined offset: 50 D:\wamp\www\yinxing_pm\Lib\Action\Frontend\UserAction.class.php 第 22 行.
NOTIC: [8] Undefined offset: 70 D:\wamp\www\yinxing_pm\Lib\Action\Frontend\UserAction.class.php 第 22 行.
NOTIC: [8] Undefined offset: 80 D:\wamp\www\yinxing_pm\Lib\Action\Frontend\UserAction.class.php 第 22 行.
NOTIC: [8] Undefined offset: 90 D:\wamp\www\yinxing_pm\Lib\Action\Frontend\UserAction.class.php 第 22 行.
NOTIC: [8] Undefined offset: 100 D:\wamp\www\yinxing_pm\Lib\Action\Frontend\UserAction.class.php 第 22 行.
NOTIC: [8] Undefined offset: 250 D:\wamp\www\yinxing_pm\Lib\Action\Frontend\UserAction.class.php 第 22 行.
SQL: SHOW COLUMNS FROM `user_recommends` [ RunTime:0.007637s ]
SQL: SELECT `pm_display_toggle` FROM `user_recommends` WHERE id=2 LIMIT 1   [ RunTime:0.000755s ]
SQL: UPDATE `user_recommends` SET `pm_display_toggle`='a:5:{s:16:\"_summary_content\";i:0;s:17:\"_detail_content_2\";i:1;s:17:\"_detail_content_3\";i:1;s:14:\"_audit_content\";i:0;s:18:\"_recommend_content\";i:1;}' WHERE ( `id` = 2 ) [ RunTime:0.000770s ]

[ 2015-08-05T16:26:47+08:00 ] 127.0.0.1 /user/ajax_save_content_block_toggle?block=_detail_content_2&id=2
INFO: [ app_begin ] --START--
INFO: Run ReadHtmlCache Behavior [ RunTime:0.001808s ]
INFO: Run CheckLang Behavior [ RunTime:0.005029s ]
INFO: [ app_begin ] --END-- [ RunTime:0.007747s ]
SQL: SHOW COLUMNS FROM `options` [ RunTime:0.007348s ]
SQL: SELECT * FROM `options` WHERE autoload="Y"  [ RunTime:0.000886s ]
SQL: SHOW COLUMNS FROM `custom_columns` [ RunTime:0.007255s ]
NOTIC: [2] Missing argument 1 for CustomColumnsModel::getUserInfoModuleColumns(), called in D:\wamp\www\yinxing_pm\Lib\Action\Frontend\UserAction.class.php on line 11 and defined D:\wamp\www\yinxing_pm\Lib\Model\CustomColumnsModel.class.php 第 64 行.
SQL: SHOW COLUMNS FROM `custom_list_views` [ RunTime:0.006504s ]
SQL: SHOW COLUMNS FROM `user_recommends` [ RunTime:0.005887s ]
SQL: SELECT `status`,count(*) count FROM `user_recommends` WHERE ( `status` > 1 ) GROUP BY status  [ RunTime:0.000909s ]
SQL: SHOW COLUMNS FROM `user_statuses` [ RunTime:0.007789s ]
SQL: SELECT `id`,`name` FROM `user_statuses` WHERE ( `id` > 1 )  [ RunTime:0.000740s ]
NOTIC: [8] Undefined offset: 40 D:\wamp\www\yinxing_pm\Lib\Action\Frontend\UserAction.class.php 第 22 行.
NOTIC: [8] Undefined offset: 50 D:\wamp\www\yinxing_pm\Lib\Action\Frontend\UserAction.class.php 第 22 行.
NOTIC: [8] Undefined offset: 70 D:\wamp\www\yinxing_pm\Lib\Action\Frontend\UserAction.class.php 第 22 行.
NOTIC: [8] Undefined offset: 80 D:\wamp\www\yinxing_pm\Lib\Action\Frontend\UserAction.class.php 第 22 行.
NOTIC: [8] Undefined offset: 90 D:\wamp\www\yinxing_pm\Lib\Action\Frontend\UserAction.class.php 第 22 行.
NOTIC: [8] Undefined offset: 100 D:\wamp\www\yinxing_pm\Lib\Action\Frontend\UserAction.class.php 第 22 行.
NOTIC: [8] Undefined offset: 250 D:\wamp\www\yinxing_pm\Lib\Action\Frontend\UserAction.class.php 第 22 行.
SQL: SHOW COLUMNS FROM `user_recommends` [ RunTime:0.025561s ]
SQL: SELECT `pm_display_toggle` FROM `user_recommends` WHERE id=2 LIMIT 1   [ RunTime:0.000633s ]
SQL: UPDATE `user_recommends` SET `pm_display_toggle`='a:5:{s:16:\"_summary_content\";i:0;s:17:\"_detail_content_2\";i:0;s:17:\"_detail_content_3\";i:1;s:14:\"_audit_content\";i:0;s:18:\"_recommend_content\";i:1;}' WHERE ( `id` = 2 ) [ RunTime:0.000884s ]

[ 2015-08-05T16:26:54+08:00 ] 127.0.0.1 /user/ajax_save_content_block_toggle?block=_detail_content_3&id=2
INFO: [ app_begin ] --START--
INFO: Run ReadHtmlCache Behavior [ RunTime:0.004772s ]
INFO: Run CheckLang Behavior [ RunTime:0.007505s ]
INFO: [ app_begin ] --END-- [ RunTime:0.012796s ]
SQL: SHOW COLUMNS FROM `options` [ RunTime:0.007487s ]
SQL: SELECT * FROM `options` WHERE autoload="Y"  [ RunTime:0.000772s ]
SQL: SHOW COLUMNS FROM `custom_columns` [ RunTime:0.005743s ]
NOTIC: [2] Missing argument 1 for CustomColumnsModel::getUserInfoModuleColumns(), called in D:\wamp\www\yinxing_pm\Lib\Action\Frontend\UserAction.class.php on line 11 and defined D:\wamp\www\yinxing_pm\Lib\Model\CustomColumnsModel.class.php 第 64 行.
SQL: SHOW COLUMNS FROM `custom_list_views` [ RunTime:0.007283s ]
SQL: SHOW COLUMNS FROM `user_recommends` [ RunTime:0.008758s ]
SQL: SELECT `status`,count(*) count FROM `user_recommends` WHERE ( `status` > 1 ) GROUP BY status  [ RunTime:0.001153s ]
SQL: SHOW COLUMNS FROM `user_statuses` [ RunTime:0.006204s ]
SQL: SELECT `id`,`name` FROM `user_statuses` WHERE ( `id` > 1 )  [ RunTime:0.000984s ]
NOTIC: [8] Undefined offset: 40 D:\wamp\www\yinxing_pm\Lib\Action\Frontend\UserAction.class.php 第 22 行.
NOTIC: [8] Undefined offset: 50 D:\wamp\www\yinxing_pm\Lib\Action\Frontend\UserAction.class.php 第 22 行.
NOTIC: [8] Undefined offset: 70 D:\wamp\www\yinxing_pm\Lib\Action\Frontend\UserAction.class.php 第 22 行.
NOTIC: [8] Undefined offset: 80 D:\wamp\www\yinxing_pm\Lib\Action\Frontend\UserAction.class.php 第 22 行.
NOTIC: [8] Undefined offset: 90 D:\wamp\www\yinxing_pm\Lib\Action\Frontend\UserAction.class.php 第 22 行.
NOTIC: [8] Undefined offset: 100 D:\wamp\www\yinxing_pm\Lib\Action\Frontend\UserAction.class.php 第 22 行.
NOTIC: [8] Undefined offset: 250 D:\wamp\www\yinxing_pm\Lib\Action\Frontend\UserAction.class.php 第 22 行.
SQL: SHOW COLUMNS FROM `user_recommends` [ RunTime:0.008214s ]
SQL: SELECT `pm_display_toggle` FROM `user_recommends` WHERE id=2 LIMIT 1   [ RunTime:0.000746s ]
SQL: UPDATE `user_recommends` SET `pm_display_toggle`='a:5:{s:16:\"_summary_content\";i:0;s:17:\"_detail_content_2\";i:0;s:17:\"_detail_content_3\";i:0;s:14:\"_audit_content\";i:0;s:18:\"_recommend_content\";i:1;}' WHERE ( `id` = 2 ) [ RunTime:0.000904s ]

[ 2015-08-05T16:26:56+08:00 ] 127.0.0.1 /user/ajax_save_content_block_toggle?block=_recommend_content&id=2
INFO: [ app_begin ] --START--
INFO: Run ReadHtmlCache Behavior [ RunTime:0.001906s ]
INFO: Run CheckLang Behavior [ RunTime:0.005097s ]
INFO: [ app_begin ] --END-- [ RunTime:0.007498s ]
SQL: SHOW COLUMNS FROM `options` [ RunTime:0.020643s ]
SQL: SELECT * FROM `options` WHERE autoload="Y"  [ RunTime:0.002620s ]
SQL: SHOW COLUMNS FROM `custom_columns` [ RunTime:0.013747s ]
NOTIC: [2] Missing argument 1 for CustomColumnsModel::getUserInfoModuleColumns(), called in D:\wamp\www\yinxing_pm\Lib\Action\Frontend\UserAction.class.php on line 11 and defined D:\wamp\www\yinxing_pm\Lib\Model\CustomColumnsModel.class.php 第 64 行.
SQL: SHOW COLUMNS FROM `custom_list_views` [ RunTime:0.080479s ]
SQL: SHOW COLUMNS FROM `user_recommends` [ RunTime:0.006218s ]
SQL: SELECT `status`,count(*) count FROM `user_recommends` WHERE ( `status` > 1 ) GROUP BY status  [ RunTime:0.000911s ]
SQL: SHOW COLUMNS FROM `user_statuses` [ RunTime:0.007168s ]
SQL: SELECT `id`,`name` FROM `user_statuses` WHERE ( `id` > 1 )  [ RunTime:0.000903s ]
NOTIC: [8] Undefined offset: 40 D:\wamp\www\yinxing_pm\Lib\Action\Frontend\UserAction.class.php 第 22 行.
NOTIC: [8] Undefined offset: 50 D:\wamp\www\yinxing_pm\Lib\Action\Frontend\UserAction.class.php 第 22 行.
NOTIC: [8] Undefined offset: 70 D:\wamp\www\yinxing_pm\Lib\Action\Frontend\UserAction.class.php 第 22 行.
NOTIC: [8] Undefined offset: 80 D:\wamp\www\yinxing_pm\Lib\Action\Frontend\UserAction.class.php 第 22 行.
NOTIC: [8] Undefined offset: 90 D:\wamp\www\yinxing_pm\Lib\Action\Frontend\UserAction.class.php 第 22 行.
NOTIC: [8] Undefined offset: 100 D:\wamp\www\yinxing_pm\Lib\Action\Frontend\UserAction.class.php 第 22 行.
NOTIC: [8] Undefined offset: 250 D:\wamp\www\yinxing_pm\Lib\Action\Frontend\UserAction.class.php 第 22 行.
SQL: SHOW COLUMNS FROM `user_recommends` [ RunTime:0.030325s ]
SQL: SELECT `pm_display_toggle` FROM `user_recommends` WHERE id=2 LIMIT 1   [ RunTime:0.000669s ]
SQL: UPDATE `user_recommends` SET `pm_display_toggle`='a:5:{s:16:\"_summary_content\";i:0;s:17:\"_detail_content_2\";i:0;s:17:\"_detail_content_3\";i:0;s:14:\"_audit_content\";i:0;s:18:\"_recommend_content\";i:0;}' WHERE ( `id` = 2 ) [ RunTime:0.000706s ]

[ 2015-08-05T17:57:45+08:00 ] ERR: (ThinkException) 非法操作:success
[ 2015-08-05T17:57:45+08:00 ] ERR: (ThinkException) 无法加载模块:Favicon
[ 2015-08-05T18:01:45+08:00 ] ERR: [4] syntax error, unexpected '*', expecting ')' D:\wamp\www\yinxing_pm\Lib\Model\UserRecommendsModel.class.php 第 286 行.
[ 2015-08-05T18:01:46+08:00 ] ERR: (ThinkException) 无法加载模块:Favicon
[ 2015-08-05T18:23:30+08:00 ] ERR: (ThinkException) 无法加载模块:Favicon
[ 2015-08-05T18:24:09+08:00 ] ERR: (ThinkException) 无法加载模块:Favicon
[ 2015-08-05T18:24:44+08:00 ] ERR: (ThinkException) 无法加载模块:Favicon
[ 2015-08-05T18:25:00+08:00 ] ERR: (ThinkException) 无法加载模块:Favicon
[ 2015-08-05T18:25:20+08:00 ] ERR: (ThinkException) 无法加载模块:Favicon
[ 2015-08-05T18:25:50+08:00 ] ERR: (ThinkException) 无法加载模块:Favicon
[ 2015-08-05T18:27:23+08:00 ] ERR: (ThinkException) 无法加载模块:Favicon
[ 2015-08-05T18:27:35+08:00 ] ERR: (ThinkException) 无法加载模块:Favicon
[ 2015-08-05T18:28:47+08:00 ] ERR: [4] syntax error, unexpected 'var_dump' (T_STRING) D:\wamp\www\yinxing_pm\Lib\Model\UserRecommendsModel.class.php 第 288 行.
[ 2015-08-05T18:28:47+08:00 ] ERR: (ThinkException) 无法加载模块:Favicon
[ 2015-08-05T18:30:19+08:00 ] ERR: (ThinkException) 无法加载模块:Favicon
[ 2015-08-05T18:30:36+08:00 ] ERR: (ThinkException) 无法加载模块:Favicon
[ 2015-08-05T18:31:24+08:00 ] ERR: (ThinkException) 无法加载模块:Favicon
[ 2015-08-05T18:43:54+08:00 ] ERR: (ThinkException) Model:getNumByStatus您所请求的方法不存在！
[ 2015-08-05T18:43:55+08:00 ] ERR: (ThinkException) 无法加载模块:Favicon
[ 2015-08-05T18:44:26+08:00 ] ERR: (ThinkException) 无法加载模块:Favicon
[ 2015-08-05T18:45:07+08:00 ] ERR: (ThinkException) 无法加载模块:Favicon
[ 2015-08-05T18:45:30+08:00 ] ERR: (ThinkException) 无法加载模块:Favicon
[ 2015-08-05T18:48:22+08:00 ] ERR: (ThinkException) 无法加载模块:Favicon
[ 2015-08-05T18:54:06+08:00 ] ERR: (ThinkException) 无法加载模块:Favicon
[ 2015-08-05T18:54:09+08:00 ] ERR: (ThinkException) 无法加载模块:Favicon
[ 2015-08-05T18:54:34+08:00 ] ERR: [4] syntax error, unexpected ';' D:\wamp\www\yinxing_pm\Lib\Model\UserRecommendsModel.class.php 第 300 行.
[ 2015-08-05T18:54:34+08:00 ] ERR: (ThinkException) 无法加载模块:Favicon
[ 2015-08-05T18:55:02+08:00 ] ERR: [4] syntax error, unexpected ';' D:\wamp\www\yinxing_pm\Lib\Model\UserRecommendsModel.class.php 第 300 行.
[ 2015-08-05T18:55:02+08:00 ] ERR: (ThinkException) 无法加载模块:Favicon
[ 2015-08-05T18:55:44+08:00 ] ERR: [4] syntax error, unexpected ';' D:\wamp\www\yinxing_pm\Lib\Model\UserRecommendsModel.class.php 第 300 行.
[ 2015-08-05T18:55:44+08:00 ] ERR: (ThinkException) 无法加载模块:Favicon
[ 2015-08-05T18:57:11+08:00 ] ERR: (ThinkException) 无法加载模块:Favicon
[ 2015-08-05T19:02:36+08:00 ] ERR: (ThinkException) 无法加载模块:Favicon
[ 2015-08-05T19:02:55+08:00 ] ERR: (ThinkException) 无法加载模块:Favicon
[ 2015-08-05T19:03:06+08:00 ] ERR: (ThinkException) 无法加载模块:Favicon
[ 2015-08-05T19:04:37+08:00 ] ERR: (ThinkException) 无法加载模块:Favicon
[ 2015-08-05T19:11:42+08:00 ] ERR: (ThinkException) 无法加载模块:Favicon
[ 2015-08-05T19:12:10+08:00 ] ERR: (ThinkException) 无法加载模块:Favicon
[ 2015-08-05T19:15:05+08:00 ] ERR: (ThinkException) 无法加载模块:Favicon
[ 2015-08-05T19:15:27+08:00 ] ERR: (ThinkException) 无法加载模块:Favicon
[ 2015-08-05T19:17:06+08:00 ] ERR: (ThinkException) 无法加载模块:Favicon
[ 2015-08-05T19:17:31+08:00 ] ERR: (ThinkException) 无法加载模块:Favicon
[ 2015-08-05T19:18:57+08:00 ] ERR: (ThinkException) 无法加载模块:Favicon
[ 2015-08-05T19:22:22+08:00 ] ERR: (ThinkException) 无法加载模块:Favicon
[ 2015-08-05T19:23:44+08:00 ] ERR: (ThinkException) 无法加载模块:Favicon
[ 2015-08-05T19:23:58+08:00 ] ERR: (ThinkException) 无法加载模块:Favicon
[ 2015-08-05T19:24:17+08:00 ] ERR: (ThinkException) 无法加载模块:Favicon
[ 2015-08-05T19:24:58+08:00 ] ERR: (ThinkException) 无法加载模块:Favicon
[ 2015-08-05T19:25:50+08:00 ] ERR: (ThinkException) 无法加载模块:Favicon
[ 2015-08-05T19:28:10+08:00 ] ERR: (ThinkException) 无法加载模块:Favicon
[ 2015-08-05T19:28:53+08:00 ] ERR: (ThinkException) 无法加载模块:Favicon
[ 2015-08-05T19:29:03+08:00 ] ERR: (ThinkException) 无法加载模块:Favicon
[ 2015-08-05T19:30:35+08:00 ] ERR: (ThinkException) 无法加载模块:Favicon
[ 2015-08-05T19:30:54+08:00 ] ERR: (ThinkException) 无法加载模块:Favicon
[ 2015-08-05T19:33:39+08:00 ] ERR: (ThinkException) 无法加载模块:Favicon
[ 2015-08-05T19:33:58+08:00 ] ERR: (ThinkException) 无法加载模块:Favicon
[ 2015-08-05T19:34:30+08:00 ] ERR: (ThinkException) 无法加载模块:Favicon
