[ 2015-08-18T11:16:59+08:00 ] 127.0.0.1 /user/ajax_save_status_note
INFO: [ app_begin ] --START--
INFO: Run ReadHtmlCache Behavior [ RunTime:0.012859s ]
INFO: Run CheckLang Behavior [ RunTime:0.017298s ]
INFO: [ app_begin ] --END-- [ RunTime:0.031732s ]
NOTIC: [2048] Declaration of UserAction::success() should be compatible with Action::success($message, $jumpUrl = '', $ajax = false) D:\wamp\www\yinxing_pm\Lib\Action\Frontend\UserAction.class.php 第 2 行.
NOTIC: [8192] mysql_connect(): The mysql extension is deprecated and will be removed in the future: use mysqli or PDO instead D:\wamp\www\thinkphp\Lib\Driver\Db\DbMysql.class.php 第 56 行.
SQL: SHOW COLUMNS FROM `options` [ RunTime:0.045396s ]
NOTIC: [8192] preg_replace(): The /e modifier is deprecated, use preg_replace_callback instead D:\wamp\www\thinkphp\Lib\Core\Db.class.php 第 569 行.
SQL: SELECT * FROM `options` WHERE autoload="Y"  [ RunTime:0.000793s ]
SQL: SHOW COLUMNS FROM `custom_columns` [ RunTime:0.024404s ]
NOTIC: [2] Missing argument 1 for CustomColumnsModel::getUserInfoModuleColumns(), called in D:\wamp\www\yinxing_pm\Lib\Action\Frontend\UserAction.class.php on line 11 and defined D:\wamp\www\yinxing_pm\Lib\Model\CustomColumnsModel.class.php 第 64 行.
SQL: SHOW COLUMNS FROM `custom_list_views` [ RunTime:0.029579s ]
SQL: SHOW COLUMNS FROM `user_recommends` [ RunTime:0.020137s ]
NOTIC: [8192] preg_replace(): The /e modifier is deprecated, use preg_replace_callback instead D:\wamp\www\thinkphp\Lib\Core\Db.class.php 第 569 行.
SQL: SELECT `status`,count(*) count FROM `user_recommends` WHERE ( `status` > 1 ) GROUP BY status  [ RunTime:0.002028s ]
SQL: SHOW COLUMNS FROM `user_statuses` [ RunTime:0.022405s ]
NOTIC: [8192] preg_replace(): The /e modifier is deprecated, use preg_replace_callback instead D:\wamp\www\thinkphp\Lib\Core\Db.class.php 第 569 行.
SQL: SELECT `id`,`name` FROM `user_statuses` WHERE ( `id` > 1 )  [ RunTime:0.000675s ]
NOTIC: [8] Undefined offset: 40 D:\wamp\www\yinxing_pm\Lib\Action\Frontend\UserAction.class.php 第 22 行.
NOTIC: [8] Undefined offset: 80 D:\wamp\www\yinxing_pm\Lib\Action\Frontend\UserAction.class.php 第 22 行.
NOTIC: [8] Undefined offset: 90 D:\wamp\www\yinxing_pm\Lib\Action\Frontend\UserAction.class.php 第 22 行.
NOTIC: [8] Undefined offset: 100 D:\wamp\www\yinxing_pm\Lib\Action\Frontend\UserAction.class.php 第 22 行.
NOTIC: [8] Undefined offset: 250 D:\wamp\www\yinxing_pm\Lib\Action\Frontend\UserAction.class.php 第 22 行.
SQL: SHOW COLUMNS FROM `user_recommends` [ RunTime:0.012783s ]
SQL: UPDATE `user_recommends` SET `status_note`='备注mbk' WHERE ( `id` = 18 ) [ RunTime:0.000835s ]

