[ 2015-08-06T10:09:19+08:00 ] ERR: (ThinkException) Access denied for user 'root'@'localhost' (using password: YES)
[ 2015-08-06T10:09:19+08:00 ] ERR: (ThinkException) 无法加载模块:Favicon
[ 2015-08-06T12:09:09+08:00 ] ERR: (ThinkException) 非法操作:success
[ 2015-08-06T12:09:10+08:00 ] ERR: (ThinkException) 无法加载模块:Favicon
[ 2015-08-06T12:09:15+08:00 ] ERR: (ThinkException) 非法操作:fail
[ 2015-08-06T12:09:15+08:00 ] ERR: (ThinkException) 无法加载模块:Favicon
[ 2015-08-06T12:09:30+08:00 ] ERR: (ThinkException) 非法操作:success
[ 2015-08-06T12:09:31+08:00 ] ERR: (ThinkException) 非法操作:success
[ 2015-08-06T12:09:31+08:00 ] ERR: (ThinkException) 非法操作:success
[ 2015-08-06T12:09:32+08:00 ] ERR: (ThinkException) 非法操作:success
[ 2015-08-06T12:09:33+08:00 ] ERR: (ThinkException) 非法操作:success
[ 2015-08-06T12:09:33+08:00 ] ERR: (ThinkException) 非法操作:fail
[ 2015-08-06T12:09:33+08:00 ] ERR: (ThinkException) 非法操作:fail
[ 2015-08-06T12:09:34+08:00 ] ERR: (ThinkException) 无法加载模块:Favicon
[ 2015-08-06T12:09:39+08:00 ] ERR: (ThinkException) 非法操作:success
[ 2015-08-06T12:09:39+08:00 ] ERR: (ThinkException) 无法加载模块:Favicon
[ 2015-08-06T12:09:42+08:00 ] ERR: (ThinkException) 非法操作:fail
[ 2015-08-06T12:09:42+08:00 ] ERR: (ThinkException) 无法加载模块:Favicon
[ 2015-08-06T12:10:09+08:00 ] ERR: (ThinkException) 非法操作:success
[ 2015-08-06T12:10:09+08:00 ] ERR: (ThinkException) 无法加载模块:Favicon
[ 2015-08-06T12:10:26+08:00 ] ERR: (ThinkException) 非法操作:success
[ 2015-08-06T12:10:26+08:00 ] ERR: (ThinkException) 无法加载模块:Favicon
[ 2015-08-06T12:12:08+08:00 ] ERR: (ThinkException) 非法操作:success
[ 2015-08-06T12:12:09+08:00 ] ERR: (ThinkException) 无法加载模块:Favicon
[ 2015-08-06T12:12:13+08:00 ] ERR: (ThinkException) 非法操作:success
[ 2015-08-06T12:12:13+08:00 ] ERR: (ThinkException) 无法加载模块:Favicon
[ 2015-08-06T12:12:15+08:00 ] ERR: (ThinkException) 非法操作:fail
[ 2015-08-06T12:12:15+08:00 ] ERR: (ThinkException) 无法加载模块:Favicon
[ 2015-08-06T12:12:19+08:00 ] ERR: (ThinkException) 非法操作:success
[ 2015-08-06T12:12:19+08:00 ] ERR: (ThinkException) 无法加载模块:Favicon
[ 2015-08-06T12:12:29+08:00 ] ERR: (ThinkException) 非法操作:fail
[ 2015-08-06T12:12:29+08:00 ] ERR: (ThinkException) 无法加载模块:Favicon
[ 2015-08-06T12:12:34+08:00 ] ERR: (ThinkException) 非法操作:success
[ 2015-08-06T12:12:34+08:00 ] ERR: (ThinkException) 无法加载模块:Favicon
[ 2015-08-06T12:12:45+08:00 ] ERR: (ThinkException) 非法操作:success
[ 2015-08-06T12:12:45+08:00 ] ERR: (ThinkException) 无法加载模块:Favicon
[ 2015-08-06T12:17:03+08:00 ] ERR: (ThinkException) 非法操作:success
[ 2015-08-06T12:17:04+08:00 ] ERR: (ThinkException) 无法加载模块:Favicon
[ 2015-08-06T12:20:51+08:00 ] ERR: (ThinkException) 非法操作:fail
[ 2015-08-06T12:20:51+08:00 ] ERR: (ThinkException) 无法加载模块:Favicon
[ 2015-08-06T12:21:05+08:00 ] ERR: (ThinkException) 非法操作:success
[ 2015-08-06T12:21:05+08:00 ] ERR: (ThinkException) 无法加载模块:Favicon
[ 2015-08-06T12:21:26+08:00 ] ERR: (ThinkException) 非法操作:success
[ 2015-08-06T12:21:27+08:00 ] ERR: (ThinkException) 无法加载模块:Favicon
[ 2015-08-06T12:21:31+08:00 ] ERR: (ThinkException) 非法操作:fail
[ 2015-08-06T12:21:31+08:00 ] ERR: (ThinkException) 无法加载模块:Favicon
[ 2015-08-06T14:29:35+08:00 ] ERR: (ThinkException) 非法操作:success
[ 2015-08-06T14:29:35+08:00 ] ERR: (ThinkException) 无法加载模块:Favicon
[ 2015-08-06T14:30:17+08:00 ] ERR: (ThinkException) 非法操作:success
[ 2015-08-06T14:30:17+08:00 ] ERR: (ThinkException) 无法加载模块:Favicon
[ 2015-08-06T14:30:20+08:00 ] ERR: (ThinkException) 非法操作:fail
[ 2015-08-06T14:30:20+08:00 ] ERR: (ThinkException) 无法加载模块:Favicon
[ 2015-08-06T14:34:18+08:00 ] ERR: (ThinkException) 非法操作:success
[ 2015-08-06T14:34:19+08:00 ] ERR: (ThinkException) 无法加载模块:Favicon
[ 2015-08-06T14:50:56+08:00 ] ERR: (ThinkException) 非法操作:success
[ 2015-08-06T14:50:56+08:00 ] ERR: (ThinkException) 无法加载模块:Favicon
[ 2015-08-06T15:38:10+08:00 ] ERR: (ThinkException) 系统不支持:mysql
[ 2015-08-06T15:38:10+08:00 ] ERR: (ThinkException) 无法加载模块:Favicon
[ 2015-08-06T15:38:20+08:00 ] ERR: (ThinkException) 系统不支持:mysql
[ 2015-08-06T15:38:21+08:00 ] ERR: (ThinkException) 无法加载模块:Favicon
[ 2015-08-06T15:38:42+08:00 ] ERR: (ThinkException) 系统不支持:mysql
[ 2015-08-06T15:38:43+08:00 ] ERR: (ThinkException) 无法加载模块:Favicon
[ 2015-08-06T15:38:56+08:00 ] ERR: (ThinkException) 系统不支持:mysql
[ 2015-08-06T15:38:57+08:00 ] ERR: (ThinkException) 无法加载模块:Favicon
[ 2015-08-06T15:39:09+08:00 ] ERR: (ThinkException) 系统不支持:mysql
