[ 2015-10-29T14:31:48+08:00 ] ERR: (ThinkException) Model:fiele您所请求的方法不存在！
[ 2015-10-29T14:46:10+08:00 ] ERR: (ThinkException) 无法加载模块:Favicon
[ 2015-10-29T14:46:25+08:00 ] ERR: (ThinkException) 无法加载模块:Favicon
[ 2015-10-29T14:46:36+08:00 ] ERR: (ThinkException) 无法加载模块:Favicon
[ 2015-10-29T14:50:06+08:00 ] ERR: (ThinkException) 无法加载模块:Favicon
[ 2015-10-29T14:51:15+08:00 ] ERR: (ThinkException) 无法加载模块:Favicon
[ 2015-10-29T14:51:44+08:00 ] ERR: (ThinkException) 无法加载模块:Favicon
[ 2015-10-29T14:52:15+08:00 ] ERR: (ThinkException) 无法加载模块:Favicon
[ 2015-10-29T14:52:31+08:00 ] ERR: (ThinkException) 无法加载模块:Favicon
[ 2015-10-29T14:56:32+08:00 ] ERR: (ThinkException) 无法加载模块:Favicon
[ 2015-10-29T14:56:39+08:00 ] ERR: (ThinkException) 无法加载模块:Favicon
[ 2015-10-29T14:59:49+08:00 ] ERR: (ThinkException) 无法加载模块:Favicon
[ 2015-10-29T15:01:14+08:00 ] ERR: (ThinkException) 无法加载模块:Favicon
[ 2015-10-29T15:02:48+08:00 ] ERR: (ThinkException) 无法加载模块:Favicon
[ 2015-10-29T15:02:55+08:00 ] ERR: (ThinkException) 无法加载模块:Favicon
[ 2015-10-29T15:06:49+08:00 ] ERR: (ThinkException) 表达式错误:灵析子
[ 2015-10-29T15:06:51+08:00 ] ERR: (ThinkException) 无法加载模块:Favicon
[ 2015-10-29T15:07:03+08:00 ] ERR: (ThinkException) 表达式错误:灵析子
[ 2015-10-29T15:07:03+08:00 ] ERR: (ThinkException) 无法加载模块:Favicon
[ 2015-10-29T15:07:27+08:00 ] ERR: (ThinkException) 表达式错误:灵析子
[ 2015-10-29T15:07:27+08:00 ] ERR: (ThinkException) 无法加载模块:Favicon
[ 2015-10-29T15:07:55+08:00 ] ERR: (ThinkException) 表达式错误:灵析子
[ 2015-10-29T15:07:55+08:00 ] ERR: (ThinkException) 无法加载模块:Favicon
[ 2015-10-29T15:08:02+08:00 ] ERR: (ThinkException) 表达式错误:灵析子
[ 2015-10-29T15:08:02+08:00 ] ERR: (ThinkException) 无法加载模块:Favicon
[ 2015-10-29T15:15:01+08:00 ] ERR: (ThinkException) 无法加载模块:Favicon
[ 2015-10-29T15:18:54+08:00 ] ERR: (ThinkException) 无法加载模块:Favicon
[ 2015-10-29T15:21:30+08:00 ] ERR: [4] syntax error, unexpected '=>' (T_DOUBLE_ARROW) D:\wamp\www\yinxing_pm\Lib\Model\UserRecommendsModel.class.php 第 141 行.
[ 2015-10-29T15:21:30+08:00 ] ERR: (ThinkException) 无法加载模块:Favicon
[ 2015-10-29T15:22:08+08:00 ] ERR: (ThinkException) 无法加载模块:Favicon
[ 2015-10-29T15:22:19+08:00 ] ERR: (ThinkException) 无法加载模块:Favicon
[ 2015-10-29T15:22:32+08:00 ] ERR: (ThinkException) 无法加载模块:Favicon
[ 2015-10-29T15:22:57+08:00 ] ERR: (ThinkException) 无法加载模块:Favicon
[ 2015-10-29T15:23:14+08:00 ] ERR: (ThinkException) 无法加载模块:Favicon
[ 2015-10-29T15:28:23+08:00 ] ERR: (ThinkException) 无法加载模块:Favicon
[ 2015-10-29T15:28:28+08:00 ] ERR: (ThinkException) 无法加载模块:Favicon
[ 2015-10-29T15:28:35+08:00 ] ERR: (ThinkException) 无法加载模块:Favicon
[ 2015-10-29T15:29:09+08:00 ] ERR: (ThinkException) 无法加载模块:Favicon
[ 2015-10-29T15:29:17+08:00 ] ERR: (ThinkException) 无法加载模块:Favicon
[ 2015-10-29T15:29:30+08:00 ] ERR: (ThinkException) 无法加载模块:Favicon
[ 2015-10-29T15:30:09+08:00 ] ERR: (ThinkException) 无法加载模块:Favicon
[ 2015-10-29T15:30:25+08:00 ] ERR: (ThinkException) 无法加载模块:Favicon
[ 2015-10-29T15:30:38+08:00 ] ERR: (ThinkException) 无法加载模块:Favicon
[ 2015-10-29T15:34:10+08:00 ] ERR: (ThinkException) 无法加载模块:Favicon
[ 2015-10-29T15:34:25+08:00 ] ERR: (ThinkException) 无法加载模块:Favicon
[ 2015-10-29T15:34:32+08:00 ] ERR: (ThinkException) 无法加载模块:Favicon
[ 2015-10-29T15:34:37+08:00 ] ERR: (ThinkException) 无法加载模块:Favicon
[ 2015-10-29T15:37:07+08:00 ] ERR: (ThinkException) 无法加载模块:Favicon
[ 2015-10-29T15:38:53+08:00 ] ERR: (ThinkException) 无法加载模块:Favicon
[ 2015-10-29T15:39:26+08:00 ] ERR: (ThinkException) 无法加载模块:Favicon
[ 2015-10-29T15:39:32+08:00 ] ERR: (ThinkException) 无法加载模块:Favicon
[ 2015-10-29T15:40:14+08:00 ] ERR: (ThinkException) 无法加载模块:Favicon
[ 2015-10-29T15:40:25+08:00 ] ERR: (ThinkException) 无法加载模块:Favicon
[ 2015-10-29T15:40:52+08:00 ] ERR: (ThinkException) 无法加载模块:Favicon
[ 2015-10-29T15:41:59+08:00 ] ERR: (ThinkException) 无法加载模块:Favicon
[ 2015-10-29T15:44:00+08:00 ] ERR: (ThinkException) 无法加载模块:Favicon
[ 2015-10-29T15:44:57+08:00 ] ERR: (ThinkException) 无法加载模块:Favicon
[ 2015-10-29T15:45:04+08:00 ] ERR: (ThinkException) 无法加载模块:Favicon
[ 2015-10-29T15:45:57+08:00 ] ERR: (ThinkException) 无法加载模块:Favicon
[ 2015-10-29T15:46:01+08:00 ] ERR: (ThinkException) 无法加载模块:Favicon
[ 2015-10-29T15:46:07+08:00 ] ERR: (ThinkException) 无法加载模块:Favicon
[ 2015-10-29T15:46:12+08:00 ] ERR: (ThinkException) 无法加载模块:Favicon
[ 2015-10-29T15:46:17+08:00 ] ERR: (ThinkException) 无法加载模块:Favicon
[ 2015-10-29T15:46:20+08:00 ] ERR: (ThinkException) 无法加载模块:Favicon
[ 2015-10-29T15:47:56+08:00 ] ERR: (ThinkException) 无法加载模块:Favicon
[ 2015-10-29T16:01:01+08:00 ] ERR: (ThinkException) 无法加载模块:Favicon
[ 2015-10-29T16:04:53+08:00 ] ERR: [1] Call to a member function select() on a non-object D:\wamp\www\yinxing_pm\Common\common.php 第 633 行.
[ 2015-10-29T16:04:53+08:00 ] ERR: (ThinkException) 无法加载模块:Favicon
[ 2015-10-29T16:30:10+08:00 ] ERR: [1] Using $this when not in object context D:\wamp\www\yinxing_pm\Common\common.php 第 634 行.
[ 2015-10-29T16:30:10+08:00 ] ERR: (ThinkException) 无法加载模块:Favicon
[ 2015-10-29T16:48:58+08:00 ] ERR: (ThinkException) 表达式错误:山东
[ 2015-10-29T16:48:59+08:00 ] ERR: (ThinkException) 无法加载模块:Favicon
[ 2015-10-29T16:49:14+08:00 ] ERR: (ThinkException) 无法加载模块:Favicon
[ 2015-10-29T16:49:19+08:00 ] ERR: (ThinkException) 表达式错误:山东
[ 2015-10-29T16:49:19+08:00 ] ERR: (ThinkException) 无法加载模块:Favicon
[ 2015-10-29T16:51:18+08:00 ] ERR: (ThinkException) 表达式错误:山东
[ 2015-10-29T16:51:18+08:00 ] ERR: (ThinkException) 无法加载模块:Favicon
[ 2015-10-29T16:51:20+08:00 ] ERR: (ThinkException) 表达式错误:山东
[ 2015-10-29T16:51:20+08:00 ] ERR: (ThinkException) 无法加载模块:Favicon
[ 2015-10-29T16:51:21+08:00 ] ERR: (ThinkException) 表达式错误:山东
[ 2015-10-29T16:51:21+08:00 ] ERR: (ThinkException) 无法加载模块:Favicon
[ 2015-10-29T16:51:50+08:00 ] ERR: (ThinkException) 表达式错误:山东
[ 2015-10-29T16:51:50+08:00 ] ERR: (ThinkException) 无法加载模块:Favicon
[ 2015-10-29T16:51:51+08:00 ] ERR: (ThinkException) 表达式错误:山东
[ 2015-10-29T16:51:51+08:00 ] ERR: (ThinkException) 无法加载模块:Favicon
[ 2015-10-29T16:52:10+08:00 ] ERR: (ThinkException) 表达式错误:山东
[ 2015-10-29T16:52:11+08:00 ] ERR: (ThinkException) 无法加载模块:Favicon
[ 2015-10-29T16:52:25+08:00 ] ERR: (ThinkException) 无法加载模块:Favicon
[ 2015-10-29T16:52:28+08:00 ] ERR: (ThinkException) 表达式错误:山东
[ 2015-10-29T16:52:28+08:00 ] ERR: (ThinkException) 无法加载模块:Favicon
[ 2015-10-29T16:52:47+08:00 ] ERR: (ThinkException) 表达式错误:山东
[ 2015-10-29T16:52:47+08:00 ] ERR: (ThinkException) 无法加载模块:Favicon
[ 2015-10-29T16:52:48+08:00 ] ERR: (ThinkException) 表达式错误:山东
[ 2015-10-29T16:52:49+08:00 ] ERR: (ThinkException) 无法加载模块:Favicon
[ 2015-10-29T16:53:20+08:00 ] ERR: (ThinkException) 表达式错误:山东
[ 2015-10-29T16:53:20+08:00 ] ERR: (ThinkException) 无法加载模块:Favicon
[ 2015-10-29T16:53:21+08:00 ] ERR: (ThinkException) 表达式错误:山东
[ 2015-10-29T16:53:21+08:00 ] ERR: (ThinkException) 无法加载模块:Favicon
[ 2015-10-29T16:53:23+08:00 ] ERR: (ThinkException) 表达式错误:山东
[ 2015-10-29T16:53:23+08:00 ] ERR: (ThinkException) 无法加载模块:Favicon
[ 2015-10-29T16:59:41+08:00 ] ERR: (ThinkException) 表达式错误:山东
[ 2015-10-29T16:59:41+08:00 ] ERR: (ThinkException) 无法加载模块:Favicon
[ 2015-10-29T16:59:42+08:00 ] ERR: (ThinkException) 表达式错误:山东
[ 2015-10-29T16:59:42+08:00 ] ERR: (ThinkException) 无法加载模块:Favicon
[ 2015-10-29T16:59:43+08:00 ] ERR: (ThinkException) 表达式错误:山东
[ 2015-10-29T16:59:43+08:00 ] ERR: (ThinkException) 无法加载模块:Favicon
[ 2015-10-29T16:59:45+08:00 ] ERR: (ThinkException) 表达式错误:山东
[ 2015-10-29T16:59:45+08:00 ] ERR: (ThinkException) 无法加载模块:Favicon
[ 2015-10-29T16:59:46+08:00 ] ERR: (ThinkException) 表达式错误:山东
[ 2015-10-29T16:59:46+08:00 ] ERR: (ThinkException) 无法加载模块:Favicon
[ 2015-10-29T16:59:47+08:00 ] ERR: (ThinkException) 表达式错误:山东
[ 2015-10-29T16:59:47+08:00 ] ERR: (ThinkException) 无法加载模块:Favicon
[ 2015-10-29T16:59:48+08:00 ] ERR: (ThinkException) 表达式错误:山东
[ 2015-10-29T16:59:48+08:00 ] ERR: (ThinkException) 无法加载模块:Favicon
[ 2015-10-29T17:00:00+08:00 ] ERR: (ThinkException) 无法加载模块:Favicon
[ 2015-10-29T17:00:02+08:00 ] ERR: (ThinkException) 无法加载模块:Favicon
[ 2015-10-29T17:00:07+08:00 ] ERR: (ThinkException) 无法加载模块:Favicon
[ 2015-10-29T17:00:12+08:00 ] ERR: (ThinkException) 表达式错误:山东
[ 2015-10-29T17:00:13+08:00 ] ERR: (ThinkException) 无法加载模块:Favicon
[ 2015-10-29T17:00:16+08:00 ] ERR: (ThinkException) 无法加载模块:Favicon
[ 2015-10-29T17:00:17+08:00 ] ERR: (ThinkException) 表达式错误:山东
[ 2015-10-29T17:00:17+08:00 ] ERR: (ThinkException) 无法加载模块:Favicon
[ 2015-10-29T17:00:20+08:00 ] ERR: (ThinkException) 无法加载模块:Favicon
[ 2015-10-29T17:00:23+08:00 ] ERR: (ThinkException) 表达式错误:山东
[ 2015-10-29T17:00:23+08:00 ] ERR: (ThinkException) 无法加载模块:Favicon
[ 2015-10-29T17:00:25+08:00 ] ERR: (ThinkException) 无法加载模块:Favicon
[ 2015-10-29T17:00:27+08:00 ] ERR: (ThinkException) 无法加载模块:Favicon
[ 2015-10-29T17:00:29+08:00 ] ERR: (ThinkException) 无法加载模块:Favicon
[ 2015-10-29T17:00:45+08:00 ] ERR: (ThinkException) 无法加载模块:Favicon
[ 2015-10-29T17:00:51+08:00 ] ERR: (ThinkException) 表达式错误:山东
[ 2015-10-29T17:00:51+08:00 ] ERR: (ThinkException) 无法加载模块:Favicon
[ 2015-10-29T17:00:53+08:00 ] ERR: (ThinkException) 无法加载模块:Favicon
[ 2015-10-29T17:00:55+08:00 ] ERR: (ThinkException) 表达式错误:山东
[ 2015-10-29T17:00:55+08:00 ] ERR: (ThinkException) 无法加载模块:Favicon
[ 2015-10-29T17:00:58+08:00 ] ERR: (ThinkException) 无法加载模块:Favicon
[ 2015-10-29T17:01:00+08:00 ] ERR: (ThinkException) 表达式错误:山东
[ 2015-10-29T17:01:00+08:00 ] ERR: (ThinkException) 无法加载模块:Favicon
[ 2015-10-29T17:01:11+08:00 ] ERR: (ThinkException) 无法加载模块:Favicon
[ 2015-10-29T17:01:13+08:00 ] ERR: (ThinkException) 无法加载模块:Favicon
[ 2015-10-29T17:01:16+08:00 ] ERR: (ThinkException) 无法加载模块:Favicon
[ 2015-10-29T17:01:21+08:00 ] ERR: (ThinkException) 无法加载模块:Favicon
[ 2015-10-29T17:01:30+08:00 ] ERR: (ThinkException) 无法加载模块:Favicon
[ 2015-10-29T17:01:33+08:00 ] ERR: (ThinkException) 无法加载模块:Favicon
[ 2015-10-29T17:01:36+08:00 ] ERR: (ThinkException) 表达式错误:山东
[ 2015-10-29T17:01:36+08:00 ] ERR: (ThinkException) 无法加载模块:Favicon
[ 2015-10-29T17:01:39+08:00 ] ERR: (ThinkException) 无法加载模块:Favicon
[ 2015-10-29T17:01:41+08:00 ] ERR: (ThinkException) 表达式错误:山东
[ 2015-10-29T17:01:41+08:00 ] ERR: (ThinkException) 无法加载模块:Favicon
[ 2015-10-29T17:02:23+08:00 ] ERR: (ThinkException) 表达式错误:女
[ 2015-10-29T17:02:23+08:00 ] ERR: (ThinkException) 无法加载模块:Favicon
[ 2015-10-29T17:02:26+08:00 ] ERR: (ThinkException) 表达式错误:女
[ 2015-10-29T17:02:26+08:00 ] ERR: (ThinkException) 无法加载模块:Favicon
[ 2015-10-29T17:02:27+08:00 ] ERR: (ThinkException) 表达式错误:女
[ 2015-10-29T17:02:27+08:00 ] ERR: (ThinkException) 无法加载模块:Favicon
[ 2015-10-29T17:03:20+08:00 ] ERR: (ThinkException) 无法加载模块:Favicon
[ 2015-10-29T17:03:24+08:00 ] ERR: (ThinkException) 无法加载模块:Favicon
[ 2015-10-29T17:03:27+08:00 ] ERR: (ThinkException) 无法加载模块:Favicon
[ 2015-10-29T17:03:39+08:00 ] ERR: (ThinkException) 无法加载模块:Favicon
[ 2015-10-29T17:03:46+08:00 ] ERR: (ThinkException) 无法加载模块:Favicon
[ 2015-10-29T17:05:30+08:00 ] ERR: (ThinkException) 表达式错误:女
[ 2015-10-29T17:05:31+08:00 ] ERR: (ThinkException) 无法加载模块:Favicon
[ 2015-10-29T17:06:05+08:00 ] ERR: (ThinkException) 表达式错误:女
[ 2015-10-29T17:06:05+08:00 ] ERR: (ThinkException) 无法加载模块:Favicon
[ 2015-10-29T17:06:10+08:00 ] ERR: (ThinkException) 无法加载模块:Favicon
[ 2015-10-29T17:06:13+08:00 ] ERR: (ThinkException) 表达式错误:女
[ 2015-10-29T17:06:14+08:00 ] ERR: (ThinkException) 无法加载模块:Favicon
[ 2015-10-29T17:06:58+08:00 ] ERR: (ThinkException) 表达式错误:女
[ 2015-10-29T17:06:58+08:00 ] ERR: (ThinkException) 无法加载模块:Favicon
[ 2015-10-29T17:07:25+08:00 ] ERR: (ThinkException) 表达式错误:女
[ 2015-10-29T17:07:26+08:00 ] ERR: (ThinkException) 无法加载模块:Favicon
[ 2015-10-29T17:07:27+08:00 ] ERR: (ThinkException) 表达式错误:女
[ 2015-10-29T17:07:27+08:00 ] ERR: (ThinkException) 无法加载模块:Favicon
[ 2015-10-29T17:07:28+08:00 ] ERR: (ThinkException) 表达式错误:女
[ 2015-10-29T17:07:28+08:00 ] ERR: (ThinkException) 无法加载模块:Favicon
[ 2015-10-29T17:07:40+08:00 ] ERR: (ThinkException) 表达式错误:女
[ 2015-10-29T17:07:40+08:00 ] ERR: (ThinkException) 无法加载模块:Favicon
[ 2015-10-29T17:10:26+08:00 ] ERR: (ThinkException) 表达式错误:女
[ 2015-10-29T17:10:26+08:00 ] ERR: (ThinkException) 无法加载模块:Favicon
[ 2015-10-29T17:10:28+08:00 ] ERR: (ThinkException) 表达式错误:女
[ 2015-10-29T17:10:28+08:00 ] ERR: (ThinkException) 无法加载模块:Favicon
[ 2015-10-29T17:10:29+08:00 ] ERR: (ThinkException) 表达式错误:女
[ 2015-10-29T17:10:29+08:00 ] ERR: (ThinkException) 无法加载模块:Favicon
[ 2015-10-29T17:12:38+08:00 ] ERR: (ThinkException) 表达式错误:女
[ 2015-10-29T17:12:38+08:00 ] ERR: (ThinkException) 无法加载模块:Favicon
[ 2015-10-29T17:12:40+08:00 ] ERR: (ThinkException) 表达式错误:女
[ 2015-10-29T17:12:40+08:00 ] ERR: (ThinkException) 无法加载模块:Favicon
[ 2015-10-29T17:13:04+08:00 ] ERR: (ThinkException) 表达式错误:女
[ 2015-10-29T17:13:05+08:00 ] ERR: (ThinkException) 无法加载模块:Favicon
[ 2015-10-29T17:13:16+08:00 ] ERR: (ThinkException) 表达式错误:女
[ 2015-10-29T17:13:16+08:00 ] ERR: (ThinkException) 无法加载模块:Favicon
[ 2015-10-29T17:13:17+08:00 ] ERR: (ThinkException) 表达式错误:女
[ 2015-10-29T17:13:18+08:00 ] ERR: (ThinkException) 无法加载模块:Favicon
[ 2015-10-29T17:13:25+08:00 ] ERR: (ThinkException) 表达式错误:女
[ 2015-10-29T17:13:25+08:00 ] ERR: (ThinkException) 无法加载模块:Favicon
[ 2015-10-29T17:13:26+08:00 ] ERR: (ThinkException) 表达式错误:女
[ 2015-10-29T17:13:26+08:00 ] ERR: (ThinkException) 无法加载模块:Favicon
[ 2015-10-29T17:13:26+08:00 ] ERR: (ThinkException) 表达式错误:女
[ 2015-10-29T17:13:26+08:00 ] ERR: (ThinkException) 无法加载模块:Favicon
[ 2015-10-29T17:13:26+08:00 ] ERR: (ThinkException) 表达式错误:女
[ 2015-10-29T17:13:26+08:00 ] ERR: (ThinkException) 无法加载模块:Favicon
[ 2015-10-29T17:13:26+08:00 ] ERR: (ThinkException) 表达式错误:女
[ 2015-10-29T17:13:27+08:00 ] ERR: (ThinkException) 无法加载模块:Favicon
[ 2015-10-29T17:13:27+08:00 ] ERR: (ThinkException) 表达式错误:女
[ 2015-10-29T17:13:27+08:00 ] ERR: (ThinkException) 无法加载模块:Favicon
[ 2015-10-29T17:13:27+08:00 ] ERR: (ThinkException) 表达式错误:女
[ 2015-10-29T17:13:27+08:00 ] ERR: (ThinkException) 无法加载模块:Favicon
[ 2015-10-29T17:13:27+08:00 ] ERR: (ThinkException) 表达式错误:女
[ 2015-10-29T17:13:27+08:00 ] ERR: (ThinkException) 无法加载模块:Favicon
[ 2015-10-29T17:13:47+08:00 ] ERR: (ThinkException) 表达式错误:女
[ 2015-10-29T17:13:47+08:00 ] ERR: (ThinkException) 无法加载模块:Favicon
[ 2015-10-29T17:14:22+08:00 ] ERR: (ThinkException) 表达式错误:女
[ 2015-10-29T17:14:22+08:00 ] ERR: (ThinkException) 无法加载模块:Favicon
[ 2015-10-29T17:18:19+08:00 ] ERR: (ThinkException) 表达式错误:女
[ 2015-10-29T17:18:19+08:00 ] ERR: (ThinkException) 无法加载模块:Favicon
[ 2015-10-29T17:18:38+08:00 ] ERR: (ThinkException) 表达式错误:女
[ 2015-10-29T17:18:38+08:00 ] ERR: (ThinkException) 无法加载模块:Favicon
[ 2015-10-29T17:18:58+08:00 ] ERR: (ThinkException) 表达式错误:女
[ 2015-10-29T17:18:59+08:00 ] ERR: (ThinkException) 无法加载模块:Favicon
[ 2015-10-29T17:19:08+08:00 ] ERR: (ThinkException) 无法加载模块:Favicon
[ 2015-10-29T17:19:14+08:00 ] ERR: (ThinkException) 表达式错误:男
[ 2015-10-29T17:19:15+08:00 ] ERR: (ThinkException) 无法加载模块:Favicon
[ 2015-10-29T17:20:46+08:00 ] ERR: [4] syntax error, unexpected '}', expecting ',' or ';' D:\wamp\www\yinxing_pm\Lib\Model\UserRecommendsModel.class.php 第 156 行.
[ 2015-10-29T17:20:46+08:00 ] ERR: (ThinkException) 无法加载模块:Favicon
[ 2015-10-29T17:20:56+08:00 ] ERR: (ThinkException) 表达式错误:男
[ 2015-10-29T17:20:56+08:00 ] ERR: (ThinkException) 无法加载模块:Favicon
[ 2015-10-29T17:23:00+08:00 ] ERR: [1] Call to undefined function _getQueryStrByFilter() D:\wamp\www\yinxing_pm\Lib\Model\UserRecommendsModel.class.php 第 252 行.
[ 2015-10-29T17:23:00+08:00 ] ERR: (ThinkException) 无法加载模块:Favicon
[ 2015-10-29T17:23:09+08:00 ] ERR: (ThinkException) 表达式错误:男
[ 2015-10-29T17:23:09+08:00 ] ERR: (ThinkException) 无法加载模块:Favicon
[ 2015-10-29T17:24:30+08:00 ] ERR: (ThinkException) 表达式错误:男
[ 2015-10-29T17:24:30+08:00 ] ERR: (ThinkException) 无法加载模块:Favicon
[ 2015-10-29T17:24:32+08:00 ] ERR: (ThinkException) 表达式错误:男
[ 2015-10-29T17:24:32+08:00 ] ERR: (ThinkException) 无法加载模块:Favicon
[ 2015-10-29T17:25:09+08:00 ] ERR: (ThinkException) 表达式错误:男
[ 2015-10-29T17:25:09+08:00 ] ERR: (ThinkException) 无法加载模块:Favicon
[ 2015-10-29T17:25:46+08:00 ] ERR: (ThinkException) 表达式错误:男
[ 2015-10-29T17:25:47+08:00 ] ERR: (ThinkException) 无法加载模块:Favicon
[ 2015-10-29T17:28:34+08:00 ] ERR: (ThinkException) 表达式错误:男
[ 2015-10-29T17:28:34+08:00 ] ERR: (ThinkException) 无法加载模块:Favicon
[ 2015-10-29T17:29:20+08:00 ] ERR: (ThinkException) 表达式错误:山东
[ 2015-10-29T17:29:21+08:00 ] ERR: (ThinkException) 无法加载模块:Favicon
[ 2015-10-29T17:30:58+08:00 ] ERR: (ThinkException) 无法加载模块:Favicon
[ 2015-10-29T17:31:38+08:00 ] ERR: (ThinkException) 无法加载模块:Favicon
[ 2015-10-29T17:31:47+08:00 ] ERR: (ThinkException) 无法加载模块:Favicon
[ 2015-10-29T17:31:55+08:00 ] ERR: (ThinkException) 无法加载模块:Favicon
[ 2015-10-29T17:32:03+08:00 ] ERR: (ThinkException) 无法加载模块:Favicon
[ 2015-10-29T17:32:25+08:00 ] ERR: (ThinkException) 无法加载模块:Favicon
[ 2015-10-29T17:32:58+08:00 ] ERR: (ThinkException) 无法加载模块:Favicon
[ 2015-10-29T17:33:07+08:00 ] ERR: (ThinkException) 无法加载模块:Favicon
[ 2015-10-29T17:33:28+08:00 ] ERR: (ThinkException) 无法加载模块:Favicon
[ 2015-10-29T17:33:37+08:00 ] ERR: (ThinkException) 无法加载模块:Favicon
[ 2015-10-29T17:33:45+08:00 ] ERR: (ThinkException) 无法加载模块:Favicon
[ 2015-10-29T17:33:59+08:00 ] ERR: (ThinkException) 无法加载模块:Favicon
[ 2015-10-29T17:34:03+08:00 ] ERR: (ThinkException) 无法加载模块:Favicon
[ 2015-10-29T17:34:25+08:00 ] ERR: (ThinkException) 无法加载模块:Favicon
[ 2015-10-29T17:36:50+08:00 ] ERR: (ThinkException) 无法加载模块:Favicon
[ 2015-10-29T17:36:55+08:00 ] ERR: (ThinkException) 无法加载模块:Favicon
[ 2015-10-29T17:38:44+08:00 ] ERR: (ThinkException) 无法加载模块:Favicon
[ 2015-10-29T17:39:04+08:00 ] ERR: (ThinkException) 无法加载模块:Favicon
[ 2015-10-29T17:39:07+08:00 ] ERR: (ThinkException) 无法加载模块:Favicon
[ 2015-10-29T17:39:10+08:00 ] ERR: (ThinkException) 无法加载模块:Favicon
[ 2015-10-29T17:39:14+08:00 ] ERR: (ThinkException) 无法加载模块:Favicon
[ 2015-10-29T17:39:18+08:00 ] ERR: (ThinkException) 无法加载模块:Favicon
[ 2015-10-29T17:39:22+08:00 ] ERR: (ThinkException) 无法加载模块:Favicon
[ 2015-10-29T17:39:25+08:00 ] ERR: (ThinkException) 无法加载模块:Favicon
[ 2015-10-29T17:39:38+08:00 ] ERR: (ThinkException) 无法加载模块:Favicon
[ 2015-10-29T17:39:40+08:00 ] ERR: (ThinkException) 无法加载模块:Favicon
[ 2015-10-29T17:39:50+08:00 ] ERR: (ThinkException) 无法加载模块:Favicon
[ 2015-10-29T17:40:01+08:00 ] ERR: (ThinkException) 无法加载模块:Favicon
[ 2015-10-29T17:40:07+08:00 ] ERR: (ThinkException) 无法加载模块:Favicon
[ 2015-10-29T17:40:12+08:00 ] ERR: (ThinkException) 无法加载模块:Favicon
[ 2015-10-29T17:40:31+08:00 ] ERR: (ThinkException) 无法加载模块:Favicon
[ 2015-10-29T17:40:34+08:00 ] ERR: (ThinkException) 无法加载模块:Favicon
[ 2015-10-29T17:40:38+08:00 ] ERR: (ThinkException) 无法加载模块:Favicon
[ 2015-10-29T17:40:48+08:00 ] ERR: (ThinkException) 无法加载模块:Favicon
[ 2015-10-29T17:40:56+08:00 ] ERR: (ThinkException) 无法加载模块:Favicon
[ 2015-10-29T17:41:00+08:00 ] ERR: (ThinkException) 无法加载模块:Favicon
[ 2015-10-29T17:41:09+08:00 ] ERR: (ThinkException) 无法加载模块:Favicon
[ 2015-10-29T17:41:14+08:00 ] ERR: (ThinkException) 无法加载模块:Favicon
[ 2015-10-29T17:41:18+08:00 ] ERR: (ThinkException) 无法加载模块:Favicon
[ 2015-10-29T17:42:19+08:00 ] ERR: (ThinkException) 无法加载模块:Favicon
[ 2015-10-29T17:42:23+08:00 ] ERR: (ThinkException) 无法加载模块:Favicon
[ 2015-10-29T17:42:26+08:00 ] ERR: (ThinkException) 无法加载模块:Favicon
[ 2015-10-29T17:42:31+08:00 ] ERR: (ThinkException) 无法加载模块:Favicon
[ 2015-10-29T17:42:42+08:00 ] ERR: (ThinkException) 无法加载模块:Favicon
[ 2015-10-29T17:45:44+08:00 ] ERR: (ThinkException) 无法加载模块:Favicon
[ 2015-10-29T17:47:00+08:00 ] ERR: (ThinkException) 无法加载模块:Favicon
[ 2015-10-29T17:47:07+08:00 ] ERR: (ThinkException) 无法加载模块:Favicon
[ 2015-10-29T17:48:30+08:00 ] ERR: (ThinkException) 无法加载模块:Favicon
[ 2015-10-29T17:48:54+08:00 ] ERR: (ThinkException) 无法加载模块:Favicon
[ 2015-10-29T17:49:01+08:00 ] ERR: (ThinkException) 无法加载模块:Favicon
[ 2015-10-29T17:49:05+08:00 ] ERR: (ThinkException) 无法加载模块:Favicon
[ 2015-10-29T17:49:24+08:00 ] ERR: (ThinkException) 无法加载模块:Favicon
[ 2015-10-29T17:49:29+08:00 ] ERR: (ThinkException) 无法加载模块:Favicon
[ 2015-10-29T17:49:57+08:00 ] ERR: (ThinkException) 无法加载模块:Favicon
[ 2015-10-29T17:50:09+08:00 ] ERR: (ThinkException) 无法加载模块:Favicon
[ 2015-10-29T17:51:15+08:00 ] ERR: (ThinkException) 无法加载模块:Favicon
[ 2015-10-29T17:51:19+08:00 ] ERR: (ThinkException) 无法加载模块:Favicon
[ 2015-10-29T17:51:29+08:00 ] ERR: (ThinkException) 无法加载模块:Favicon
[ 2015-10-29T17:51:52+08:00 ] ERR: (ThinkException) 无法加载模块:Favicon
[ 2015-10-29T17:51:58+08:00 ] ERR: (ThinkException) 无法加载模块:Favicon
[ 2015-10-29T17:52:30+08:00 ] ERR: (ThinkException) 无法加载模块:Favicon
[ 2015-10-29T17:54:16+08:00 ] ERR: (ThinkException) 无法加载模块:Favicon
[ 2015-10-29T17:54:24+08:00 ] ERR: (ThinkException) 无法加载模块:Favicon
[ 2015-10-29T17:58:24+08:00 ] ERR: [4] syntax error, unexpected 'partner' (T_STRING) D:\wamp\www\yinxing_pm\Runtime\Cache\Frontend\ba9582ea9bbf70b9788a620070916bdc.php 第 95 行.
[ 2015-10-29T17:58:24+08:00 ] ERR: (ThinkException) 无法加载模块:Favicon
[ 2015-10-29T17:59:54+08:00 ] ERR: [4] syntax error, unexpected 'chosen' (T_STRING) D:\wamp\www\yinxing_pm\Runtime\Cache\Frontend\ba9582ea9bbf70b9788a620070916bdc.php 第 96 行.
[ 2015-10-29T17:59:54+08:00 ] ERR: (ThinkException) 无法加载模块:Favicon
[ 2015-10-29T17:59:55+08:00 ] ERR: [4] syntax error, unexpected 'chosen' (T_STRING) D:\wamp\www\yinxing_pm\Runtime\Cache\Frontend\ba9582ea9bbf70b9788a620070916bdc.php 第 96 行.
[ 2015-10-29T17:59:55+08:00 ] ERR: (ThinkException) 无法加载模块:Favicon
[ 2015-10-29T18:08:39+08:00 ] ERR: (ThinkException) 无法加载模块:Favicon
[ 2015-10-29T18:12:18+08:00 ] ERR: (ThinkException) 无法加载模块:Favicon
[ 2015-10-29T18:15:57+08:00 ] ERR: (ThinkException) 无法加载模块:Favicon
[ 2015-10-29T18:16:06+08:00 ] ERR: (ThinkException) 无法加载模块:Favicon
[ 2015-10-29T18:16:12+08:00 ] ERR: (ThinkException) 无法加载模块:Favicon
[ 2015-10-29T18:16:15+08:00 ] ERR: (ThinkException) 无法加载模块:Favicon
[ 2015-10-29T18:16:17+08:00 ] ERR: (ThinkException) 无法加载模块:Favicon
[ 2015-10-29T18:16:34+08:00 ] ERR: (ThinkException) 无法加载模块:Favicon
[ 2015-10-29T18:17:27+08:00 ] ERR: (ThinkException) 无法加载模块:Favicon
[ 2015-10-29T18:18:29+08:00 ] ERR: (ThinkException) 无法加载模块:Favicon
[ 2015-10-29T18:18:34+08:00 ] ERR: (ThinkException) 无法加载模块:Favicon
[ 2015-10-29T18:18:38+08:00 ] ERR: (ThinkException) 无法加载模块:Favicon
[ 2015-10-29T18:18:45+08:00 ] ERR: (ThinkException) 无法加载模块:Favicon
[ 2015-10-29T18:19:24+08:00 ] ERR: (ThinkException) 无法加载模块:Favicon
[ 2015-10-29T18:19:27+08:00 ] ERR: (ThinkException) 无法加载模块:Favicon
[ 2015-10-29T18:19:29+08:00 ] ERR: (ThinkException) 无法加载模块:Favicon
[ 2015-10-29T18:19:49+08:00 ] ERR: (ThinkException) 无法加载模块:Favicon
[ 2015-10-29T18:19:52+08:00 ] ERR: (ThinkException) 无法加载模块:Favicon
[ 2015-10-29T18:20:14+08:00 ] ERR: (ThinkException) 无法加载模块:Favicon
[ 2015-10-29T18:20:33+08:00 ] ERR: (ThinkException) 无法加载模块:Favicon
[ 2015-10-29T18:21:38+08:00 ] ERR: (ThinkException) 无法加载模块:Favicon
[ 2015-10-29T18:21:41+08:00 ] ERR: (ThinkException) 无法加载模块:Favicon
[ 2015-10-29T18:22:16+08:00 ] ERR: (ThinkException) 无法加载模块:Favicon
[ 2015-10-29T18:23:02+08:00 ] ERR: (ThinkException) 无法加载模块:Favicon
[ 2015-10-29T18:24:39+08:00 ] ERR: (ThinkException) 无法加载模块:Favicon
[ 2015-10-29T18:24:50+08:00 ] ERR: (ThinkException) 无法加载模块:Favicon
[ 2015-10-29T18:24:51+08:00 ] ERR: (ThinkException) 无法加载模块:Favicon
[ 2015-10-29T18:25:01+08:00 ] ERR: (ThinkException) 无法加载模块:Favicon
[ 2015-10-29T18:25:59+08:00 ] ERR: (ThinkException) 无法加载模块:Favicon
[ 2015-10-29T18:27:18+08:00 ] ERR: (ThinkException) 无法加载模块:Favicon
[ 2015-10-29T18:27:35+08:00 ] ERR: (ThinkException) 无法加载模块:Favicon
[ 2015-10-29T18:28:51+08:00 ] ERR: (ThinkException) 无法加载模块:Favicon
[ 2015-10-29T18:29:23+08:00 ] ERR: (ThinkException) 无法加载模块:Favicon
[ 2015-10-29T18:29:29+08:00 ] ERR: (ThinkException) 无法加载模块:Favicon
[ 2015-10-29T18:29:50+08:00 ] ERR: (ThinkException) 无法加载模块:Favicon
[ 2015-10-29T18:29:55+08:00 ] ERR: (ThinkException) 无法加载模块:Favicon
[ 2015-10-29T18:29:59+08:00 ] ERR: (ThinkException) 无法加载模块:Favicon
[ 2015-10-29T18:34:24+08:00 ] ERR: (ThinkException) 无法加载模块:Favicon
[ 2015-10-29T18:35:21+08:00 ] ERR: (ThinkException) 无法加载模块:Favicon
[ 2015-10-29T18:37:11+08:00 ] ERR: (ThinkException) 无法加载模块:Favicon
[ 2015-10-29T18:37:24+08:00 ] ERR: (ThinkException) 无法加载模块:Favicon
[ 2015-10-29T18:38:10+08:00 ] ERR: (ThinkException) 无法加载模块:Favicon
[ 2015-10-29T18:38:24+08:00 ] ERR: (ThinkException) 无法加载模块:Favicon
[ 2015-10-29T18:39:17+08:00 ] ERR: (ThinkException) 无法加载模块:Favicon
[ 2015-10-29T18:39:32+08:00 ] ERR: (ThinkException) 无法加载模块:Favicon
[ 2015-10-29T18:51:01+08:00 ] ERR: (ThinkException) 无法加载模块:Favicon
[ 2015-10-29T18:51:26+08:00 ] ERR: (ThinkException) 无法加载模块:Favicon
[ 2015-10-29T18:51:41+08:00 ] ERR: (ThinkException) 无法加载模块:Favicon
[ 2015-10-29T18:52:27+08:00 ] ERR: (ThinkException) 无法加载模块:Favicon
[ 2015-10-29T18:53:37+08:00 ] ERR: (ThinkException) 无法加载模块:Favicon
[ 2015-10-29T18:53:52+08:00 ] ERR: (ThinkException) 无法加载模块:Favicon
[ 2015-10-29T18:55:22+08:00 ] ERR: (ThinkException) 无法加载模块:Favicon
[ 2015-10-29T18:58:29+08:00 ] ERR: (ThinkException) 无法加载模块:Favicon
[ 2015-10-29T19:00:02+08:00 ] ERR: (ThinkException) 无法加载模块:Favicon
[ 2015-10-29T19:01:55+08:00 ] ERR: (ThinkException) 无法加载模块:Favicon
[ 2015-10-29T19:02:02+08:00 ] ERR: (ThinkException) 无法加载模块:Favicon
[ 2015-10-29T19:02:42+08:00 ] ERR: (ThinkException) 无法加载模块:Uploads
[ 2015-10-29T19:02:50+08:00 ] 127.0.0.1 /user/ajax_save_content_block_toggle?block=_recommend_content&id=4
INFO: [ app_begin ] --START--
INFO: Run ReadHtmlCache Behavior [ RunTime:0.001482s ]
INFO: Run CheckLang Behavior [ RunTime:0.004070s ]
INFO: [ app_begin ] --END-- [ RunTime:0.005930s ]
NOTIC: [2048] Declaration of UserAction::success() should be compatible with Action::success($message, $jumpUrl = '', $ajax = false) D:\wamp\www\yinxing_pm\Lib\Action\Frontend\UserAction.class.php 第 2 行.
NOTIC: [8192] mysql_connect(): The mysql extension is deprecated and will be removed in the future: use mysqli or PDO instead D:\wamp\www\thinkphp\Lib\Driver\Db\DbMysql.class.php 第 56 行.
SQL: SHOW COLUMNS FROM `options` [ RunTime:0.007016s ]
NOTIC: [8192] preg_replace(): The /e modifier is deprecated, use preg_replace_callback instead D:\wamp\www\thinkphp\Lib\Core\Db.class.php 第 569 行.
SQL: SELECT * FROM `options` WHERE autoload="Y"  [ RunTime:0.000884s ]
SQL: SHOW COLUMNS FROM `custom_columns` [ RunTime:0.006917s ]
NOTIC: [8] Use of undefined constant A - assumed 'A' D:\wamp\www\yinxing_pm\Lib\Model\CustomColumnsModel.class.php 第 110 行.
NOTIC: [8] Use of undefined constant D - assumed 'D' D:\wamp\www\yinxing_pm\Lib\Model\CustomColumnsModel.class.php 第 110 行.
NOTIC: [8192] preg_replace(): The /e modifier is deprecated, use preg_replace_callback instead D:\wamp\www\thinkphp\Lib\Core\Db.class.php 第 569 行.
SQL: SELECT `option_value` FROM `options` WHERE option_name = 'user_classifies' LIMIT 1   [ RunTime:0.000604s ]
NOTIC: [8] Use of undefined constant A - assumed 'A' D:\wamp\www\yinxing_pm\Lib\Model\CustomColumnsModel.class.php 第 151 行.
NOTIC: [8] Use of undefined constant D - assumed 'D' D:\wamp\www\yinxing_pm\Lib\Model\CustomColumnsModel.class.php 第 151 行.
SQL: SHOW COLUMNS FROM `custom_list_views` [ RunTime:0.005405s ]
SQL: SHOW COLUMNS FROM `user_recommends` [ RunTime:0.007212s ]
NOTIC: [2] Missing argument 1 for UserRecommendsModel::_buildFilter(), called in D:\wamp\www\yinxing_pm\Lib\Model\UserRecommendsModel.class.php on line 111 and defined D:\wamp\www\yinxing_pm\Lib\Model\UserRecommendsModel.class.php 第 37 行.
NOTIC: [8] Undefined index: status D:\wamp\www\yinxing_pm\Lib\Model\UserRecommendsModel.class.php 第 40 行.
NOTIC: [8192] preg_replace(): The /e modifier is deprecated, use preg_replace_callback instead D:\wamp\www\thinkphp\Lib\Core\Db.class.php 第 569 行.
SQL: SELECT `status`,count(*) count FROM `user_recommends` WHERE ( `status` > 1 ) GROUP BY status  [ RunTime:0.000786s ]
SQL: SHOW COLUMNS FROM `user_statuses` [ RunTime:0.006761s ]
NOTIC: [8192] preg_replace(): The /e modifier is deprecated, use preg_replace_callback instead D:\wamp\www\thinkphp\Lib\Core\Db.class.php 第 569 行.
SQL: SELECT `id`,`name` FROM `user_statuses` WHERE ( `id` > 21 )  [ RunTime:0.000574s ]
NOTIC: [8] Undefined offset: 90 D:\wamp\www\yinxing_pm\Lib\Action\Frontend\UserAction.class.php 第 19 行.
NOTIC: [8192] preg_replace(): The /e modifier is deprecated, use preg_replace_callback instead D:\wamp\www\thinkphp\Lib\Core\Db.class.php 第 569 行.
SQL: SELECT `option_value` FROM `options` WHERE option_name = 'user_classifies' LIMIT 1   [ RunTime:0.000618s ]
SQL: SHOW COLUMNS FROM `user_recommends` [ RunTime:0.007028s ]
NOTIC: [8192] preg_replace(): The /e modifier is deprecated, use preg_replace_callback instead D:\wamp\www\thinkphp\Lib\Core\Db.class.php 第 569 行.
SQL: SELECT `pm_display_toggle` FROM `user_recommends` WHERE id=4 LIMIT 1   [ RunTime:0.000456s ]
SQL: UPDATE `user_recommends` SET `pm_display_toggle`='a:4:{s:16:\"_summary_content\";i:1;s:17:\"_detail_content_2\";i:1;s:17:\"_detail_content_3\";i:1;s:18:\"_recommend_content\";i:0;}' WHERE ( `id` = 4 ) [ RunTime:0.028819s ]

[ 2015-10-29T19:02:51+08:00 ] 127.0.0.1 /user/ajax_save_content_block_toggle?block=_recommend_content&id=4
INFO: [ app_begin ] --START--
INFO: Run ReadHtmlCache Behavior [ RunTime:0.001043s ]
INFO: Run CheckLang Behavior [ RunTime:0.003219s ]
INFO: [ app_begin ] --END-- [ RunTime:0.004581s ]
NOTIC: [2048] Declaration of UserAction::success() should be compatible with Action::success($message, $jumpUrl = '', $ajax = false) D:\wamp\www\yinxing_pm\Lib\Action\Frontend\UserAction.class.php 第 2 行.
NOTIC: [8192] mysql_connect(): The mysql extension is deprecated and will be removed in the future: use mysqli or PDO instead D:\wamp\www\thinkphp\Lib\Driver\Db\DbMysql.class.php 第 56 行.
SQL: SHOW COLUMNS FROM `options` [ RunTime:0.006073s ]
NOTIC: [8192] preg_replace(): The /e modifier is deprecated, use preg_replace_callback instead D:\wamp\www\thinkphp\Lib\Core\Db.class.php 第 569 行.
SQL: SELECT * FROM `options` WHERE autoload="Y"  [ RunTime:0.000893s ]
SQL: SHOW COLUMNS FROM `custom_columns` [ RunTime:0.007610s ]
NOTIC: [8] Use of undefined constant A - assumed 'A' D:\wamp\www\yinxing_pm\Lib\Model\CustomColumnsModel.class.php 第 110 行.
NOTIC: [8] Use of undefined constant D - assumed 'D' D:\wamp\www\yinxing_pm\Lib\Model\CustomColumnsModel.class.php 第 110 行.
NOTIC: [8192] preg_replace(): The /e modifier is deprecated, use preg_replace_callback instead D:\wamp\www\thinkphp\Lib\Core\Db.class.php 第 569 行.
SQL: SELECT `option_value` FROM `options` WHERE option_name = 'user_classifies' LIMIT 1   [ RunTime:0.000600s ]
NOTIC: [8] Use of undefined constant A - assumed 'A' D:\wamp\www\yinxing_pm\Lib\Model\CustomColumnsModel.class.php 第 151 行.
NOTIC: [8] Use of undefined constant D - assumed 'D' D:\wamp\www\yinxing_pm\Lib\Model\CustomColumnsModel.class.php 第 151 行.
SQL: SHOW COLUMNS FROM `custom_list_views` [ RunTime:0.005295s ]
SQL: SHOW COLUMNS FROM `user_recommends` [ RunTime:0.006485s ]
NOTIC: [2] Missing argument 1 for UserRecommendsModel::_buildFilter(), called in D:\wamp\www\yinxing_pm\Lib\Model\UserRecommendsModel.class.php on line 111 and defined D:\wamp\www\yinxing_pm\Lib\Model\UserRecommendsModel.class.php 第 37 行.
NOTIC: [8] Undefined index: status D:\wamp\www\yinxing_pm\Lib\Model\UserRecommendsModel.class.php 第 40 行.
NOTIC: [8192] preg_replace(): The /e modifier is deprecated, use preg_replace_callback instead D:\wamp\www\thinkphp\Lib\Core\Db.class.php 第 569 行.
SQL: SELECT `status`,count(*) count FROM `user_recommends` WHERE ( `status` > 1 ) GROUP BY status  [ RunTime:0.009239s ]
SQL: SHOW COLUMNS FROM `user_statuses` [ RunTime:0.006945s ]
NOTIC: [8192] preg_replace(): The /e modifier is deprecated, use preg_replace_callback instead D:\wamp\www\thinkphp\Lib\Core\Db.class.php 第 569 行.
SQL: SELECT `id`,`name` FROM `user_statuses` WHERE ( `id` > 21 )  [ RunTime:0.000518s ]
NOTIC: [8] Undefined offset: 90 D:\wamp\www\yinxing_pm\Lib\Action\Frontend\UserAction.class.php 第 19 行.
NOTIC: [8192] preg_replace(): The /e modifier is deprecated, use preg_replace_callback instead D:\wamp\www\thinkphp\Lib\Core\Db.class.php 第 569 行.
SQL: SELECT `option_value` FROM `options` WHERE option_name = 'user_classifies' LIMIT 1   [ RunTime:0.000436s ]
SQL: SHOW COLUMNS FROM `user_recommends` [ RunTime:0.007812s ]
NOTIC: [8192] preg_replace(): The /e modifier is deprecated, use preg_replace_callback instead D:\wamp\www\thinkphp\Lib\Core\Db.class.php 第 569 行.
SQL: SELECT `pm_display_toggle` FROM `user_recommends` WHERE id=4 LIMIT 1   [ RunTime:0.000592s ]
SQL: UPDATE `user_recommends` SET `pm_display_toggle`='a:4:{s:16:\"_summary_content\";i:1;s:17:\"_detail_content_2\";i:1;s:17:\"_detail_content_3\";i:1;s:18:\"_recommend_content\";i:1;}' WHERE ( `id` = 4 ) [ RunTime:0.001510s ]

[ 2015-10-29T19:02:51+08:00 ] 127.0.0.1 /user/ajax_save_content_block_toggle?block=_recommend_content&id=4
INFO: [ app_begin ] --START--
INFO: Run ReadHtmlCache Behavior [ RunTime:0.001284s ]
INFO: Run CheckLang Behavior [ RunTime:0.003852s ]
INFO: [ app_begin ] --END-- [ RunTime:0.005575s ]
NOTIC: [2048] Declaration of UserAction::success() should be compatible with Action::success($message, $jumpUrl = '', $ajax = false) D:\wamp\www\yinxing_pm\Lib\Action\Frontend\UserAction.class.php 第 2 行.
NOTIC: [8192] mysql_connect(): The mysql extension is deprecated and will be removed in the future: use mysqli or PDO instead D:\wamp\www\thinkphp\Lib\Driver\Db\DbMysql.class.php 第 56 行.
SQL: SHOW COLUMNS FROM `options` [ RunTime:0.004446s ]
NOTIC: [8192] preg_replace(): The /e modifier is deprecated, use preg_replace_callback instead D:\wamp\www\thinkphp\Lib\Core\Db.class.php 第 569 行.
SQL: SELECT * FROM `options` WHERE autoload="Y"  [ RunTime:0.000793s ]
SQL: SHOW COLUMNS FROM `custom_columns` [ RunTime:0.006514s ]
NOTIC: [8] Use of undefined constant A - assumed 'A' D:\wamp\www\yinxing_pm\Lib\Model\CustomColumnsModel.class.php 第 110 行.
NOTIC: [8] Use of undefined constant D - assumed 'D' D:\wamp\www\yinxing_pm\Lib\Model\CustomColumnsModel.class.php 第 110 行.
NOTIC: [8192] preg_replace(): The /e modifier is deprecated, use preg_replace_callback instead D:\wamp\www\thinkphp\Lib\Core\Db.class.php 第 569 行.
SQL: SELECT `option_value` FROM `options` WHERE option_name = 'user_classifies' LIMIT 1   [ RunTime:0.000479s ]
NOTIC: [8] Use of undefined constant A - assumed 'A' D:\wamp\www\yinxing_pm\Lib\Model\CustomColumnsModel.class.php 第 151 行.
NOTIC: [8] Use of undefined constant D - assumed 'D' D:\wamp\www\yinxing_pm\Lib\Model\CustomColumnsModel.class.php 第 151 行.
SQL: SHOW COLUMNS FROM `custom_list_views` [ RunTime:0.007355s ]
SQL: SHOW COLUMNS FROM `user_recommends` [ RunTime:0.005253s ]
NOTIC: [2] Missing argument 1 for UserRecommendsModel::_buildFilter(), called in D:\wamp\www\yinxing_pm\Lib\Model\UserRecommendsModel.class.php on line 111 and defined D:\wamp\www\yinxing_pm\Lib\Model\UserRecommendsModel.class.php 第 37 行.
NOTIC: [8] Undefined index: status D:\wamp\www\yinxing_pm\Lib\Model\UserRecommendsModel.class.php 第 40 行.
NOTIC: [8192] preg_replace(): The /e modifier is deprecated, use preg_replace_callback instead D:\wamp\www\thinkphp\Lib\Core\Db.class.php 第 569 行.
SQL: SELECT `status`,count(*) count FROM `user_recommends` WHERE ( `status` > 1 ) GROUP BY status  [ RunTime:0.000841s ]
SQL: SHOW COLUMNS FROM `user_statuses` [ RunTime:0.006659s ]
NOTIC: [8192] preg_replace(): The /e modifier is deprecated, use preg_replace_callback instead D:\wamp\www\thinkphp\Lib\Core\Db.class.php 第 569 行.
SQL: SELECT `id`,`name` FROM `user_statuses` WHERE ( `id` > 21 )  [ RunTime:0.000529s ]
NOTIC: [8] Undefined offset: 90 D:\wamp\www\yinxing_pm\Lib\Action\Frontend\UserAction.class.php 第 19 行.
NOTIC: [8192] preg_replace(): The /e modifier is deprecated, use preg_replace_callback instead D:\wamp\www\thinkphp\Lib\Core\Db.class.php 第 569 行.
SQL: SELECT `option_value` FROM `options` WHERE option_name = 'user_classifies' LIMIT 1   [ RunTime:0.000582s ]
SQL: SHOW COLUMNS FROM `user_recommends` [ RunTime:0.007458s ]
NOTIC: [8192] preg_replace(): The /e modifier is deprecated, use preg_replace_callback instead D:\wamp\www\thinkphp\Lib\Core\Db.class.php 第 569 行.
SQL: SELECT `pm_display_toggle` FROM `user_recommends` WHERE id=4 LIMIT 1   [ RunTime:0.000575s ]
SQL: UPDATE `user_recommends` SET `pm_display_toggle`='a:4:{s:16:\"_summary_content\";i:1;s:17:\"_detail_content_2\";i:1;s:17:\"_detail_content_3\";i:1;s:18:\"_recommend_content\";i:0;}' WHERE ( `id` = 4 ) [ RunTime:0.000611s ]

[ 2015-10-29T19:03:01+08:00 ] ERR: (ThinkException) 无法加载模块:Uploads
[ 2015-10-29T19:03:08+08:00 ] ERR: (ThinkException) 无法加载模块:Uploads
[ 2015-10-29T19:04:23+08:00 ] ERR: (ThinkException) 无法加载模块:Favicon
[ 2015-10-29T19:04:37+08:00 ] ERR: (ThinkException) 无法加载模块:Favicon
[ 2015-10-29T19:04:48+08:00 ] ERR: (ThinkException) 无法加载模块:Favicon
[ 2015-10-29T19:09:52+08:00 ] ERR: (ThinkException) 无法加载模块:Favicon
[ 2015-10-29T19:10:03+08:00 ] ERR: (ThinkException) 无法加载模块:Favicon
[ 2015-10-29T19:11:18+08:00 ] ERR: (ThinkException) 无法加载模块:Favicon
[ 2015-10-29T19:12:04+08:00 ] ERR: (ThinkException) 无法加载模块:Favicon
[ 2015-10-29T19:12:37+08:00 ] ERR: (ThinkException) 无法加载模块:Favicon
[ 2015-10-29T19:15:47+08:00 ] ERR: (ThinkException) 无法加载模块:Favicon
[ 2015-10-29T19:15:53+08:00 ] ERR: (ThinkException) 无法加载模块:Favicon
[ 2015-10-29T20:29:02+08:00 ] ERR: (ThinkException) 无法加载模块:Favicon
[ 2015-10-29T20:29:11+08:00 ] ERR: (ThinkException) 无法加载模块:Favicon
[ 2015-10-29T20:30:01+08:00 ] ERR: (ThinkException) 无法加载模块:Favicon
[ 2015-10-29T20:30:07+08:00 ] ERR: (ThinkException) 无法加载模块:Favicon
